Using pre-set license
Built from '2022.2/staging' branch; Version is '2022.2.7f1 (8331acaee5d3) revision 8597932'; Using compiler version '192829333'; Build Type 'Release'
OS: 'Windows 10  (10.0.19045) 64bit Core' Language: 'ru' Physical Memory: 16085 MB
BatchMode: 1, IsHumanControllingUs: 0, StartBugReporterOnCrash: 0, Is64bit: 1, IsPro: 1

COMMAND LINE ARGUMENTS:
C:\Program Files\Unity\Hub\Editor\2022.2.7f1\Editor\Unity.exe
-adb2
-batchMode
-noUpm
-name
AssetImportWorker3
-projectPath
D:/Trash Project/NUIIntergration
-logFile
Logs/AssetImportWorker3.log
-srvPort
52657
Successfully changed project path to: D:/Trash Project/NUIIntergration
D:/Trash Project/NUIIntergration
[UnityMemory] Configuration Parameters - Can be set up in boot.config
    "memorysetup-bucket-allocator-granularity=16"
    "memorysetup-bucket-allocator-bucket-count=8"
    "memorysetup-bucket-allocator-block-size=33554432"
    "memorysetup-bucket-allocator-block-count=8"
    "memorysetup-main-allocator-block-size=16777216"
    "memorysetup-thread-allocator-block-size=16777216"
    "memorysetup-gfx-main-allocator-block-size=16777216"
    "memorysetup-gfx-thread-allocator-block-size=16777216"
    "memorysetup-cache-allocator-block-size=4194304"
    "memorysetup-typetree-allocator-block-size=2097152"
    "memorysetup-profiler-bucket-allocator-granularity=16"
    "memorysetup-profiler-bucket-allocator-bucket-count=8"
    "memorysetup-profiler-bucket-allocator-block-size=33554432"
    "memorysetup-profiler-bucket-allocator-block-count=8"
    "memorysetup-profiler-allocator-block-size=16777216"
    "memorysetup-profiler-editor-allocator-block-size=1048576"
    "memorysetup-temp-allocator-size-main=16777216"
    "memorysetup-job-temp-allocator-block-size=2097152"
    "memorysetup-job-temp-allocator-block-size-background=1048576"
    "memorysetup-job-temp-allocator-reduction-small-platforms=262144"
    "memorysetup-temp-allocator-size-background-worker=32768"
    "memorysetup-temp-allocator-size-job-worker=262144"
    "memorysetup-temp-allocator-size-preload-manager=33554432"
    "memorysetup-temp-allocator-size-nav-mesh-worker=65536"
    "memorysetup-temp-allocator-size-audio-worker=65536"
    "memorysetup-temp-allocator-size-cloud-worker=32768"
    "memorysetup-temp-allocator-size-gi-baking-worker=262144"
    "memorysetup-temp-allocator-size-gfx=262144"
Player connection [23180] Host "[IP] 192.168.0.103 [Port] 0 [Flags] 2 [Guid] 774577177 [EditorId] 774577177 [Version] 1048832 [Id] WindowsEditor(7,DESKTOP-M35Q0EG) [Debug] 1 [PackageName] WindowsEditor [ProjectName] Editor" joined multi-casting on [225.0.0.222:54997]...

Player connection [23180] Host "[IP] 192.168.0.103 [Port] 0 [Flags] 2 [Guid] 774577177 [EditorId] 774577177 [Version] 1048832 [Id] WindowsEditor(7,DESKTOP-M35Q0EG) [Debug] 1 [PackageName] WindowsEditor [ProjectName] Editor" joined alternative multi-casting on [225.0.0.222:34997]...

Refreshing native plugins compatible for Editor in 9.10 ms, found 4 plugins.
Preloading 1 native plugins for Editor in 0.96 ms.
Initialize engine version: 2022.2.7f1 (8331acaee5d3)
[Subsystems] Discovering subsystems at path C:/Program Files/Unity/Hub/Editor/2022.2.7f1/Editor/Data/Resources/UnitySubsystems
[Subsystems] Discovering subsystems at path D:/Trash Project/NUIIntergration/Assets
GfxDevice: creating device client; threaded=0; jobified=0
Direct3D:
    Version:  Direct3D 11.0 [level 11.1]
    Renderer: NVIDIA GeForce RTX 3070 Laptop GPU (ID=0x249d)
    Vendor:   NVIDIA
    VRAM:     8044 MB
    Driver:   30.0.15.1165
Initialize mono
Mono path[0] = 'C:/Program Files/Unity/Hub/Editor/2022.2.7f1/Editor/Data/Managed'
Mono path[1] = 'C:/Program Files/Unity/Hub/Editor/2022.2.7f1/Editor/Data/MonoBleedingEdge/lib/mono/unityjit-win32'
Mono config path = 'C:/Program Files/Unity/Hub/Editor/2022.2.7f1/Editor/Data/MonoBleedingEdge/etc'
Using monoOptions --debugger-agent=transport=dt_socket,embedding=1,server=y,suspend=n,address=127.0.0.1:56920
Begin MonoManager ReloadAssembly
Registering precompiled unity dll's ...
Register platform support module: C:/Program Files/Unity/Hub/Editor/2022.2.7f1/Editor/Data/PlaybackEngines/WindowsStandaloneSupport/UnityEditor.WindowsStandalone.Extensions.dll
Registered in 0.006056 seconds.
- Loaded All Assemblies, in  0.276 seconds
Native extension for WindowsStandalone target not found
Mono: successfully reloaded assembly
- Finished resetting the current domain, in  0.212 seconds
Domain Reload Profiling:
	ReloadAssembly (173ms)
		BeginReloadAssembly (73ms)
			ExecutionOrderSort (0ms)
			DisableScriptedObjects (0ms)
			BackupInstance (0ms)
			ReleaseScriptingObjects (0ms)
			CreateAndSetChildDomain (1ms)
		LoadAllAssembliesAndSetupDomain (0ms)
			LoadAssemblies (71ms)
			RebuildTransferFunctionScriptingTraits (0ms)
			SetupTypeCache (96ms)
				TypeCache.Initialize (95ms)
					TypeCache.ScanAssembly (93ms)
				ResolveRequiredComponents (0ms)
		FinalizeReload (0ms)
			ReleaseScriptCaches (0ms)
			RebuildScriptCaches (0ms)
			SetupLoadedEditorAssemblies (165ms)
				LogAssemblyErrors (0ms)
				InitializePlatformSupportModulesInManaged (8ms)
				SetLoadedEditorAssemblies (6ms)
				RefreshPlugins (0ms)
				BeforeProcessingInitializeOnLoad (1ms)
				ProcessInitializeOnLoadAttributes (111ms)
				ProcessInitializeOnLoadMethodAttributes (39ms)
				AfterProcessingInitializeOnLoad (0ms)
				EditorAssembliesLoaded (0ms)
			ExecutionOrderSort2 (0ms)
			AwakeInstancesAfterBackupRestoration (0ms)
========================================================================
Worker process is ready to serve import requests
Begin MonoManager ReloadAssembly
- Loaded All Assemblies, in  5.072 seconds
Refreshing native plugins compatible for Editor in 3.91 ms, found 4 plugins.
Native extension for WindowsStandalone target not found
Mono: successfully reloaded assembly
- Finished resetting the current domain, in  0.437 seconds
Domain Reload Profiling:
	ReloadAssembly (167ms)
		BeginReloadAssembly (94ms)
			ExecutionOrderSort (0ms)
			DisableScriptedObjects (4ms)
			BackupInstance (0ms)
			ReleaseScriptingObjects (0ms)
			CreateAndSetChildDomain (18ms)
		LoadAllAssembliesAndSetupDomain (4904ms)
			LoadAssemblies (4432ms)
			RebuildTransferFunctionScriptingTraits (0ms)
			SetupTypeCache (510ms)
				TypeCache.Initialize (266ms)
					TypeCache.ScanAssembly (261ms)
				ResolveRequiredComponents (4ms)
		FinalizeReload (0ms)
			ReleaseScriptCaches (0ms)
			RebuildScriptCaches (0ms)
			SetupLoadedEditorAssemblies (315ms)
				LogAssemblyErrors (0ms)
				InitializePlatformSupportModulesInManaged (6ms)
				SetLoadedEditorAssemblies (3ms)
				RefreshPlugins (0ms)
				BeforeProcessingInitializeOnLoad (47ms)
				ProcessInitializeOnLoadAttributes (234ms)
				ProcessInitializeOnLoadMethodAttributes (19ms)
				AfterProcessingInitializeOnLoad (7ms)
				EditorAssembliesLoaded (0ms)
			ExecutionOrderSort2 (0ms)
			AwakeInstancesAfterBackupRestoration (4ms)
Launched and connected shader compiler UnityShaderCompiler.exe after 0.03 seconds
Refreshing native plugins compatible for Editor in 6.52 ms, found 4 plugins.
Preloading 1 native plugins for Editor in 0.04 ms.
Unloading 4366 Unused Serialized files (Serialized files now loaded: 0)
Unloading 40 unused Assets / (74.0 KB). Loaded Objects now: 4817.
Memory consumption went from 0.65 GB to 0.65 GB.
Total: 2.951300 ms (FindLiveObjects: 0.347000 ms CreateObjectMapping: 0.160600 ms MarkObjects: 2.319800 ms  DeleteObjects: 0.123200 ms)

AssetImportParameters requested are different than current active one (requested -> active):
  custom:container-demuxer-ogg: 62fdf1f143b41e24485cea50d1cbac27 -> 
  custom:video-decoder-ogg-theora: a1e56fd34408186e4bbccfd4996cb3dc -> 
  custom:framework-win-MediaFoundation: 216162199b28c13a410421893ffa2e32 -> 
  custom:container-demuxer-webm: 4f35f7cbe854078d1ac9338744f61a02 -> 
  custom:container-muxer-webm: aa71ff27fc2769a1b78a27578f13a17b -> 
  custom:video-decoder-webm-vp8: 9c59270c3fd7afecdb556c50c9e8de78 -> 
  custom:AudioImporter_EditorPlatform: d09bf68614088b80899f8185d706f6e7 -> 
  custom:video-encoder-webm-vp8: eb34c28f22e8b96e1ab97ce403110664 -> 
  custom:audio-decoder-ogg-vorbis: bf7c407c2cedff20999df2af8eb42d56 -> 
  custom:audio-encoder-webm-vorbis: bf7c407c2cedff20999df2af8eb42d56 -> 
  custom:scripting/monoscript/filePath//Library/PackageCache/com.cysharp.unitask@2.3.3/Runtime/Linq/Distinct.cs:  -> 5e129a52608008db261a7267b9274d7e
  custom:scripting/monoscript/filePath//Library/PackageCache/com.cysharp.unitask@2.3.3/Runtime/UniTask.Factory.cs:  -> c251f23b535fd4ce1368383fe3493002
  custom:scripting/monoscript/filePath//Library/PackageCache/com.cysharp.unitask@2.3.3/Runtime/CancellationTokenEqualityComparer.cs:  -> eaf9fb82fea733363e2e5cf9fa66bdd3
  custom:scripting/monoscript/filePath//Library/PackageCache/com.cysharp.unitask@2.3.3/Runtime/ExceptionExtensions.cs:  -> 7b81db5ecb9297bf18a2cb3010374468
  custom:scripting/monoscript/filePath//Library/PackageCache/com.cysharp.unitask@2.3.3/Runtime/Linq/Queue.cs:  -> 5e129a52608008db261a7267b9274d7e
  custom:scripting/monoscript/filePath//Library/PackageCache/com.cysharp.unitask@2.3.3/Runtime/Linq/All.cs:  -> b967a2dc5b771a6b4b2ad03d459e6c8c
  custom:scripting/monoscript/filePath//Library/PackageCache/com.cysharp.unitask@2.3.3/Runtime/Linq/Cast.cs:  -> 5e129a52608008db261a7267b9274d7e
  custom:scripting/monoscript/filePath//Library/PackageCache/com.cysharp.unitask@2.3.3/Runtime/Linq/UnityExtensions/EveryValueChanged.cs:  -> 5e129a52608008db261a7267b9274d7e
  custom:scripting/precompiled-assembly-types:UniTask.Linq:  -> 95f5ae4603e0214ff8f253b98885de73
  custom:scripting/monoscript/filePath//Library/PackageCache/com.cysharp.unitask@2.3.3/Runtime/Triggers/AsyncAwakeTrigger.cs:  -> 7387ce7788cf5d3792a98688cd3d79f1
  custom:scripting/monoscript/filePath//Library/PackageCache/com.cysharp.unitask@2.3.3/Runtime/Linq/Intersect.cs:  -> 5e129a52608008db261a7267b9274d7e
  custom:scripting/monoscript/filePath//Library/PackageCache/com.cysharp.unitask@2.3.3/Runtime/Linq/Any.cs:  -> aa13258fd7488f44ba8c2c11f3aa46fd
  custom:scripting/monoscript/filePath//Library/PackageCache/com.cysharp.unitask@2.3.3/Runtime/Linq/SkipLast.cs:  -> 5e129a52608008db261a7267b9274d7e
  custom:scripting/monoscript/filePath//Library/PackageCache/com.cysharp.unitask@2.3.3/Runtime/UnityAsyncExtensions.cs:  -> 47a331d5c7d0e0d6022ab4f24fc8d2b4
  custom:scripting/monoscript/filePath//Library/PackageCache/com.cysharp.unitask@2.3.3/Runtime/UnityAsyncExtensions.uGUI.cs:  -> 3d38d5c37d3d316ae300919911c401b8
  custom:scripting/monoscript/filePath//Library/PackageCache/com.cysharp.unitask@2.3.3/Runtime/UniTask.WhenAll.cs:  -> e8dfc77fd5da4380c8f8d4365bbf9943
  custom:scripting/monoscript/filePath//Library/PackageCache/com.cysharp.unitask@2.3.3/Runtime/UniTask.Threading.cs:  -> 8394b2d52aa7b5b251cfb78c121a5e8c
  custom:scripting/monoscript/filePath//Library/PackageCache/com.cysharp.unitask@2.3.3/Runtime/Linq/Repeat.cs:  -> 5e129a52608008db261a7267b9274d7e
  custom:scripting/monoscript/filePath//Library/PackageCache/com.cysharp.unitask@2.3.3/Runtime/UniTask.cs:  -> 4ec56d21e234e775d687cafbaf3704d7
  custom:scripting/monoscript/filePath//Library/PackageCache/com.cysharp.unitask@2.3.3/Runtime/Linq/ForEach.cs:  -> edef000779e7a416ea8753c65790174a
  custom:scripting/monoscript/filePath//Library/PackageCache/com.cysharp.unitask@2.3.3/Runtime/Channel.cs:  -> 3d04f6cc292043ecdb8c11e3a53eebd4
  custom:scripting/monoscript/filePath//Library/PackageCache/com.cysharp.unitask@2.3.3/Runtime/Internal/PlayerLoopRunner.cs:  -> a4704c8d47a60a62e6d27742265ebf85
  custom:scripting/monoscript/filePath//Library/PackageCache/com.cysharp.unitask@2.3.3/Runtime/AsyncReactiveProperty.cs:  -> e520ec3af6fd5014d45af917391f81fc
  custom:scripting/monoscript/filePath//Library/PackageCache/com.cysharp.unitask@2.3.3/Runtime/Linq/CombineLatest.cs:  -> 5e129a52608008db261a7267b9274d7e
  custom:scripting/monoscript/filePath//Library/PackageCache/com.cysharp.unitask@2.3.3/Runtime/UniTask.WhenAny.cs:  -> e8dfc77fd5da4380c8f8d4365bbf9943
  custom:scripting/monoscript/filePath//Library/PackageCache/com.cysharp.unitask@2.3.3/Runtime/Linq/GroupBy.cs:  -> 5e129a52608008db261a7267b9274d7e
  custom:scripting/monoscript/filePath//Library/PackageCache/com.cysharp.unitask@2.3.3/Runtime/Linq/Aggregate.cs:  -> a447398e1c44091c47820522200d179d
  custom:scripting/monoscript/filePath//Library/PackageCache/com.cysharp.unitask@2.3.3/Runtime/Linq/TakeLast.cs:  -> 5e129a52608008db261a7267b9274d7e
  custom:scripting/monoscript/filePath//Library/PackageCache/com.cysharp.unitask@2.3.3/Runtime/PlayerLoopTimer.cs:  -> aa4dfcce354a043ef3af68220025f40e
  custom:scripting/monoscript/filePath//Library/PackageCache/com.cysharp.unitask@2.3.3/Runtime/TimeoutController.cs:  -> 7f14c5a7393aaf241bcae6a62f25f08d
  custom:scripting/monoscript/filePath//Library/PackageCache/com.cysharp.unitask@2.3.3/Runtime/UnityWebRequestException.cs:  -> 2f89594a450491fa97181818dc809735
  custom:scripting/monoscript/filePath//Library/PackageCache/com.cysharp.unitask@2.3.3/Editor/UniTaskTrackerWindow.cs:  -> ba58a82852775cec7bef8668a6c5b928
  custom:scripting/monoscript/filePath//Library/PackageCache/com.cysharp.unitask@2.3.3/Runtime/Linq/Max.cs:  -> 030a883ed5117a71e7d1dcdcce8c1ab5
  custom:scripting/monoscript/filePath//Library/PackageCache/com.cysharp.unitask@2.3.3/Runtime/Linq/UnityExtensions/EveryUpdate.cs:  -> 542ed25c892e6404ab3f127ad75125ae
  custom:scripting/monoscript/filePath//Library/PackageCache/com.cysharp.unitask@2.3.3/Runtime/Linq/Empty.cs:  -> 5e129a52608008db261a7267b9274d7e
  custom:scripting/monoscript/filePath//Library/PackageCache/com.cysharp.unitask@2.3.3/Runtime/Linq/SkipUntil.cs:  -> 5e129a52608008db261a7267b9274d7e
  custom:scripting/monoscript/filePath//Library/PackageCache/com.cysharp.unitask@2.3.3/Runtime/Linq/ElementAt.cs:  -> 699358b9d556e19cd63451f2d736ffd3
  custom:scripting/monoscript/filePath//Library/PackageCache/com.cysharp.unitask@2.3.3/Runtime/Internal/ArrayUtil.cs:  -> f5f8b1bd605a860b79dc6988b57d3023
  custom:scripting/monoscript/filePath//Library/PackageCache/com.cysharp.unitask@2.3.3/Runtime/Linq/Count.cs:  -> 0249b2fa5e4baa3102a3afa6b55c47cd
  custom:scripting/monoscript/filePath//Library/PackageCache/com.cysharp.unitask@2.3.3/Runtime/Triggers/AsyncTriggerExtensions.cs:  -> b238ddb1a6a4b2ed2cbfe83040c51bc9
  custom:scripting/monoscript/filePath//Library/PackageCache/com.cysharp.unitask@2.3.3/Runtime/Linq/Throw.cs:  -> 5e129a52608008db261a7267b9274d7e
  custom:scripting/monoscript/filePath//Library/PackageCache/com.cysharp.unitask@2.3.3/Runtime/Linq/Where.cs:  -> 5e129a52608008db261a7267b9274d7e
  custom:scripting/monoscript/filePath//Library/PackageCache/com.cysharp.unitask@2.3.3/Runtime/UniTask.WhenAll.Generated.cs:  -> e8dfc77fd5da4380c8f8d4365bbf9943
  custom:scripting/monoscript/filePath//Library/PackageCache/com.cysharp.unitask@2.3.3/Runtime/Linq/Never.cs:  -> 5e129a52608008db261a7267b9274d7e
  custom:scripting/monoscript/filePath//Library/PackageCache/com.cysharp.unitask@2.3.3/Runtime/Internal/TaskTracker.cs:  -> c0b72ac1193e366754cca8fb143149ab
  custom:scripting/monoscript/filePath//Library/PackageCache/com.cysharp.unitask@2.3.3/Runtime/TaskPool.cs:  -> 5f601ee34eec81c9d38f34ca64001cfe
  custom:scripting/monoscript/filePath//Library/PackageCache/com.cysharp.unitask@2.3.3/Runtime/External/TextMeshPro/TextMeshProAsyncExtensions.InputField.cs:  -> df5094f7b04c1c8408903779c58605e6
  custom:scripting/monoscript/filePath//Library/PackageCache/com.cysharp.unitask@2.3.3/Runtime/Linq/SequenceEqual.cs:  -> 668eee5aea89407486d7bcffe7cb59c3
  custom:scripting/monoscript/filePath//Library/PackageCache/com.cysharp.unitask@2.3.3/Runtime/UnityAsyncExtensions.AssetBundleRequestAllAssets.cs:  -> 47a331d5c7d0e0d6022ab4f24fc8d2b4
  custom:scripting/monoscript/filePath//Library/PackageCache/com.cysharp.unitask@2.3.3/Runtime/Internal/ContinuationQueue.cs:  -> d500f47c3cf86179cc134f6b5e74e57f
  custom:scripting/monoscript/filePath//Library/PackageCache/com.cysharp.unitask@2.3.3/Runtime/CompilerServices/StateMachineRunner.cs:  -> bdc1d14488d9b86b3bb408b2c771c05a
  custom:scripting/monoscript/filePath//Library/PackageCache/com.cysharp.unitask@2.3.3/Runtime/UniTask.WhenAny.Generated.cs:  -> e8dfc77fd5da4380c8f8d4365bbf9943
  custom:scripting/monoscript/filePath//Library/PackageCache/com.cysharp.unitask@2.3.3/Runtime/UniTaskCompletionSource.cs:  -> 2c4a8e9931de017afed89b3865c6ab83
  custom:scripting/monoscript/filePath//Library/PackageCache/com.cysharp.unitask@2.3.3/Runtime/EnumeratorAsyncExtensions.cs:  -> 3d51d47081ddc986b6f97494b02ba718
  custom:scripting/monoscript/filePath//Library/PackageCache/com.cysharp.unitask@2.3.3/Runtime/Internal/UnityEqualityComparer.cs:  -> b9530e887ad4a180df9dbcd78d5a7bbb
  custom:scripting/monoscript/filePath//Library/PackageCache/com.cysharp.unitask@2.3.3/Runtime/UniTask.Run.cs:  -> e8dfc77fd5da4380c8f8d4365bbf9943
  custom:scripting/monoscript/filePath//Library/PackageCache/com.cysharp.unitask@2.3.3/Runtime/Linq/Do.cs:  -> 5e129a52608008db261a7267b9274d7e
  custom:scripting/monoscript/filePath//Library/PackageCache/com.cysharp.unitask@2.3.3/Runtime/Triggers/AsyncStartTrigger.cs:  -> 0066b18d64dbcb5a4f024f7a34f0aaa2
  custom:scripting/monoscript/filePath//Library/PackageCache/com.cysharp.unitask@2.3.3/Runtime/Linq/OfType.cs:  -> 5e129a52608008db261a7267b9274d7e
  custom:scripting/monoscript/filePath//Library/PackageCache/com.cysharp.unitask@2.3.3/Runtime/Linq/Skip.cs:  -> 5e129a52608008db261a7267b9274d7e
  custom:scripting/monoscript/filePath//Library/PackageCache/com.cysharp.unitask@2.3.3/Runtime/Linq/Min.cs:  -> b47f728034956cf961e3a064efc31009
  custom:scripting/monoscript/filePath//Library/PackageCache/com.cysharp.unitask@2.3.3/Runtime/Linq/SkipWhile.cs:  -> 5e129a52608008db261a7267b9274d7e
  custom:scripting/monoscript/filePath//Library/PackageCache/com.cysharp.unitask@2.3.3/Runtime/Linq/Union.cs:  -> 5e129a52608008db261a7267b9274d7e
  custom:scripting/monoscript/filePath//Library/PackageCache/com.cysharp.unitask@2.3.3/Runtime/Linq/Concat.cs:  -> 5e129a52608008db261a7267b9274d7e
  custom:scripting/monoscript/filePath//Library/PackageCache/com.cysharp.unitask@2.3.3/Runtime/Linq/SkipUntilCanceled.cs:  -> 5e129a52608008db261a7267b9274d7e
  custom:scripting/monoscript/filePath//Library/PackageCache/com.cysharp.unitask@2.3.3/Runtime/UniTaskObservableExtensions.cs:  -> d767db52bd698e0c70b630aceb06b043
  custom:scripting/monoscript/filePath//Library/PackageCache/com.cysharp.unitask@2.3.3/Runtime/Linq/ToLookup.cs:  -> d3261e58ba5210a59ad415489c642798
  custom:scripting/monoscript/filePath//Library/PackageCache/com.cysharp.unitask@2.3.3/Runtime/UniTask.Bridge.cs:  -> e8dfc77fd5da4380c8f8d4365bbf9943
  custom:scripting/monoscript/filePath//Library/PackageCache/com.cysharp.unitask@2.3.3/Runtime/Internal/Error.cs:  -> ab4a8d7d73082f9915cfa6955283b9d0
  custom:scripting/monoscript/filePath//Library/PackageCache/com.cysharp.unitask@2.3.3/Runtime/Linq/Sum.cs:  -> 9da02308e86a9fabc246582e73e99452
  custom:scripting/monoscript/filePath//Library/PackageCache/com.cysharp.unitask@2.3.3/Runtime/CompilerServices/AsyncUniTaskMethodBuilder.cs:  -> e3a01de5eb11c9f5866f89eeb20267a0
  custom:scripting/precompiled-assembly-types:UniTask.DOTween:  -> 131686b3d30b6db0c15c8010038e862d
  custom:scripting/precompiled-assembly-types:UniTask.TextMeshPro:  -> 934da68bdf16390949ab2d4f4c577008
  custom:scripting/monoscript/filePath//Library/PackageCache/com.cysharp.unitask@2.3.3/Runtime/External/TextMeshPro/TextMeshProAsyncExtensions.cs:  -> df5094f7b04c1c8408903779c58605e6
  custom:scripting/monoscript/filePath//Library/PackageCache/com.cysharp.unitask@2.3.3/Runtime/UniTaskSynchronizationContext.cs:  -> 0eb37568c51ea2cc5e8f568005f07708
  custom:scripting/monoscript/filePath//Library/PackageCache/com.cysharp.unitask@2.3.3/Runtime/Internal/StatePool.cs:  -> 593363acaba3a822687366558305cc24
  custom:scripting/monoscript/filePath//Library/PackageCache/com.cysharp.unitask@2.3.3/Runtime/UnityAsyncExtensions.MonoBehaviour.cs:  -> 47a331d5c7d0e0d6022ab4f24fc8d2b4
  custom:scripting/monoscript/filePath//Library/PackageCache/com.cysharp.unitask@2.3.3/Runtime/Triggers/AsyncTriggerBase.cs:  -> b4e92d2b62510fa579f5e4ad905b66ef
  custom:scripting/monoscript/filePath//Library/PackageCache/com.cysharp.unitask@2.3.3/Runtime/Linq/TakeUntilCanceled.cs:  -> 5e129a52608008db261a7267b9274d7e
  custom:scripting/monoscript/filePath//Library/PackageCache/com.cysharp.unitask@2.3.3/Runtime/UniTaskScheduler.cs:  -> 87f424a3d3e9c842b839b0cd7e4069ea
  custom:scripting/monoscript/filePath//Library/PackageCache/com.cysharp.unitask@2.3.3/Editor/SplitterGUILayout.cs:  -> 42f2560b44aec882ad14954e95bb1cd3
  custom:scripting/monoscript/filePath//Library/PackageCache/com.cysharp.unitask@2.3.3/Runtime/Triggers/MonoBehaviourMessagesTriggers.cs:  -> aecc5988370dbdc7abbe7866e9075a45
  custom:scripting/monoscript/filePath//Library/PackageCache/com.cysharp.unitask@2.3.3/Runtime/Linq/ToHashSet.cs:  -> 82703834989a0f61ccf0da63a58b3426
  custom:scripting/monoscript/filePath//Library/PackageCache/com.cysharp.unitask@2.3.3/Runtime/Linq/DefaultIfEmpty.cs:  -> 5e129a52608008db261a7267b9274d7e
  custom:scripting/monoscript/filePath//Library/PackageCache/com.cysharp.unitask@2.3.3/Runtime/Linq/Range.cs:  -> 6e2b9ac005c69b3bb6ea41a3316c52db
  custom:scripting/monoscript/filePath//Library/PackageCache/com.cysharp.unitask@2.3.3/Runtime/Linq/Zip.cs:  -> 5e129a52608008db261a7267b9274d7e
  custom:scripting/monoscript/filePath//Library/PackageCache/com.cysharp.unitask@2.3.3/Runtime/Linq/Subscribe.cs:  -> 68fe690e175d1806b8f4f9a03484f851
  custom:scripting/monoscript/filePath//Library/PackageCache/com.cysharp.unitask@2.3.3/Runtime/UnityAsyncExtensions.AsyncGPUReadback.cs:  -> 47a331d5c7d0e0d6022ab4f24fc8d2b4
  custom:scripting/monoscript/filePath//Library/PackageCache/com.cysharp.unitask@2.3.3/Runtime/Linq/Publish.cs:  -> 5e129a52608008db261a7267b9274d7e
  custom:scripting/monoscript/filePath//Library/PackageCache/com.cysharp.unitask@2.3.3/Runtime/UniTask.Delay.cs:  -> 48b559986193a8a98dbf90d6bbd34611
  custom:scripting/monoscript/filePath//Library/PackageCache/com.cysharp.unitask@2.3.3/Runtime/Linq/Return.cs:  -> 5e129a52608008db261a7267b9274d7e
  custom:scripting/monoscript/filePath//Library/PackageCache/com.cysharp.unitask@2.3.3/Runtime/Linq/Take.cs:  -> 5e129a52608008db261a7267b9274d7e
  custom:scripting/monoscript/filePath//Library/PackageCache/com.cysharp.unitask@2.3.3/Runtime/Linq/GroupJoin.cs:  -> 5e129a52608008db261a7267b9274d7e
  custom:scripting/monoscript/filePath//Library/PackageCache/com.cysharp.unitask@2.3.3/Runtime/Linq/Contains.cs:  -> 6e01b0a49a26aaf8ac394516b8ccc241
  custom:scripting/monoscript/filePath//Library/PackageCache/com.cysharp.unitask@2.3.3/Runtime/PlayerLoopHelper.cs:  -> 37aefdffb8fcbbbf037eea328c63556d
  custom:scripting/monoscript/filePath//Library/PackageCache/com.cysharp.unitask@2.3.3/Runtime/Internal/ValueStopwatch.cs:  -> f61cb305aa85cbbb5acf992243f95334
  custom:scripting/monoscript/filePath//Library/PackageCache/com.cysharp.unitask@2.3.3/Runtime/Internal/ArrayPoolUtil.cs:  -> c8d58fb2e1171b04c8c1d08f2ce56af3
  custom:scripting/monoscript/filePath//Library/PackageCache/com.cysharp.unitask@2.3.3/Runtime/Linq/Select.cs:  -> 5e129a52608008db261a7267b9274d7e
  custom:scripting/monoscript/filePath//Library/PackageCache/com.cysharp.unitask@2.3.3/Runtime/CompilerServices/AsyncUniTaskVoidMethodBuilder.cs:  -> 8fa3a82ba985e8b594664166603ffbef
  custom:scripting/monoscript/filePath//Library/PackageCache/com.cysharp.unitask@2.3.3/Runtime/Linq/OrderBy.cs:  -> 5e129a52608008db261a7267b9274d7e
  custom:scripting/monoscript/filePath//Library/PackageCache/com.cysharp.unitask@2.3.3/Runtime/CancellationTokenExtensions.cs:  -> a8d437ac2f8d9b0a5c56d10c468afdc1
  custom:scripting/monoscript/filePath//Library/PackageCache/com.cysharp.unitask@2.3.3/Runtime/Linq/UnityExtensions/Timer.cs:  -> 26218dcdf79254b16559ae9b9767498e
  custom:scripting/monoscript/filePath//Library/PackageCache/com.cysharp.unitask@2.3.3/Runtime/Linq/Pairwise.cs:  -> 5e129a52608008db261a7267b9274d7e
  custom:scripting/monoscript/filePath//Library/PackageCache/com.cysharp.unitask@2.3.3/Runtime/Linq/SelectMany.cs:  -> 5e129a52608008db261a7267b9274d7e
  custom:scripting/monoscript/filePath//Library/PackageCache/com.cysharp.unitask@2.3.3/Runtime/Linq/LongCount.cs:  -> c5beda95243fe5b1cf4302db3b15d391
  custom:scripting/monoscript/filePath//Library/PackageCache/com.cysharp.unitask@2.3.3/Runtime/Linq/ToDictionary.cs:  -> 853f26c16995d1a07dc3a2f1cfc74045
  custom:scripting/monoscript/filePath//Library/PackageCache/com.cysharp.unitask@2.3.3/Runtime/Linq/TakeWhile.cs:  -> 5e129a52608008db261a7267b9274d7e
  custom:scripting/monoscript/filePath//Library/PackageCache/com.cysharp.unitask@2.3.3/Runtime/Linq/Buffer.cs:  -> 5e129a52608008db261a7267b9274d7e
  custom:scripting/monoscript/filePath//Library/PackageCache/com.cysharp.unitask@2.3.3/Runtime/Linq/MinMax.cs:  -> 15779772b7c929062f3f3df938c5c4a0
  custom:scripting/monoscript/filePath//Library/PackageCache/com.cysharp.unitask@2.3.3/Runtime/Linq/AppendPrepend.cs:  -> 5e129a52608008db261a7267b9274d7e
  custom:scripting/monoscript/filePath//Library/PackageCache/com.cysharp.unitask@2.3.3/Runtime/Progress.cs:  -> c0d7efa98908a58bfc485833d60c11d4
  custom:scripting/monoscript/filePath//Library/PackageCache/com.cysharp.unitask@2.3.3/Runtime/UniTaskExtensions.Shorthand.cs:  -> 8c32dc49bb8d50f9d57a1082f7641549
  custom:scripting/monoscript/filePath//Library/PackageCache/com.cysharp.unitask@2.3.3/Runtime/Internal/UnityWebRequestExtensions.cs:  -> f43c4a2feb2af21d14345667745e03fc
  custom:scripting/monoscript/filePath//Library/PackageCache/com.cysharp.unitask@2.3.3/Runtime/Internal/RuntimeHelpersAbstraction.cs:  -> ce5c4788659d0fad234ec5bc24e09c3c
  custom:scripting/monoscript/filePath//Library/PackageCache/com.cysharp.unitask@2.3.3/Runtime/EnumerableAsyncExtensions.cs:  -> 13e96b5b3a6944983287efb42fd700a4
  custom:scripting/monoscript/filePath//Library/PackageCache/com.cysharp.unitask@2.3.3/Runtime/IUniTaskAsyncEnumerable.cs:  -> 7fbe82508fbbfa1aa40ac4d328c88805
  custom:scripting/precompiled-assembly-types:UniTask.Addressables:  -> 131686b3d30b6db0c15c8010038e862d
  custom:scripting/monoscript/filePath//Library/PackageCache/com.cysharp.unitask@2.3.3/Runtime/UniTaskVoid.cs:  -> 4b8f4a8c73a4292efbb21c7d63291fb7
  custom:scripting/monoscript/filePath//Library/PackageCache/com.cysharp.unitask@2.3.3/Runtime/Linq/AsUniTaskAsyncEnumerable.cs:  -> 5e129a52608008db261a7267b9274d7e
  custom:scripting/monoscript/filePath//Library/PackageCache/com.cysharp.unitask@2.3.3/Runtime/Linq/Reverse.cs:  -> 5e129a52608008db261a7267b9274d7e
  custom:scripting/precompiled-assembly-types:UniTask.Editor:  -> e80a73664ca98702d99b896548b5cab1
  custom:scripting/monoscript/filePath//Library/PackageCache/com.cysharp.unitask@2.3.3/Runtime/Linq/First.cs:  -> 285dac58238b7275ed2bdd847a0195a9
  custom:scripting/monoscript/filePath//Library/PackageCache/com.cysharp.unitask@2.3.3/Runtime/CancellationTokenSourceExtensions.cs:  -> df5e67afb4787c78748f0893349ddcc4
  custom:scripting/monoscript/filePath//Library/PackageCache/com.cysharp.unitask@2.3.3/Runtime/CompilerServices/AsyncMethodBuilderAttribute.cs:  -> 2b2502278de608a17a5db0f4b21b6176
  custom:scripting/monoscript/filePath//Library/PackageCache/com.cysharp.unitask@2.3.3/Runtime/IUniTaskSource.cs:  -> 7910628b1cd57745164d0cf383ec2b76
  custom:scripting/precompiled-assembly-types:UniTask:  -> ac3264b0d61625394a0652781326e049
  custom:scripting/monoscript/filePath//Library/PackageCache/com.cysharp.unitask@2.3.3/Runtime/AsyncLazy.cs:  -> 25e20805e192ee0d16d280c4f2870a3d
  custom:scripting/monoscript/filePath//Library/PackageCache/com.cysharp.unitask@2.3.3/Runtime/Linq/Single.cs:  -> a252708f77e204aad6236a91150bdf63
  custom:scripting/monoscript/filePath//Library/PackageCache/com.cysharp.unitask@2.3.3/Runtime/MoveNextSource.cs:  -> fcc01f7a99c9c0ae30680a9b3d13f934
  custom:scripting/monoscript/filePath//Library/PackageCache/com.cysharp.unitask@2.3.3/Runtime/UniTaskExtensions.cs:  -> 8c32dc49bb8d50f9d57a1082f7641549
  custom:scripting/monoscript/filePath//Library/PackageCache/com.cysharp.unitask@2.3.3/Runtime/Linq/ToList.cs:  -> 6e96e24dcf5b767462a5bd4322507504
  custom:scripting/monoscript/filePath//Library/PackageCache/com.cysharp.unitask@2.3.3/Runtime/Linq/Create.cs:  -> 5e129a52608008db261a7267b9274d7e
  custom:scripting/monoscript/filePath//Library/PackageCache/com.cysharp.unitask@2.3.3/Runtime/Internal/DiagnosticsExtensions.cs:  -> 08bd7c3ac86ab08973eade60a63f0e1f
  custom:scripting/monoscript/filePath//Library/PackageCache/com.cysharp.unitask@2.3.3/Runtime/UnityAsyncExtensions.Jobs.cs:  -> 47a331d5c7d0e0d6022ab4f24fc8d2b4
  custom:scripting/monoscript/filePath//Library/PackageCache/com.cysharp.unitask@2.3.3/Runtime/Linq/Except.cs:  -> 5e129a52608008db261a7267b9274d7e
  custom:scripting/monoscript/filePath//Library/PackageCache/com.cysharp.unitask@2.3.3/Runtime/Linq/Average.cs:  -> 027962ccc47084b5b89cc41fe0662db0
  custom:scripting/monoscript/filePath//Library/PackageCache/com.cysharp.unitask@2.3.3/Runtime/Linq/Last.cs:  -> 88708c3ba65d76354276d15f03452c76
  custom:scripting/monoscript/filePath//Library/PackageCache/com.cysharp.unitask@2.3.3/Runtime/UnityBindingExtensions.cs:  -> c98ecbc0d584967b02b08b1ffb2e5224
  custom:scripting/monoscript/filePath//Library/PackageCache/com.cysharp.unitask@2.3.3/Runtime/Linq/ToArray.cs:  -> 6404b77bd3066b1944bb51dd4d45afd5
  custom:scripting/monoscript/filePath//Library/PackageCache/com.cysharp.unitask@2.3.3/Runtime/Linq/TakeUntil.cs:  -> 5e129a52608008db261a7267b9274d7e
  custom:scripting/monoscript/filePath//Library/PackageCache/com.cysharp.unitask@2.3.3/Runtime/Linq/ToUniTaskAsyncEnumerable.cs:  -> 5e129a52608008db261a7267b9274d7e
  custom:scripting/monoscript/filePath//Library/PackageCache/com.cysharp.unitask@2.3.3/Runtime/Triggers/AsyncDestroyTrigger.cs:  -> 8e916e23ecfea717ed9a5f3bdc8a2c30
  custom:scripting/monoscript/filePath//Library/PackageCache/com.cysharp.unitask@2.3.3/Runtime/AsyncUnit.cs:  -> bdde3a019349397c42451c1bef7aa1d9
  custom:scripting/monoscript/filePath//Library/PackageCache/com.cysharp.unitask@2.3.3/Runtime/Linq/Join.cs:  -> 5e129a52608008db261a7267b9274d7e
  custom:scripting/monoscript/filePath//Library/PackageCache/com.cysharp.unitask@2.3.3/Runtime/UniTask.WaitUntil.cs:  -> e8dfc77fd5da4380c8f8d4365bbf9943
  custom:scripting/monoscript/filePath//Library/PackageCache/com.cysharp.unitask@2.3.3/Editor/UniTaskTrackerTreeView.cs:  -> c3de97b12f71803b2fc26b75b90806df
  custom:scripting/monoscript/filePath//Library/PackageCache/com.cysharp.unitask@2.3.3/Runtime/Linq/DistinctUntilChanged.cs:  -> 5e129a52608008db261a7267b9274d7e
  custom:scripting/monoscript/filePath//Library/PackageCache/com.cysharp.unitask@2.3.3/Runtime/Linq/ToObservable.cs:  -> 5e129a52608008db261a7267b9274d7e
========================================================================
Received Prepare
Refreshing native plugins compatible for Editor in 6.12 ms, found 4 plugins.
Preloading 1 native plugins for Editor in 0.05 ms.
Unloading 1 Unused Serialized files (Serialized files now loaded: 0)
Unloading 1 unused Assets / (10.4 KB). Loaded Objects now: 4817.
Memory consumption went from 70.6 MB to 70.6 MB.
Total: 3.237900 ms (FindLiveObjects: 0.427300 ms CreateObjectMapping: 0.306800 ms MarkObjects: 2.483700 ms  DeleteObjects: 0.019400 ms)

Prepare: number of updated asset objects reloaded= 0
AssetImportParameters requested are different than current active one (requested -> active):
  custom:container-demuxer-ogg: 62fdf1f143b41e24485cea50d1cbac27 -> 
  custom:video-decoder-ogg-theora: a1e56fd34408186e4bbccfd4996cb3dc -> 
  custom:framework-win-MediaFoundation: 216162199b28c13a410421893ffa2e32 -> 
  custom:container-demuxer-webm: 4f35f7cbe854078d1ac9338744f61a02 -> 
  custom:container-muxer-webm: aa71ff27fc2769a1b78a27578f13a17b -> 
  custom:video-decoder-webm-vp8: 9c59270c3fd7afecdb556c50c9e8de78 -> 
  custom:SearchIndexIgnoredProperties: e643bd26f0fe6173181afceb89e7c659 -> 
  custom:AudioImporter_EditorPlatform: d09bf68614088b80899f8185d706f6e7 -> 
  custom:video-encoder-webm-vp8: eb34c28f22e8b96e1ab97ce403110664 -> 
  custom:audio-decoder-ogg-vorbis: bf7c407c2cedff20999df2af8eb42d56 -> 
  custom:audio-encoder-webm-vorbis: bf7c407c2cedff20999df2af8eb42d56 -> 
  custom:scripting/monoscript/filePath//Library/PackageCache/com.cysharp.unitask@2.3.3/Runtime/Linq/Distinct.cs:  -> 5e129a52608008db261a7267b9274d7e
  custom:scripting/monoscript/filePath//Library/PackageCache/com.cysharp.unitask@2.3.3/Runtime/UniTask.Factory.cs:  -> c251f23b535fd4ce1368383fe3493002
  custom:scripting/monoscript/filePath//Library/PackageCache/com.cysharp.unitask@2.3.3/Runtime/CancellationTokenEqualityComparer.cs:  -> eaf9fb82fea733363e2e5cf9fa66bdd3
  custom:scripting/monoscript/filePath//Library/PackageCache/com.cysharp.unitask@2.3.3/Runtime/ExceptionExtensions.cs:  -> 7b81db5ecb9297bf18a2cb3010374468
  custom:scripting/monoscript/filePath//Library/PackageCache/com.cysharp.unitask@2.3.3/Runtime/Linq/Queue.cs:  -> 5e129a52608008db261a7267b9274d7e
  custom:scripting/monoscript/filePath//Library/PackageCache/com.cysharp.unitask@2.3.3/Runtime/Linq/All.cs:  -> b967a2dc5b771a6b4b2ad03d459e6c8c
  custom:scripting/monoscript/filePath//Library/PackageCache/com.cysharp.unitask@2.3.3/Runtime/Linq/Cast.cs:  -> 5e129a52608008db261a7267b9274d7e
  custom:scripting/monoscript/filePath//Library/PackageCache/com.cysharp.unitask@2.3.3/Runtime/Linq/UnityExtensions/EveryValueChanged.cs:  -> 5e129a52608008db261a7267b9274d7e
  custom:scripting/precompiled-assembly-types:UniTask.Linq:  -> 95f5ae4603e0214ff8f253b98885de73
  custom:scripting/monoscript/filePath//Library/PackageCache/com.cysharp.unitask@2.3.3/Runtime/Triggers/AsyncAwakeTrigger.cs:  -> 7387ce7788cf5d3792a98688cd3d79f1
  custom:scripting/monoscript/filePath//Library/PackageCache/com.cysharp.unitask@2.3.3/Runtime/Linq/Intersect.cs:  -> 5e129a52608008db261a7267b9274d7e
  custom:scripting/monoscript/filePath//Library/PackageCache/com.cysharp.unitask@2.3.3/Runtime/Linq/Any.cs:  -> aa13258fd7488f44ba8c2c11f3aa46fd
  custom:scripting/monoscript/filePath//Library/PackageCache/com.cysharp.unitask@2.3.3/Runtime/Linq/SkipLast.cs:  -> 5e129a52608008db261a7267b9274d7e
  custom:scripting/monoscript/filePath//Library/PackageCache/com.cysharp.unitask@2.3.3/Runtime/UnityAsyncExtensions.cs:  -> 47a331d5c7d0e0d6022ab4f24fc8d2b4
  custom:scripting/monoscript/filePath//Library/PackageCache/com.cysharp.unitask@2.3.3/Runtime/UnityAsyncExtensions.uGUI.cs:  -> 3d38d5c37d3d316ae300919911c401b8
  custom:scripting/monoscript/filePath//Library/PackageCache/com.cysharp.unitask@2.3.3/Runtime/UniTask.WhenAll.cs:  -> e8dfc77fd5da4380c8f8d4365bbf9943
  custom:scripting/monoscript/filePath//Library/PackageCache/com.cysharp.unitask@2.3.3/Runtime/UniTask.Threading.cs:  -> 8394b2d52aa7b5b251cfb78c121a5e8c
  custom:scripting/monoscript/filePath//Library/PackageCache/com.cysharp.unitask@2.3.3/Runtime/Linq/Repeat.cs:  -> 5e129a52608008db261a7267b9274d7e
  custom:scripting/monoscript/filePath//Library/PackageCache/com.cysharp.unitask@2.3.3/Runtime/UniTask.cs:  -> 4ec56d21e234e775d687cafbaf3704d7
  custom:scripting/monoscript/filePath//Library/PackageCache/com.cysharp.unitask@2.3.3/Runtime/Linq/ForEach.cs:  -> edef000779e7a416ea8753c65790174a
  custom:scripting/monoscript/filePath//Library/PackageCache/com.cysharp.unitask@2.3.3/Runtime/Channel.cs:  -> 3d04f6cc292043ecdb8c11e3a53eebd4
  custom:scripting/monoscript/filePath//Library/PackageCache/com.cysharp.unitask@2.3.3/Runtime/Internal/PlayerLoopRunner.cs:  -> a4704c8d47a60a62e6d27742265ebf85
  custom:scripting/monoscript/filePath//Library/PackageCache/com.cysharp.unitask@2.3.3/Runtime/AsyncReactiveProperty.cs:  -> e520ec3af6fd5014d45af917391f81fc
  custom:scripting/monoscript/filePath//Library/PackageCache/com.cysharp.unitask@2.3.3/Runtime/Linq/CombineLatest.cs:  -> 5e129a52608008db261a7267b9274d7e
  custom:scripting/monoscript/filePath//Library/PackageCache/com.cysharp.unitask@2.3.3/Runtime/UniTask.WhenAny.cs:  -> e8dfc77fd5da4380c8f8d4365bbf9943
  custom:scripting/monoscript/filePath//Library/PackageCache/com.cysharp.unitask@2.3.3/Runtime/Linq/GroupBy.cs:  -> 5e129a52608008db261a7267b9274d7e
  custom:scripting/monoscript/filePath//Library/PackageCache/com.cysharp.unitask@2.3.3/Runtime/Linq/Aggregate.cs:  -> a447398e1c44091c47820522200d179d
  custom:scripting/monoscript/filePath//Library/PackageCache/com.cysharp.unitask@2.3.3/Runtime/Linq/TakeLast.cs:  -> 5e129a52608008db261a7267b9274d7e
  custom:scripting/monoscript/filePath//Library/PackageCache/com.cysharp.unitask@2.3.3/Runtime/PlayerLoopTimer.cs:  -> aa4dfcce354a043ef3af68220025f40e
  custom:scripting/monoscript/filePath//Library/PackageCache/com.cysharp.unitask@2.3.3/Runtime/TimeoutController.cs:  -> 7f14c5a7393aaf241bcae6a62f25f08d
  custom:scripting/monoscript/filePath//Library/PackageCache/com.cysharp.unitask@2.3.3/Runtime/UnityWebRequestException.cs:  -> 2f89594a450491fa97181818dc809735
  custom:scripting/monoscript/filePath//Library/PackageCache/com.cysharp.unitask@2.3.3/Editor/UniTaskTrackerWindow.cs:  -> ba58a82852775cec7bef8668a6c5b928
  custom:scripting/monoscript/filePath//Library/PackageCache/com.cysharp.unitask@2.3.3/Runtime/Linq/Max.cs:  -> 030a883ed5117a71e7d1dcdcce8c1ab5
  custom:scripting/monoscript/filePath//Library/PackageCache/com.cysharp.unitask@2.3.3/Runtime/Linq/UnityExtensions/EveryUpdate.cs:  -> 542ed25c892e6404ab3f127ad75125ae
  custom:scripting/monoscript/filePath//Library/PackageCache/com.cysharp.unitask@2.3.3/Runtime/Linq/Empty.cs:  -> 5e129a52608008db261a7267b9274d7e
  custom:scripting/monoscript/filePath//Library/PackageCache/com.cysharp.unitask@2.3.3/Runtime/Linq/SkipUntil.cs:  -> 5e129a52608008db261a7267b9274d7e
  custom:scripting/monoscript/filePath//Library/PackageCache/com.cysharp.unitask@2.3.3/Runtime/Linq/ElementAt.cs:  -> 699358b9d556e19cd63451f2d736ffd3
  custom:scripting/monoscript/filePath//Library/PackageCache/com.cysharp.unitask@2.3.3/Runtime/Internal/ArrayUtil.cs:  -> f5f8b1bd605a860b79dc6988b57d3023
  custom:scripting/monoscript/filePath//Library/PackageCache/com.cysharp.unitask@2.3.3/Runtime/Linq/Count.cs:  -> 0249b2fa5e4baa3102a3afa6b55c47cd
  custom:scripting/monoscript/filePath//Library/PackageCache/com.cysharp.unitask@2.3.3/Runtime/Triggers/AsyncTriggerExtensions.cs:  -> b238ddb1a6a4b2ed2cbfe83040c51bc9
  custom:scripting/monoscript/filePath//Library/PackageCache/com.cysharp.unitask@2.3.3/Runtime/Linq/Throw.cs:  -> 5e129a52608008db261a7267b9274d7e
  custom:scripting/monoscript/filePath//Library/PackageCache/com.cysharp.unitask@2.3.3/Runtime/Linq/Where.cs:  -> 5e129a52608008db261a7267b9274d7e
  custom:scripting/monoscript/filePath//Library/PackageCache/com.cysharp.unitask@2.3.3/Runtime/UniTask.WhenAll.Generated.cs:  -> e8dfc77fd5da4380c8f8d4365bbf9943
  custom:scripting/monoscript/filePath//Library/PackageCache/com.cysharp.unitask@2.3.3/Runtime/Linq/Never.cs:  -> 5e129a52608008db261a7267b9274d7e
  custom:scripting/monoscript/filePath//Library/PackageCache/com.cysharp.unitask@2.3.3/Runtime/Internal/TaskTracker.cs:  -> c0b72ac1193e366754cca8fb143149ab
  custom:scripting/monoscript/filePath//Library/PackageCache/com.cysharp.unitask@2.3.3/Runtime/TaskPool.cs:  -> 5f601ee34eec81c9d38f34ca64001cfe
  custom:scripting/monoscript/filePath//Library/PackageCache/com.cysharp.unitask@2.3.3/Runtime/External/TextMeshPro/TextMeshProAsyncExtensions.InputField.cs:  -> df5094f7b04c1c8408903779c58605e6
  custom:scripting/monoscript/filePath//Library/PackageCache/com.cysharp.unitask@2.3.3/Runtime/Linq/SequenceEqual.cs:  -> 668eee5aea89407486d7bcffe7cb59c3
  custom:scripting/monoscript/filePath//Library/PackageCache/com.cysharp.unitask@2.3.3/Runtime/UnityAsyncExtensions.AssetBundleRequestAllAssets.cs:  -> 47a331d5c7d0e0d6022ab4f24fc8d2b4
  custom:scripting/monoscript/filePath//Library/PackageCache/com.cysharp.unitask@2.3.3/Runtime/Internal/ContinuationQueue.cs:  -> d500f47c3cf86179cc134f6b5e74e57f
  custom:scripting/monoscript/filePath//Library/PackageCache/com.cysharp.unitask@2.3.3/Runtime/CompilerServices/StateMachineRunner.cs:  -> bdc1d14488d9b86b3bb408b2c771c05a
  custom:scripting/monoscript/filePath//Library/PackageCache/com.cysharp.unitask@2.3.3/Runtime/UniTask.WhenAny.Generated.cs:  -> e8dfc77fd5da4380c8f8d4365bbf9943
  custom:scripting/monoscript/filePath//Library/PackageCache/com.cysharp.unitask@2.3.3/Runtime/UniTaskCompletionSource.cs:  -> 2c4a8e9931de017afed89b3865c6ab83
  custom:scripting/monoscript/filePath//Library/PackageCache/com.cysharp.unitask@2.3.3/Runtime/EnumeratorAsyncExtensions.cs:  -> 3d51d47081ddc986b6f97494b02ba718
  custom:scripting/monoscript/filePath//Library/PackageCache/com.cysharp.unitask@2.3.3/Runtime/Internal/UnityEqualityComparer.cs:  -> b9530e887ad4a180df9dbcd78d5a7bbb
  custom:scripting/monoscript/filePath//Library/PackageCache/com.cysharp.unitask@2.3.3/Runtime/UniTask.Run.cs:  -> e8dfc77fd5da4380c8f8d4365bbf9943
  custom:scripting/monoscript/filePath//Library/PackageCache/com.cysharp.unitask@2.3.3/Runtime/Linq/Do.cs:  -> 5e129a52608008db261a7267b9274d7e
  custom:scripting/monoscript/filePath//Library/PackageCache/com.cysharp.unitask@2.3.3/Runtime/Triggers/AsyncStartTrigger.cs:  -> 0066b18d64dbcb5a4f024f7a34f0aaa2
  custom:scripting/monoscript/filePath//Library/PackageCache/com.cysharp.unitask@2.3.3/Runtime/Linq/OfType.cs:  -> 5e129a52608008db261a7267b9274d7e
  custom:scripting/monoscript/filePath//Library/PackageCache/com.cysharp.unitask@2.3.3/Runtime/Linq/Skip.cs:  -> 5e129a52608008db261a7267b9274d7e
  custom:scripting/monoscript/filePath//Library/PackageCache/com.cysharp.unitask@2.3.3/Runtime/Linq/Min.cs:  -> b47f728034956cf961e3a064efc31009
  custom:scripting/monoscript/filePath//Library/PackageCache/com.cysharp.unitask@2.3.3/Runtime/Linq/SkipWhile.cs:  -> 5e129a52608008db261a7267b9274d7e
  custom:scripting/monoscript/filePath//Library/PackageCache/com.cysharp.unitask@2.3.3/Runtime/Linq/Union.cs:  -> 5e129a52608008db261a7267b9274d7e
  custom:scripting/monoscript/filePath//Library/PackageCache/com.cysharp.unitask@2.3.3/Runtime/Linq/Concat.cs:  -> 5e129a52608008db261a7267b9274d7e
  custom:scripting/monoscript/filePath//Library/PackageCache/com.cysharp.unitask@2.3.3/Runtime/Linq/SkipUntilCanceled.cs:  -> 5e129a52608008db261a7267b9274d7e
  custom:scripting/monoscript/filePath//Library/PackageCache/com.cysharp.unitask@2.3.3/Runtime/UniTaskObservableExtensions.cs:  -> d767db52bd698e0c70b630aceb06b043
  custom:scripting/monoscript/filePath//Library/PackageCache/com.cysharp.unitask@2.3.3/Runtime/Linq/ToLookup.cs:  -> d3261e58ba5210a59ad415489c642798
  custom:scripting/monoscript/filePath//Library/PackageCache/com.cysharp.unitask@2.3.3/Runtime/UniTask.Bridge.cs:  -> e8dfc77fd5da4380c8f8d4365bbf9943
  custom:scripting/monoscript/filePath//Library/PackageCache/com.cysharp.unitask@2.3.3/Runtime/Internal/Error.cs:  -> ab4a8d7d73082f9915cfa6955283b9d0
  custom:scripting/monoscript/filePath//Library/PackageCache/com.cysharp.unitask@2.3.3/Runtime/Linq/Sum.cs:  -> 9da02308e86a9fabc246582e73e99452
  custom:scripting/monoscript/filePath//Library/PackageCache/com.cysharp.unitask@2.3.3/Runtime/CompilerServices/AsyncUniTaskMethodBuilder.cs:  -> e3a01de5eb11c9f5866f89eeb20267a0
  custom:scripting/precompiled-assembly-types:UniTask.DOTween:  -> 131686b3d30b6db0c15c8010038e862d
  custom:scripting/precompiled-assembly-types:UniTask.TextMeshPro:  -> 934da68bdf16390949ab2d4f4c577008
  custom:scripting/monoscript/filePath//Library/PackageCache/com.cysharp.unitask@2.3.3/Runtime/External/TextMeshPro/TextMeshProAsyncExtensions.cs:  -> df5094f7b04c1c8408903779c58605e6
  custom:scripting/monoscript/filePath//Library/PackageCache/com.cysharp.unitask@2.3.3/Runtime/UniTaskSynchronizationContext.cs:  -> 0eb37568c51ea2cc5e8f568005f07708
  custom:scripting/monoscript/filePath//Library/PackageCache/com.cysharp.unitask@2.3.3/Runtime/Internal/StatePool.cs:  -> 593363acaba3a822687366558305cc24
  custom:scripting/monoscript/filePath//Library/PackageCache/com.cysharp.unitask@2.3.3/Runtime/UnityAsyncExtensions.MonoBehaviour.cs:  -> 47a331d5c7d0e0d6022ab4f24fc8d2b4
  custom:scripting/monoscript/filePath//Library/PackageCache/com.cysharp.unitask@2.3.3/Runtime/Triggers/AsyncTriggerBase.cs:  -> b4e92d2b62510fa579f5e4ad905b66ef
  custom:scripting/monoscript/filePath//Library/PackageCache/com.cysharp.unitask@2.3.3/Runtime/Linq/TakeUntilCanceled.cs:  -> 5e129a52608008db261a7267b9274d7e
  custom:scripting/monoscript/filePath//Library/PackageCache/com.cysharp.unitask@2.3.3/Runtime/UniTaskScheduler.cs:  -> 87f424a3d3e9c842b839b0cd7e4069ea
  custom:scripting/monoscript/filePath//Library/PackageCache/com.cysharp.unitask@2.3.3/Editor/SplitterGUILayout.cs:  -> 42f2560b44aec882ad14954e95bb1cd3
  custom:scripting/monoscript/filePath//Library/PackageCache/com.cysharp.unitask@2.3.3/Runtime/Triggers/MonoBehaviourMessagesTriggers.cs:  -> aecc5988370dbdc7abbe7866e9075a45
  custom:scripting/monoscript/filePath//Library/PackageCache/com.cysharp.unitask@2.3.3/Runtime/Linq/ToHashSet.cs:  -> 82703834989a0f61ccf0da63a58b3426
  custom:scripting/monoscript/filePath//Library/PackageCache/com.cysharp.unitask@2.3.3/Runtime/Linq/DefaultIfEmpty.cs:  -> 5e129a52608008db261a7267b9274d7e
  custom:scripting/monoscript/filePath//Library/PackageCache/com.cysharp.unitask@2.3.3/Runtime/Linq/Range.cs:  -> 6e2b9ac005c69b3bb6ea41a3316c52db
  custom:scripting/monoscript/filePath//Library/PackageCache/com.cysharp.unitask@2.3.3/Runtime/Linq/Zip.cs:  -> 5e129a52608008db261a7267b9274d7e
  custom:scripting/monoscript/filePath//Library/PackageCache/com.cysharp.unitask@2.3.3/Runtime/Linq/Subscribe.cs:  -> 68fe690e175d1806b8f4f9a03484f851
  custom:scripting/monoscript/filePath//Library/PackageCache/com.cysharp.unitask@2.3.3/Runtime/UnityAsyncExtensions.AsyncGPUReadback.cs:  -> 47a331d5c7d0e0d6022ab4f24fc8d2b4
  custom:scripting/monoscript/filePath//Library/PackageCache/com.cysharp.unitask@2.3.3/Runtime/Linq/Publish.cs:  -> 5e129a52608008db261a7267b9274d7e
  custom:scripting/monoscript/filePath//Library/PackageCache/com.cysharp.unitask@2.3.3/Runtime/UniTask.Delay.cs:  -> 48b559986193a8a98dbf90d6bbd34611
  custom:scripting/monoscript/filePath//Library/PackageCache/com.cysharp.unitask@2.3.3/Runtime/Linq/Return.cs:  -> 5e129a52608008db261a7267b9274d7e
  custom:scripting/monoscript/filePath//Library/PackageCache/com.cysharp.unitask@2.3.3/Runtime/Linq/Take.cs:  -> 5e129a52608008db261a7267b9274d7e
  custom:scripting/monoscript/filePath//Library/PackageCache/com.cysharp.unitask@2.3.3/Runtime/Linq/GroupJoin.cs:  -> 5e129a52608008db261a7267b9274d7e
  custom:scripting/monoscript/filePath//Library/PackageCache/com.cysharp.unitask@2.3.3/Runtime/Linq/Contains.cs:  -> 6e01b0a49a26aaf8ac394516b8ccc241
  custom:scripting/monoscript/filePath//Library/PackageCache/com.cysharp.unitask@2.3.3/Runtime/PlayerLoopHelper.cs:  -> 37aefdffb8fcbbbf037eea328c63556d
  custom:scripting/monoscript/filePath//Library/PackageCache/com.cysharp.unitask@2.3.3/Runtime/Internal/ValueStopwatch.cs:  -> f61cb305aa85cbbb5acf992243f95334
  custom:scripting/monoscript/filePath//Library/PackageCache/com.cysharp.unitask@2.3.3/Runtime/Internal/ArrayPoolUtil.cs:  -> c8d58fb2e1171b04c8c1d08f2ce56af3
  custom:scripting/monoscript/filePath//Library/PackageCache/com.cysharp.unitask@2.3.3/Runtime/Linq/Select.cs:  -> 5e129a52608008db261a7267b9274d7e
  custom:scripting/monoscript/filePath//Library/PackageCache/com.cysharp.unitask@2.3.3/Runtime/CompilerServices/AsyncUniTaskVoidMethodBuilder.cs:  -> 8fa3a82ba985e8b594664166603ffbef
  custom:scripting/monoscript/filePath//Library/PackageCache/com.cysharp.unitask@2.3.3/Runtime/Linq/OrderBy.cs:  -> 5e129a52608008db261a7267b9274d7e
  custom:scripting/monoscript/filePath//Library/PackageCache/com.cysharp.unitask@2.3.3/Runtime/CancellationTokenExtensions.cs:  -> a8d437ac2f8d9b0a5c56d10c468afdc1
  custom:scripting/monoscript/filePath//Library/PackageCache/com.cysharp.unitask@2.3.3/Runtime/Linq/UnityExtensions/Timer.cs:  -> 26218dcdf79254b16559ae9b9767498e
  custom:scripting/monoscript/filePath//Library/PackageCache/com.cysharp.unitask@2.3.3/Runtime/Linq/Pairwise.cs:  -> 5e129a52608008db261a7267b9274d7e
  custom:scripting/monoscript/filePath//Library/PackageCache/com.cysharp.unitask@2.3.3/Runtime/Linq/SelectMany.cs:  -> 5e129a52608008db261a7267b9274d7e
  custom:scripting/monoscript/filePath//Library/PackageCache/com.cysharp.unitask@2.3.3/Runtime/Linq/LongCount.cs:  -> c5beda95243fe5b1cf4302db3b15d391
  custom:scripting/monoscript/filePath//Library/PackageCache/com.cysharp.unitask@2.3.3/Runtime/Linq/ToDictionary.cs:  -> 853f26c16995d1a07dc3a2f1cfc74045
  custom:scripting/monoscript/filePath//Library/PackageCache/com.cysharp.unitask@2.3.3/Runtime/Linq/TakeWhile.cs:  -> 5e129a52608008db261a7267b9274d7e
  custom:scripting/monoscript/filePath//Library/PackageCache/com.cysharp.unitask@2.3.3/Runtime/Linq/Buffer.cs:  -> 5e129a52608008db261a7267b9274d7e
  custom:scripting/monoscript/filePath//Library/PackageCache/com.cysharp.unitask@2.3.3/Runtime/Linq/MinMax.cs:  -> 15779772b7c929062f3f3df938c5c4a0
  custom:scripting/monoscript/filePath//Library/PackageCache/com.cysharp.unitask@2.3.3/Runtime/Linq/AppendPrepend.cs:  -> 5e129a52608008db261a7267b9274d7e
  custom:scripting/monoscript/filePath//Library/PackageCache/com.cysharp.unitask@2.3.3/Runtime/Progress.cs:  -> c0d7efa98908a58bfc485833d60c11d4
  custom:scripting/monoscript/filePath//Library/PackageCache/com.cysharp.unitask@2.3.3/Runtime/UniTaskExtensions.Shorthand.cs:  -> 8c32dc49bb8d50f9d57a1082f7641549
  custom:scripting/monoscript/filePath//Library/PackageCache/com.cysharp.unitask@2.3.3/Runtime/Internal/UnityWebRequestExtensions.cs:  -> f43c4a2feb2af21d14345667745e03fc
  custom:scripting/monoscript/filePath//Library/PackageCache/com.cysharp.unitask@2.3.3/Runtime/Internal/RuntimeHelpersAbstraction.cs:  -> ce5c4788659d0fad234ec5bc24e09c3c
  custom:scripting/monoscript/filePath//Library/PackageCache/com.cysharp.unitask@2.3.3/Runtime/EnumerableAsyncExtensions.cs:  -> 13e96b5b3a6944983287efb42fd700a4
  custom:scripting/monoscript/filePath//Library/PackageCache/com.cysharp.unitask@2.3.3/Runtime/IUniTaskAsyncEnumerable.cs:  -> 7fbe82508fbbfa1aa40ac4d328c88805
  custom:scripting/precompiled-assembly-types:UniTask.Addressables:  -> 131686b3d30b6db0c15c8010038e862d
  custom:scripting/monoscript/filePath//Library/PackageCache/com.cysharp.unitask@2.3.3/Runtime/UniTaskVoid.cs:  -> 4b8f4a8c73a4292efbb21c7d63291fb7
  custom:scripting/monoscript/filePath//Library/PackageCache/com.cysharp.unitask@2.3.3/Runtime/Linq/AsUniTaskAsyncEnumerable.cs:  -> 5e129a52608008db261a7267b9274d7e
  custom:scripting/monoscript/filePath//Library/PackageCache/com.cysharp.unitask@2.3.3/Runtime/Linq/Reverse.cs:  -> 5e129a52608008db261a7267b9274d7e
  custom:scripting/precompiled-assembly-types:UniTask.Editor:  -> e80a73664ca98702d99b896548b5cab1
  custom:scripting/monoscript/filePath//Library/PackageCache/com.cysharp.unitask@2.3.3/Runtime/Linq/First.cs:  -> 285dac58238b7275ed2bdd847a0195a9
  custom:scripting/monoscript/filePath//Library/PackageCache/com.cysharp.unitask@2.3.3/Runtime/CancellationTokenSourceExtensions.cs:  -> df5e67afb4787c78748f0893349ddcc4
  custom:scripting/monoscript/filePath//Library/PackageCache/com.cysharp.unitask@2.3.3/Runtime/CompilerServices/AsyncMethodBuilderAttribute.cs:  -> 2b2502278de608a17a5db0f4b21b6176
  custom:scripting/monoscript/filePath//Library/PackageCache/com.cysharp.unitask@2.3.3/Runtime/IUniTaskSource.cs:  -> 7910628b1cd57745164d0cf383ec2b76
  custom:scripting/precompiled-assembly-types:UniTask:  -> ac3264b0d61625394a0652781326e049
  custom:scripting/monoscript/filePath//Library/PackageCache/com.cysharp.unitask@2.3.3/Runtime/AsyncLazy.cs:  -> 25e20805e192ee0d16d280c4f2870a3d
  custom:scripting/monoscript/filePath//Library/PackageCache/com.cysharp.unitask@2.3.3/Runtime/Linq/Single.cs:  -> a252708f77e204aad6236a91150bdf63
  custom:scripting/monoscript/filePath//Library/PackageCache/com.cysharp.unitask@2.3.3/Runtime/MoveNextSource.cs:  -> fcc01f7a99c9c0ae30680a9b3d13f934
  custom:scripting/monoscript/filePath//Library/PackageCache/com.cysharp.unitask@2.3.3/Runtime/UniTaskExtensions.cs:  -> 8c32dc49bb8d50f9d57a1082f7641549
  custom:scripting/monoscript/filePath//Library/PackageCache/com.cysharp.unitask@2.3.3/Runtime/Linq/ToList.cs:  -> 6e96e24dcf5b767462a5bd4322507504
  custom:scripting/monoscript/filePath//Library/PackageCache/com.cysharp.unitask@2.3.3/Runtime/Linq/Create.cs:  -> 5e129a52608008db261a7267b9274d7e
  custom:scripting/monoscript/filePath//Library/PackageCache/com.cysharp.unitask@2.3.3/Runtime/Internal/DiagnosticsExtensions.cs:  -> 08bd7c3ac86ab08973eade60a63f0e1f
  custom:scripting/monoscript/filePath//Library/PackageCache/com.cysharp.unitask@2.3.3/Runtime/UnityAsyncExtensions.Jobs.cs:  -> 47a331d5c7d0e0d6022ab4f24fc8d2b4
  custom:scripting/monoscript/filePath//Library/PackageCache/com.cysharp.unitask@2.3.3/Runtime/Linq/Except.cs:  -> 5e129a52608008db261a7267b9274d7e
  custom:scripting/monoscript/filePath//Library/PackageCache/com.cysharp.unitask@2.3.3/Runtime/Linq/Average.cs:  -> 027962ccc47084b5b89cc41fe0662db0
  custom:scripting/monoscript/filePath//Library/PackageCache/com.cysharp.unitask@2.3.3/Runtime/Linq/Last.cs:  -> 88708c3ba65d76354276d15f03452c76
  custom:scripting/monoscript/filePath//Library/PackageCache/com.cysharp.unitask@2.3.3/Runtime/UnityBindingExtensions.cs:  -> c98ecbc0d584967b02b08b1ffb2e5224
  custom:scripting/monoscript/filePath//Library/PackageCache/com.cysharp.unitask@2.3.3/Runtime/Linq/ToArray.cs:  -> 6404b77bd3066b1944bb51dd4d45afd5
  custom:scripting/monoscript/filePath//Library/PackageCache/com.cysharp.unitask@2.3.3/Runtime/Linq/TakeUntil.cs:  -> 5e129a52608008db261a7267b9274d7e
  custom:scripting/monoscript/filePath//Library/PackageCache/com.cysharp.unitask@2.3.3/Runtime/Linq/ToUniTaskAsyncEnumerable.cs:  -> 5e129a52608008db261a7267b9274d7e
  custom:scripting/monoscript/filePath//Library/PackageCache/com.cysharp.unitask@2.3.3/Runtime/Triggers/AsyncDestroyTrigger.cs:  -> 8e916e23ecfea717ed9a5f3bdc8a2c30
  custom:scripting/monoscript/filePath//Library/PackageCache/com.cysharp.unitask@2.3.3/Runtime/AsyncUnit.cs:  -> bdde3a019349397c42451c1bef7aa1d9
  custom:scripting/monoscript/filePath//Library/PackageCache/com.cysharp.unitask@2.3.3/Runtime/Linq/Join.cs:  -> 5e129a52608008db261a7267b9274d7e
  custom:scripting/monoscript/filePath//Library/PackageCache/com.cysharp.unitask@2.3.3/Runtime/UniTask.WaitUntil.cs:  -> e8dfc77fd5da4380c8f8d4365bbf9943
  custom:scripting/monoscript/filePath//Library/PackageCache/com.cysharp.unitask@2.3.3/Editor/UniTaskTrackerTreeView.cs:  -> c3de97b12f71803b2fc26b75b90806df
  custom:scripting/monoscript/filePath//Library/PackageCache/com.cysharp.unitask@2.3.3/Runtime/Linq/DistinctUntilChanged.cs:  -> 5e129a52608008db261a7267b9274d7e
  custom:scripting/monoscript/filePath//Library/PackageCache/com.cysharp.unitask@2.3.3/Runtime/Linq/ToObservable.cs:  -> 5e129a52608008db261a7267b9274d7e
Editor requested this worker to shutdown with reason: Scaling down because of idle timeout
TcpMessagingSession - receive error: operation aborted. errorcode: 995, details:  /   -       .
AssetImportWorker is now disconnected from the server
Process exiting
Exiting without the bug reporter. Application will terminate with return code 0