Using pre-set license
Built from '2022.2/staging' branch; Version is '2022.2.7f1 (8331acaee5d3) revision 8597932'; Using compiler version '192829333'; Build Type 'Release'
OS: 'Windows 10  (10.0.19045) 64bit Core' Language: 'ru' Physical Memory: 16085 MB
BatchMode: 1, IsHumanControllingUs: 0, StartBugReporterOnCrash: 0, Is64bit: 1, IsPro: 1

COMMAND LINE ARGUMENTS:
C:\Program Files\Unity\Hub\Editor\2022.2.7f1\Editor\Unity.exe
-adb2
-batchMode
-noUpm
-name
AssetImportWorker1
-projectPath
D:/Trash Project/NUIIntergration
-logFile
Logs/AssetImportWorker1.log
-srvPort
52657
Successfully changed project path to: D:/Trash Project/NUIIntergration
D:/Trash Project/NUIIntergration
[UnityMemory] Configuration Parameters - Can be set up in boot.config
    "memorysetup-bucket-allocator-granularity=16"
    "memorysetup-bucket-allocator-bucket-count=8"
    "memorysetup-bucket-allocator-block-size=33554432"
    "memorysetup-bucket-allocator-block-count=8"
    "memorysetup-main-allocator-block-size=16777216"
    "memorysetup-thread-allocator-block-size=16777216"
    "memorysetup-gfx-main-allocator-block-size=16777216"
    "memorysetup-gfx-thread-allocator-block-size=16777216"
    "memorysetup-cache-allocator-block-size=4194304"
    "memorysetup-typetree-allocator-block-size=2097152"
    "memorysetup-profiler-bucket-allocator-granularity=16"
    "memorysetup-profiler-bucket-allocator-bucket-count=8"
    "memorysetup-profiler-bucket-allocator-block-size=33554432"
    "memorysetup-profiler-bucket-allocator-block-count=8"
    "memorysetup-profiler-allocator-block-size=16777216"
    "memorysetup-profiler-editor-allocator-block-size=1048576"
    "memorysetup-temp-allocator-size-main=16777216"
    "memorysetup-job-temp-allocator-block-size=2097152"
    "memorysetup-job-temp-allocator-block-size-background=1048576"
    "memorysetup-job-temp-allocator-reduction-small-platforms=262144"
    "memorysetup-temp-allocator-size-background-worker=32768"
    "memorysetup-temp-allocator-size-job-worker=262144"
    "memorysetup-temp-allocator-size-preload-manager=33554432"
    "memorysetup-temp-allocator-size-nav-mesh-worker=65536"
    "memorysetup-temp-allocator-size-audio-worker=65536"
    "memorysetup-temp-allocator-size-cloud-worker=32768"
    "memorysetup-temp-allocator-size-gi-baking-worker=262144"
    "memorysetup-temp-allocator-size-gfx=262144"
Player connection [8684] Host "[IP] 192.168.0.103 [Port] 0 [Flags] 2 [Guid] 1838388885 [EditorId] 1838388885 [Version] 1048832 [Id] WindowsEditor(7,DESKTOP-M35Q0EG) [Debug] 1 [PackageName] WindowsEditor [ProjectName] Editor" joined multi-casting on [225.0.0.222:54997]...

Player connection [8684] Host "[IP] 192.168.0.103 [Port] 0 [Flags] 2 [Guid] 1838388885 [EditorId] 1838388885 [Version] 1048832 [Id] WindowsEditor(7,DESKTOP-M35Q0EG) [Debug] 1 [PackageName] WindowsEditor [ProjectName] Editor" joined alternative multi-casting on [225.0.0.222:34997]...

Refreshing native plugins compatible for Editor in 8.79 ms, found 4 plugins.
Preloading 1 native plugins for Editor in 0.84 ms.
Initialize engine version: 2022.2.7f1 (8331acaee5d3)
[Subsystems] Discovering subsystems at path C:/Program Files/Unity/Hub/Editor/2022.2.7f1/Editor/Data/Resources/UnitySubsystems
[Subsystems] Discovering subsystems at path D:/Trash Project/NUIIntergration/Assets
GfxDevice: creating device client; threaded=0; jobified=0
Direct3D:
    Version:  Direct3D 11.0 [level 11.1]
    Renderer: NVIDIA GeForce RTX 3070 Laptop GPU (ID=0x249d)
    Vendor:   NVIDIA
    VRAM:     8044 MB
    Driver:   30.0.15.1165
Initialize mono
Mono path[0] = 'C:/Program Files/Unity/Hub/Editor/2022.2.7f1/Editor/Data/Managed'
Mono path[1] = 'C:/Program Files/Unity/Hub/Editor/2022.2.7f1/Editor/Data/MonoBleedingEdge/lib/mono/unityjit-win32'
Mono config path = 'C:/Program Files/Unity/Hub/Editor/2022.2.7f1/Editor/Data/MonoBleedingEdge/etc'
Using monoOptions --debugger-agent=transport=dt_socket,embedding=1,server=y,suspend=n,address=127.0.0.1:56136
Begin MonoManager ReloadAssembly
Registering precompiled unity dll's ...
Register platform support module: C:/Program Files/Unity/Hub/Editor/2022.2.7f1/Editor/Data/PlaybackEngines/WindowsStandaloneSupport/UnityEditor.WindowsStandalone.Extensions.dll
Registered in 0.006439 seconds.
- Loaded All Assemblies, in  0.256 seconds
Native extension for WindowsStandalone target not found
Mono: successfully reloaded assembly
- Finished resetting the current domain, in  0.211 seconds
Domain Reload Profiling:
	ReloadAssembly (149ms)
		BeginReloadAssembly (57ms)
			ExecutionOrderSort (0ms)
			DisableScriptedObjects (0ms)
			BackupInstance (0ms)
			ReleaseScriptingObjects (0ms)
			CreateAndSetChildDomain (1ms)
		LoadAllAssembliesAndSetupDomain (0ms)
			LoadAssemblies (55ms)
			RebuildTransferFunctionScriptingTraits (0ms)
			SetupTypeCache (101ms)
				TypeCache.Initialize (100ms)
					TypeCache.ScanAssembly (99ms)
				ResolveRequiredComponents (0ms)
		FinalizeReload (0ms)
			ReleaseScriptCaches (0ms)
			RebuildScriptCaches (0ms)
			SetupLoadedEditorAssemblies (165ms)
				LogAssemblyErrors (0ms)
				InitializePlatformSupportModulesInManaged (10ms)
				SetLoadedEditorAssemblies (6ms)
				RefreshPlugins (0ms)
				BeforeProcessingInitializeOnLoad (1ms)
				ProcessInitializeOnLoadAttributes (111ms)
				ProcessInitializeOnLoadMethodAttributes (37ms)
				AfterProcessingInitializeOnLoad (0ms)
				EditorAssembliesLoaded (0ms)
			ExecutionOrderSort2 (0ms)
			AwakeInstancesAfterBackupRestoration (0ms)
========================================================================
Worker process is ready to serve import requests
Begin MonoManager ReloadAssembly
- Loaded All Assemblies, in  0.775 seconds
Refreshing native plugins compatible for Editor in 4.09 ms, found 4 plugins.
Native extension for WindowsStandalone target not found
Mono: successfully reloaded assembly
- Finished resetting the current domain, in  0.491 seconds
Domain Reload Profiling:
	ReloadAssembly (179ms)
		BeginReloadAssembly (97ms)
			ExecutionOrderSort (0ms)
			DisableScriptedObjects (4ms)
			BackupInstance (0ms)
			ReleaseScriptingObjects (0ms)
			CreateAndSetChildDomain (19ms)
		LoadAllAssembliesAndSetupDomain (595ms)
			LoadAssemblies (196ms)
			RebuildTransferFunctionScriptingTraits (0ms)
			SetupTypeCache (439ms)
				TypeCache.Initialize (230ms)
					TypeCache.ScanAssembly (225ms)
				ResolveRequiredComponents (5ms)
		FinalizeReload (0ms)
			ReleaseScriptCaches (0ms)
			RebuildScriptCaches (0ms)
			SetupLoadedEditorAssemblies (350ms)
				LogAssemblyErrors (0ms)
				InitializePlatformSupportModulesInManaged (5ms)
				SetLoadedEditorAssemblies (4ms)
				RefreshPlugins (0ms)
				BeforeProcessingInitializeOnLoad (54ms)
				ProcessInitializeOnLoadAttributes (261ms)
				ProcessInitializeOnLoadMethodAttributes (18ms)
				AfterProcessingInitializeOnLoad (8ms)
				EditorAssembliesLoaded (0ms)
			ExecutionOrderSort2 (0ms)
			AwakeInstancesAfterBackupRestoration (7ms)
Launched and connected shader compiler UnityShaderCompiler.exe after 0.05 seconds
Refreshing native plugins compatible for Editor in 4.40 ms, found 4 plugins.
Preloading 1 native plugins for Editor in 0.03 ms.
Unloading 4165 Unused Serialized files (Serialized files now loaded: 0)
Unloading 40 unused Assets / (74.1 KB). Loaded Objects now: 4616.
Memory consumption went from 0.62 GB to 0.62 GB.
Total: 3.705500 ms (FindLiveObjects: 0.371700 ms CreateObjectMapping: 0.150800 ms MarkObjects: 3.052200 ms  DeleteObjects: 0.129800 ms)

AssetImportParameters requested are different than current active one (requested -> active):
  custom:container-demuxer-ogg: 62fdf1f143b41e24485cea50d1cbac27 -> 
  custom:video-decoder-ogg-theora: a1e56fd34408186e4bbccfd4996cb3dc -> 
  custom:framework-win-MediaFoundation: 216162199b28c13a410421893ffa2e32 -> 
  custom:container-demuxer-webm: 4f35f7cbe854078d1ac9338744f61a02 -> 
  custom:container-muxer-webm: aa71ff27fc2769a1b78a27578f13a17b -> 
  custom:video-decoder-webm-vp8: 9c59270c3fd7afecdb556c50c9e8de78 -> 
  custom:AudioImporter_EditorPlatform: d09bf68614088b80899f8185d706f6e7 -> 
  custom:video-encoder-webm-vp8: eb34c28f22e8b96e1ab97ce403110664 -> 
  custom:audio-decoder-ogg-vorbis: bf7c407c2cedff20999df2af8eb42d56 -> 
  custom:audio-encoder-webm-vorbis: bf7c407c2cedff20999df2af8eb42d56 -> 
========================================================================
Received Import Request.
  Time since last request: 443268.989030 seconds.
  path: Assets/NoesisGUI/SmartTwin.NoesisGUI-blend.csproj
  artifactKey: Guid(727114cf81cea4d49826dac0b1960bda) Importer(2089858483,0ecaa5967403d082aa24f35e1b516d23)
Start importing Assets/NoesisGUI/SmartTwin.NoesisGUI-blend.csproj using Guid(727114cf81cea4d49826dac0b1960bda) Importer(2089858483,0ecaa5967403d082aa24f35e1b516d23)  -> (artifact id: '3aa3282fc4cac9bbb671f4579ec6081a') in 0.148884 seconds 
Number of updated asset objects reloaded before import = 0
Number of asset objects unloaded after import = 1
========================================================================
Received Import Request.
  Time since last request: 0.000035 seconds.
  path: Assets/NoesisGUI/Source/Core/Screens/MainScreen.cs
  artifactKey: Guid(0a721559c442d9b4085ac91fadf8ab15) Importer(2089858483,0ecaa5967403d082aa24f35e1b516d23)
Start importing Assets/NoesisGUI/Source/Core/Screens/MainScreen.cs using Guid(0a721559c442d9b4085ac91fadf8ab15) Importer(2089858483,0ecaa5967403d082aa24f35e1b516d23)  -> (artifact id: '56943bf8e0ac103fc370d8608be3bc14') in 0.028749 seconds 
Number of updated asset objects reloaded before import = 0
Number of asset objects unloaded after import = 1
========================================================================
Received Import Request.
  Time since last request: 0.000028 seconds.
  path: Assets/NoesisGUI/Source/Core/Engine/NoesisEngine.cs
  artifactKey: Guid(06258cd74d65d8e49824ad1cf9a6ab93) Importer(2089858483,0ecaa5967403d082aa24f35e1b516d23)
Start importing Assets/NoesisGUI/Source/Core/Engine/NoesisEngine.cs using Guid(06258cd74d65d8e49824ad1cf9a6ab93) Importer(2089858483,0ecaa5967403d082aa24f35e1b516d23)  -> (artifact id: 'e751c6274b9c825be87a98314c86a3e9') in 0.010376 seconds 
Number of updated asset objects reloaded before import = 0
Number of asset objects unloaded after import = 1
========================================================================
Received Import Request.
  Time since last request: 0.000034 seconds.
  path: Assets/NoesisGUI/Source/Core/Views/BaseView.cs
  artifactKey: Guid(eab3e28a1eed0a149bce02b20b408845) Importer(2089858483,0ecaa5967403d082aa24f35e1b516d23)
Start importing Assets/NoesisGUI/Source/Core/Views/BaseView.cs using Guid(eab3e28a1eed0a149bce02b20b408845) Importer(2089858483,0ecaa5967403d082aa24f35e1b516d23)  -> (artifact id: '87bc245c6ac60ce2144518688f13c32b') in 0.013748 seconds 
Number of updated asset objects reloaded before import = 0
Number of asset objects unloaded after import = 1
========================================================================
Received Import Request.
  Time since last request: 0.000021 seconds.
  path: Assets/NoesisGUI/Source/Regions/Factories/ViewFactory.cs
  artifactKey: Guid(320c7c8bd15cc3745a1c779642f7ed10) Importer(2089858483,0ecaa5967403d082aa24f35e1b516d23)
Start importing Assets/NoesisGUI/Source/Regions/Factories/ViewFactory.cs using Guid(320c7c8bd15cc3745a1c779642f7ed10) Importer(2089858483,0ecaa5967403d082aa24f35e1b516d23)  -> (artifact id: '9ca99152d66d160cfced615fe31da3b9') in 0.009780 seconds 
Number of updated asset objects reloaded before import = 0
Number of asset objects unloaded after import = 1
========================================================================
Received Import Request.
  Time since last request: 0.000024 seconds.
  path: Assets/NoesisGUI/Source/Regions/Factories/IViewFactory.cs
  artifactKey: Guid(f383903ed53175c42b1ab274151182c3) Importer(2089858483,0ecaa5967403d082aa24f35e1b516d23)
Start importing Assets/NoesisGUI/Source/Regions/Factories/IViewFactory.cs using Guid(f383903ed53175c42b1ab274151182c3) Importer(2089858483,0ecaa5967403d082aa24f35e1b516d23)  -> (artifact id: '191faf5c1eabb4922e1e431422e404ab') in 0.012220 seconds 
Number of updated asset objects reloaded before import = 0
Number of asset objects unloaded after import = 1
========================================================================
Received Import Request.
  Time since last request: 0.000026 seconds.
  path: Assets/NoesisGUI/Themes/Media/Geometry/References/ClosingAllWindowsIcon.svg
  artifactKey: Guid(e7b4e114fd10c22419ea214b5369cd71) Importer(2089858483,0ecaa5967403d082aa24f35e1b516d23)
Start importing Assets/NoesisGUI/Themes/Media/Geometry/References/ClosingAllWindowsIcon.svg using Guid(e7b4e114fd10c22419ea214b5369cd71) Importer(2089858483,0ecaa5967403d082aa24f35e1b516d23)  -> (artifact id: '98f19351284db2839741b74d41017bd2') in 0.011413 seconds 
Number of updated asset objects reloaded before import = 0
Number of asset objects unloaded after import = 1
========================================================================
Received Import Request.
  Time since last request: 0.000024 seconds.
  path: Assets/NoesisGUI/SmartTwin.NoesisGUI-blend.csproj.user
  artifactKey: Guid(bf9f50d878ea14b44b4df038d6203466) Importer(2089858483,0ecaa5967403d082aa24f35e1b516d23)
Start importing Assets/NoesisGUI/SmartTwin.NoesisGUI-blend.csproj.user using Guid(bf9f50d878ea14b44b4df038d6203466) Importer(2089858483,0ecaa5967403d082aa24f35e1b516d23)  -> (artifact id: '017d6417745da349a934fe29b230816b') in 0.009757 seconds 
Number of updated asset objects reloaded before import = 0
Number of asset objects unloaded after import = 1
========================================================================
Received Import Request.
  Time since last request: 0.000026 seconds.
  path: Assets/NoesisGUI/Source/Storage/DesignResourcesDictionary.cs
  artifactKey: Guid(2c474558aaa137f42a0014f03f21b217) Importer(2089858483,0ecaa5967403d082aa24f35e1b516d23)
Start importing Assets/NoesisGUI/Source/Storage/DesignResourcesDictionary.cs using Guid(2c474558aaa137f42a0014f03f21b217) Importer(2089858483,0ecaa5967403d082aa24f35e1b516d23)  -> (artifact id: 'f906c625925597d627806014783b92bf') in 0.012601 seconds 
Number of updated asset objects reloaded before import = 0
Number of asset objects unloaded after import = 1
========================================================================
Received Import Request.
  Time since last request: 0.000032 seconds.
  path: Assets/NoesisGUI/Themes/Media/Geometry/References/SVGtoXAML.xaml
  artifactKey: Guid(a99e85c25847f1e499e4caef50353d4a) Importer(2089858483,0ecaa5967403d082aa24f35e1b516d23)
Start importing Assets/NoesisGUI/Themes/Media/Geometry/References/SVGtoXAML.xaml using Guid(a99e85c25847f1e499e4caef50353d4a) Importer(2089858483,0ecaa5967403d082aa24f35e1b516d23)  -> (artifact id: '7c358f803cb157a3f4ea4714a8288c08') in 0.031257 seconds 
Number of updated asset objects reloaded before import = 0
Number of asset objects unloaded after import = 1
========================================================================
Received Import Request.
  Time since last request: 0.000021 seconds.
  path: Assets/NoesisGUI/Source/Regions/Region Behaviors/PanelRegionBehavior.cs
  artifactKey: Guid(e9924d6cdef8ed84f8c63e50757e2331) Importer(2089858483,0ecaa5967403d082aa24f35e1b516d23)
Start importing Assets/NoesisGUI/Source/Regions/Region Behaviors/PanelRegionBehavior.cs using Guid(e9924d6cdef8ed84f8c63e50757e2331) Importer(2089858483,0ecaa5967403d082aa24f35e1b516d23)  -> (artifact id: 'c31c0ff040658028f6b80a15446b566e') in 0.012978 seconds 
Number of updated asset objects reloaded before import = 0
Number of asset objects unloaded after import = 1
========================================================================
Received Import Request.
  Time since last request: 0.000019 seconds.
  path: Assets/NoesisGUI/Source/Editor/SmartTwinNoesisMenuBlend.cs
  artifactKey: Guid(fc81f2095242ff946b38a92e0195f10a) Importer(2089858483,0ecaa5967403d082aa24f35e1b516d23)
Start importing Assets/NoesisGUI/Source/Editor/SmartTwinNoesisMenuBlend.cs using Guid(fc81f2095242ff946b38a92e0195f10a) Importer(2089858483,0ecaa5967403d082aa24f35e1b516d23)  -> (artifact id: '6fd763d47e8fd96d7005f997be76b072') in 0.011745 seconds 
Number of updated asset objects reloaded before import = 0
Number of asset objects unloaded after import = 1
========================================================================
Received Import Request.
  Time since last request: 0.000018 seconds.
  path: Assets/NoesisGUI/Themes/Fonts/Montserrat/static/Montserrat-MediumItalic.ttf
  artifactKey: Guid(c267695e0a13dd240a51616a0b1c6b25) Importer(2089858483,0ecaa5967403d082aa24f35e1b516d23)
Start importing Assets/NoesisGUI/Themes/Fonts/Montserrat/static/Montserrat-MediumItalic.ttf using Guid(c267695e0a13dd240a51616a0b1c6b25) Importer(2089858483,0ecaa5967403d082aa24f35e1b516d23)  -> (artifact id: '3897abd02e10843922875aa641c1a020') in 0.012149 seconds 
Number of updated asset objects reloaded before import = 0
Number of asset objects unloaded after import = 1
========================================================================
Received Import Request.
  Time since last request: 0.000031 seconds.
  path: Assets/NoesisGUI/Themes/Fonts/Montserrat/OFL.txt
  artifactKey: Guid(47f55c50b73d32f408634da7a5434db2) Importer(2089858483,0ecaa5967403d082aa24f35e1b516d23)
Start importing Assets/NoesisGUI/Themes/Fonts/Montserrat/OFL.txt using Guid(47f55c50b73d32f408634da7a5434db2) Importer(2089858483,0ecaa5967403d082aa24f35e1b516d23)  -> (artifact id: '4ed8cdd8ce704503e5dbd6e3dede2adb') in 0.009211 seconds 
Number of updated asset objects reloaded before import = 0
Number of asset objects unloaded after import = 1
========================================================================
Received Import Request.
  Time since last request: 0.000022 seconds.
  path: Assets/NoesisGUI/Themes/Fonts/Montserrat/static/Montserrat-SemiBoldItalic.ttf
  artifactKey: Guid(68ffaf07476eae740b59688cf6cfc2e9) Importer(2089858483,0ecaa5967403d082aa24f35e1b516d23)
Start importing Assets/NoesisGUI/Themes/Fonts/Montserrat/static/Montserrat-SemiBoldItalic.ttf using Guid(68ffaf07476eae740b59688cf6cfc2e9) Importer(2089858483,0ecaa5967403d082aa24f35e1b516d23)  -> (artifact id: 'e1448dfd5dcb85d6a8639af598b82844') in 0.010865 seconds 
Number of updated asset objects reloaded before import = 0
Number of asset objects unloaded after import = 1
========================================================================
Received Import Request.
  Time since last request: 0.000017 seconds.
  path: Assets/NoesisGUI/Themes/Fonts/Montserrat/static/Montserrat-ExtraLightItalic.ttf
  artifactKey: Guid(91c5c8e3333570f439b4a4cb9fe7aa62) Importer(2089858483,0ecaa5967403d082aa24f35e1b516d23)
Start importing Assets/NoesisGUI/Themes/Fonts/Montserrat/static/Montserrat-ExtraLightItalic.ttf using Guid(91c5c8e3333570f439b4a4cb9fe7aa62) Importer(2089858483,0ecaa5967403d082aa24f35e1b516d23)  -> (artifact id: 'eb45de2b09110f2c63066899348da376') in 0.008600 seconds 
Number of updated asset objects reloaded before import = 0
Number of asset objects unloaded after import = 1
========================================================================
Received Import Request.
  Time since last request: 0.000017 seconds.
  path: Assets/NoesisGUI/Themes/Fonts/Montserrat/static/Montserrat-Black.ttf
  artifactKey: Guid(488841cd6e7cc7f469594f2065c30b3a) Importer(2089858483,0ecaa5967403d082aa24f35e1b516d23)
Start importing Assets/NoesisGUI/Themes/Fonts/Montserrat/static/Montserrat-Black.ttf using Guid(488841cd6e7cc7f469594f2065c30b3a) Importer(2089858483,0ecaa5967403d082aa24f35e1b516d23)  -> (artifact id: 'e02e441a1c6e436192ba60f32091f818') in 0.009337 seconds 
Number of updated asset objects reloaded before import = 0
Number of asset objects unloaded after import = 1
========================================================================
Received Import Request.
  Time since last request: 0.000014 seconds.
  path: Assets/Scenes/SampleScene.unity
  artifactKey: Guid(9fc0d4010bbf28b4594072e72b8655ab) Importer(2089858483,0ecaa5967403d082aa24f35e1b516d23)
Start importing Assets/Scenes/SampleScene.unity using Guid(9fc0d4010bbf28b4594072e72b8655ab) Importer(2089858483,0ecaa5967403d082aa24f35e1b516d23)  -> (artifact id: 'e0e695d01bf66a737804a07629296c81') in 0.008672 seconds 
Number of updated asset objects reloaded before import = 0
Number of asset objects unloaded after import = 1
========================================================================
Received Import Request.
  Time since last request: 0.000021 seconds.
  path: Assets/NoesisGUI/Source/Design/AttachedProperties/VisibleMode.cs
  artifactKey: Guid(c5b971e07e6f6ab47a78e3d59767a7e3) Importer(2089858483,0ecaa5967403d082aa24f35e1b516d23)
Start importing Assets/NoesisGUI/Source/Design/AttachedProperties/VisibleMode.cs using Guid(c5b971e07e6f6ab47a78e3d59767a7e3) Importer(2089858483,0ecaa5967403d082aa24f35e1b516d23)  -> (artifact id: 'b4b48d14a73b4a1d0ca09f4287676503') in 0.010056 seconds 
Number of updated asset objects reloaded before import = 0
Number of asset objects unloaded after import = 1
========================================================================
Received Import Request.
  Time since last request: 0.000032 seconds.
  path: Assets/NoesisGUI/Themes/Fonts/Montserrat/static/Montserrat-ExtraBoldItalic.ttf
  artifactKey: Guid(93db84caeabc65b4db9de7071283173b) Importer(2089858483,0ecaa5967403d082aa24f35e1b516d23)
Start importing Assets/NoesisGUI/Themes/Fonts/Montserrat/static/Montserrat-ExtraBoldItalic.ttf using Guid(93db84caeabc65b4db9de7071283173b) Importer(2089858483,0ecaa5967403d082aa24f35e1b516d23)  -> (artifact id: '1d283efade9fddabb996ab1af8561491') in 0.011891 seconds 
Number of updated asset objects reloaded before import = 0
Number of asset objects unloaded after import = 1
========================================================================
Received Import Request.
  Time since last request: 0.000025 seconds.
  path: Assets/NoesisGUI/Themes/Fonts/Montserrat/static/Montserrat-BoldItalic.ttf
  artifactKey: Guid(f88d799b38f55f841ad6943e4e893ac2) Importer(2089858483,0ecaa5967403d082aa24f35e1b516d23)
Start importing Assets/NoesisGUI/Themes/Fonts/Montserrat/static/Montserrat-BoldItalic.ttf using Guid(f88d799b38f55f841ad6943e4e893ac2) Importer(2089858483,0ecaa5967403d082aa24f35e1b516d23)  -> (artifact id: 'cea087714bb03dea85d62c259d0aff0e') in 0.008640 seconds 
Number of updated asset objects reloaded before import = 0
Number of asset objects unloaded after import = 1
========================================================================
Received Import Request.
  Time since last request: 0.000019 seconds.
  path: Assets/NoesisGUI/Themes/Fonts/Montserrat/static/Montserrat-Bold.ttf
  artifactKey: Guid(33c886278137c63489124437a7cdf69c) Importer(2089858483,0ecaa5967403d082aa24f35e1b516d23)
Start importing Assets/NoesisGUI/Themes/Fonts/Montserrat/static/Montserrat-Bold.ttf using Guid(33c886278137c63489124437a7cdf69c) Importer(2089858483,0ecaa5967403d082aa24f35e1b516d23)  -> (artifact id: '1636f3b03fd577cece1dd41848f9af69') in 0.009872 seconds 
Number of updated asset objects reloaded before import = 0
Number of asset objects unloaded after import = 1
========================================================================
Received Import Request.
  Time since last request: 0.000031 seconds.
  path: Assets/NoesisGUI/Source/Regions/Factories/SingletonViewFactory.cs
  artifactKey: Guid(01d7881217d032b40b21f168f2483bf2) Importer(2089858483,0ecaa5967403d082aa24f35e1b516d23)
Start importing Assets/NoesisGUI/Source/Regions/Factories/SingletonViewFactory.cs using Guid(01d7881217d032b40b21f168f2483bf2) Importer(2089858483,0ecaa5967403d082aa24f35e1b516d23)  -> (artifact id: 'f4d86637dfc0d91d1bfa0429ae8d0d46') in 0.008276 seconds 
Number of updated asset objects reloaded before import = 0
Number of asset objects unloaded after import = 1
========================================================================
Received Import Request.
  Time since last request: 0.000016 seconds.
  path: Assets/NoesisGUI/Source/Tools/VisualTreeExtensions.cs
  artifactKey: Guid(9f39449a0e2e01844889848e5d1394a6) Importer(2089858483,0ecaa5967403d082aa24f35e1b516d23)
Start importing Assets/NoesisGUI/Source/Tools/VisualTreeExtensions.cs using Guid(9f39449a0e2e01844889848e5d1394a6) Importer(2089858483,0ecaa5967403d082aa24f35e1b516d23)  -> (artifact id: '61319110a16053e5d4abe24a471766df') in 0.010098 seconds 
Number of updated asset objects reloaded before import = 0
Number of asset objects unloaded after import = 1
========================================================================
Received Import Request.
  Time since last request: 0.000016 seconds.
  path: Assets/NoesisGUI/Source/Regions/Extensions/RegionExtension.cs
  artifactKey: Guid(7beea8f75ebaa244d9517a6cf4baf537) Importer(2089858483,0ecaa5967403d082aa24f35e1b516d23)
Start importing Assets/NoesisGUI/Source/Regions/Extensions/RegionExtension.cs using Guid(7beea8f75ebaa244d9517a6cf4baf537) Importer(2089858483,0ecaa5967403d082aa24f35e1b516d23)  -> (artifact id: '049e49f6c1e75b61fc981001226f7908') in 0.008308 seconds 
Number of updated asset objects reloaded before import = 0
Number of asset objects unloaded after import = 1
========================================================================
Received Import Request.
  Time since last request: 0.000052 seconds.
  path: Assets/NoesisGUI/Themes/Fonts/Montserrat/static/Montserrat-ExtraBold.ttf
  artifactKey: Guid(e1e5032c151dbd844a341f87f012dabd) Importer(2089858483,0ecaa5967403d082aa24f35e1b516d23)
Start importing Assets/NoesisGUI/Themes/Fonts/Montserrat/static/Montserrat-ExtraBold.ttf using Guid(e1e5032c151dbd844a341f87f012dabd) Importer(2089858483,0ecaa5967403d082aa24f35e1b516d23)  -> (artifact id: 'a18ec06eff2f6430db1af418858fd705') in 0.011048 seconds 
Number of updated asset objects reloaded before import = 0
Number of asset objects unloaded after import = 1
========================================================================
Received Import Request.
  Time since last request: 0.000022 seconds.
  path: Assets/NoesisGUI/Themes/Media/Geometry/References/YardOccupancyMapIcon.svg
  artifactKey: Guid(dc95bf3222e72bf4c89f58319a3516f3) Importer(2089858483,0ecaa5967403d082aa24f35e1b516d23)
Start importing Assets/NoesisGUI/Themes/Media/Geometry/References/YardOccupancyMapIcon.svg using Guid(dc95bf3222e72bf4c89f58319a3516f3) Importer(2089858483,0ecaa5967403d082aa24f35e1b516d23)  -> (artifact id: '274848c4cad5eb6ad7c1833ba85ad2d6') in 0.009089 seconds 
Number of updated asset objects reloaded before import = 0
Number of asset objects unloaded after import = 1
========================================================================
Received Import Request.
  Time since last request: 0.000024 seconds.
  path: Assets/NoesisGUI/Source/Design/Controls/Buttons/IconButton.cs
  artifactKey: Guid(0734bd118a2900e488646d48305f13e4) Importer(2089858483,0ecaa5967403d082aa24f35e1b516d23)
Start importing Assets/NoesisGUI/Source/Design/Controls/Buttons/IconButton.cs using Guid(0734bd118a2900e488646d48305f13e4) Importer(2089858483,0ecaa5967403d082aa24f35e1b516d23)  -> (artifact id: '47a007be94d74a95d64ffc799ee92db7') in 0.008912 seconds 
Number of updated asset objects reloaded before import = 0
Number of asset objects unloaded after import = 1
========================================================================
Received Import Request.
  Time since last request: 0.000022 seconds.
  path: Assets/NoesisGUI/Themes/Fonts/Montserrat/static/Montserrat-Italic.ttf
  artifactKey: Guid(8202ecba17c775b488bcc872f9a27507) Importer(2089858483,0ecaa5967403d082aa24f35e1b516d23)
Start importing Assets/NoesisGUI/Themes/Fonts/Montserrat/static/Montserrat-Italic.ttf using Guid(8202ecba17c775b488bcc872f9a27507) Importer(2089858483,0ecaa5967403d082aa24f35e1b516d23)  -> (artifact id: '1bea0b81e1c6224d1902295662035e6d') in 0.010200 seconds 
Number of updated asset objects reloaded before import = 0
Number of asset objects unloaded after import = 1
========================================================================
Received Import Request.
  Time since last request: 0.000021 seconds.
  path: Assets/NoesisGUI/Themes/Media/Geometry/References/EventFeedIcon.svg
  artifactKey: Guid(86ea8f5a35de5f44a9309a6c94efaba4) Importer(2089858483,0ecaa5967403d082aa24f35e1b516d23)
Start importing Assets/NoesisGUI/Themes/Media/Geometry/References/EventFeedIcon.svg using Guid(86ea8f5a35de5f44a9309a6c94efaba4) Importer(2089858483,0ecaa5967403d082aa24f35e1b516d23)  -> (artifact id: 'abacd3a38cd71f038960d989f6425d3e') in 0.009347 seconds 
Number of updated asset objects reloaded before import = 0
Number of asset objects unloaded after import = 1
========================================================================
Received Import Request.
  Time since last request: 0.000025 seconds.
  path: Assets/NoesisGUI/Themes/Generic.xaml
  artifactKey: Guid(88f8c55780a75794a8c069bf5c49f47d) Importer(2089858483,0ecaa5967403d082aa24f35e1b516d23)
Start importing Assets/NoesisGUI/Themes/Generic.xaml using Guid(88f8c55780a75794a8c069bf5c49f47d) Importer(2089858483,0ecaa5967403d082aa24f35e1b516d23)  -> (artifact id: '9ba8e9d6379faf2a9da9b75d08e5c241') in 0.023632 seconds 
Number of updated asset objects reloaded before import = 0
Number of asset objects unloaded after import = 19
========================================================================
Received Import Request.
  Time since last request: 0.000021 seconds.
  path: Assets/NoesisGUI/Source/Regions/Extensions/ViewRegistrationDiExtensions.cs
  artifactKey: Guid(ade482be25feeda4084d064e5e9577a7) Importer(2089858483,0ecaa5967403d082aa24f35e1b516d23)
Start importing Assets/NoesisGUI/Source/Regions/Extensions/ViewRegistrationDiExtensions.cs using Guid(ade482be25feeda4084d064e5e9577a7) Importer(2089858483,0ecaa5967403d082aa24f35e1b516d23)  -> (artifact id: '8ee603f7fb82b21ca160e6da0f7f5cfc') in 0.009652 seconds 
Number of updated asset objects reloaded before import = 0
Number of asset objects unloaded after import = 1
========================================================================
Received Import Request.
  Time since last request: 0.000018 seconds.
  path: Assets/NoesisGUI/Themes/Fonts/Montserrat/static/Montserrat-LightItalic.ttf
  artifactKey: Guid(a9ab02306eb29154fa27064445f61bd3) Importer(2089858483,0ecaa5967403d082aa24f35e1b516d23)
Start importing Assets/NoesisGUI/Themes/Fonts/Montserrat/static/Montserrat-LightItalic.ttf using Guid(a9ab02306eb29154fa27064445f61bd3) Importer(2089858483,0ecaa5967403d082aa24f35e1b516d23)  -> (artifact id: '02b97fb12028afe9cd7c780414168678') in 0.012744 seconds 
Number of updated asset objects reloaded before import = 0
Number of asset objects unloaded after import = 1
========================================================================
Received Import Request.
  Time since last request: 0.000070 seconds.
  path: Assets/NoesisGUI/Themes/Media/Geometry/References/ActivePinIcon.svg
  artifactKey: Guid(b76e8895286024546b7730a403793344) Importer(2089858483,0ecaa5967403d082aa24f35e1b516d23)
Start importing Assets/NoesisGUI/Themes/Media/Geometry/References/ActivePinIcon.svg using Guid(b76e8895286024546b7730a403793344) Importer(2089858483,0ecaa5967403d082aa24f35e1b516d23)  -> (artifact id: '8b2ca482f66406ff5246124713381457') in 0.008709 seconds 
Number of updated asset objects reloaded before import = 0
Number of asset objects unloaded after import = 1
========================================================================
Received Import Request.
  Time since last request: 0.000016 seconds.
  path: Assets/NoesisGUI/Themes/Fonts/Montserrat/Montserrat-Italic-VariableFont_wght.ttf
  artifactKey: Guid(e9cca99f63b11aa459877b9af0bdf7c4) Importer(2089858483,0ecaa5967403d082aa24f35e1b516d23)
Start importing Assets/NoesisGUI/Themes/Fonts/Montserrat/Montserrat-Italic-VariableFont_wght.ttf using Guid(e9cca99f63b11aa459877b9af0bdf7c4) Importer(2089858483,0ecaa5967403d082aa24f35e1b516d23)  -> (artifact id: 'cc476d0faeae70c946e41edc86534bb8') in 0.012557 seconds 
Number of updated asset objects reloaded before import = 0
Number of asset objects unloaded after import = 1
========================================================================
Received Import Request.
  Time since last request: 0.000019 seconds.
  path: Assets/NoesisGUI/Source/Core/Commands/DestroyViewCommand.cs
  artifactKey: Guid(451b95a1ddfdfdb4cb8e311a504149be) Importer(2089858483,0ecaa5967403d082aa24f35e1b516d23)
Start importing Assets/NoesisGUI/Source/Core/Commands/DestroyViewCommand.cs using Guid(451b95a1ddfdfdb4cb8e311a504149be) Importer(2089858483,0ecaa5967403d082aa24f35e1b516d23)  -> (artifact id: 'afb303a678c4b2404a11c3ec7ad6c3f9') in 0.008540 seconds 
Number of updated asset objects reloaded before import = 0
Number of asset objects unloaded after import = 1
========================================================================
Received Import Request.
  Time since last request: 0.000014 seconds.
  path: Assets/NoesisGUI/Source/Design/Behaviors/DraggableBehavior.cs
  artifactKey: Guid(09c9aa5c7fc911843ad2100d7c844599) Importer(2089858483,0ecaa5967403d082aa24f35e1b516d23)
Start importing Assets/NoesisGUI/Source/Design/Behaviors/DraggableBehavior.cs using Guid(09c9aa5c7fc911843ad2100d7c844599) Importer(2089858483,0ecaa5967403d082aa24f35e1b516d23)  -> (artifact id: 'd36db33f8e0f6a0710c3e2122afc5230') in 0.009766 seconds 
Number of updated asset objects reloaded before import = 0
Number of asset objects unloaded after import = 1
========================================================================
Received Import Request.
  Time since last request: 0.000100 seconds.
  path: Assets/NoesisGUI/Source/Design/Converters/VisiblilityConverter.cs
  artifactKey: Guid(03187ade33f85454f994b4bff18bdff2) Importer(2089858483,0ecaa5967403d082aa24f35e1b516d23)
Start importing Assets/NoesisGUI/Source/Design/Converters/VisiblilityConverter.cs using Guid(03187ade33f85454f994b4bff18bdff2) Importer(2089858483,0ecaa5967403d082aa24f35e1b516d23)  -> (artifact id: 'fbc9810b7e2c00667dc632284125c1ef') in 0.010145 seconds 
Number of updated asset objects reloaded before import = 0
Number of asset objects unloaded after import = 1
========================================================================
Received Import Request.
  Time since last request: 0.000019 seconds.
  path: Assets/NoesisGUI/Source/Design/Controls/SearchBars/SearchBar.cs
  artifactKey: Guid(59102a48c9548774093e3410b73f7921) Importer(2089858483,0ecaa5967403d082aa24f35e1b516d23)
Start importing Assets/NoesisGUI/Source/Design/Controls/SearchBars/SearchBar.cs using Guid(59102a48c9548774093e3410b73f7921) Importer(2089858483,0ecaa5967403d082aa24f35e1b516d23)  -> (artifact id: 'e34450d2293c51047199524b9defc602') in 0.008654 seconds 
Number of updated asset objects reloaded before import = 0
Number of asset objects unloaded after import = 1
========================================================================
Received Import Request.
  Time since last request: 0.000019 seconds.
  path: Assets/NoesisGUI/Themes/Fonts/Montserrat/static/Montserrat-Light.ttf
  artifactKey: Guid(b007a0d280622e24585dcf5efb153c2d) Importer(2089858483,0ecaa5967403d082aa24f35e1b516d23)
Start importing Assets/NoesisGUI/Themes/Fonts/Montserrat/static/Montserrat-Light.ttf using Guid(b007a0d280622e24585dcf5efb153c2d) Importer(2089858483,0ecaa5967403d082aa24f35e1b516d23)  -> (artifact id: 'ea2dff4631d9472289ff61942d6b7f2e') in 0.007989 seconds 
Number of updated asset objects reloaded before import = 0
Number of asset objects unloaded after import = 1
========================================================================
Received Import Request.
  Time since last request: 0.000023 seconds.
  path: Assets/NoesisGUI/Source/Design/Behaviors/NestedScrollBehavior.cs
  artifactKey: Guid(5fd3f97220bf4994f8be3d94a8e6dfa2) Importer(2089858483,0ecaa5967403d082aa24f35e1b516d23)
Start importing Assets/NoesisGUI/Source/Design/Behaviors/NestedScrollBehavior.cs using Guid(5fd3f97220bf4994f8be3d94a8e6dfa2) Importer(2089858483,0ecaa5967403d082aa24f35e1b516d23)  -> (artifact id: '42141d4d3e6ec52bb3a4a8c4720d244b') in 0.008292 seconds 
Number of updated asset objects reloaded before import = 0
Number of asset objects unloaded after import = 1
========================================================================
Received Import Request.
  Time since last request: 0.000034 seconds.
  path: Assets/NoesisGUI/Source/Tools/FrameworkElementExtensions.cs
  artifactKey: Guid(ab7ae762408054b4ba14ebcccdeccb50) Importer(2089858483,0ecaa5967403d082aa24f35e1b516d23)
Start importing Assets/NoesisGUI/Source/Tools/FrameworkElementExtensions.cs using Guid(ab7ae762408054b4ba14ebcccdeccb50) Importer(2089858483,0ecaa5967403d082aa24f35e1b516d23)  -> (artifact id: 'cb514fbc83ef0d6806f88a043f5eddeb') in 0.009188 seconds 
Number of updated asset objects reloaded before import = 0
Number of asset objects unloaded after import = 1
========================================================================
Received Import Request.
  Time since last request: 0.000018 seconds.
  path: Assets/NoesisGUI/Source/Design/Controls/Panels/LayoutStackPanel.cs
  artifactKey: Guid(e25f6754c237d8e4896f5ef45da8a47d) Importer(2089858483,0ecaa5967403d082aa24f35e1b516d23)
Start importing Assets/NoesisGUI/Source/Design/Controls/Panels/LayoutStackPanel.cs using Guid(e25f6754c237d8e4896f5ef45da8a47d) Importer(2089858483,0ecaa5967403d082aa24f35e1b516d23)  -> (artifact id: 'aee628713184fe77f3a4cdba7fe8830d') in 0.008432 seconds 
Number of updated asset objects reloaded before import = 0
Number of asset objects unloaded after import = 1
========================================================================
Received Import Request.
  Time since last request: 0.000016 seconds.
  path: Assets/NoesisGUI/Source/Core/Physics/PhysicsNoesisSystem.cs
  artifactKey: Guid(7c3c9b4404244f94dae3a66331d2f097) Importer(2089858483,0ecaa5967403d082aa24f35e1b516d23)
Start importing Assets/NoesisGUI/Source/Core/Physics/PhysicsNoesisSystem.cs using Guid(7c3c9b4404244f94dae3a66331d2f097) Importer(2089858483,0ecaa5967403d082aa24f35e1b516d23)  -> (artifact id: '2df226ae8b92b45e6c1bf96b4c66528f') in 0.008308 seconds 
Number of updated asset objects reloaded before import = 0
Number of asset objects unloaded after import = 1
========================================================================
Received Import Request.
  Time since last request: 0.000017 seconds.
  path: Assets/NoesisGUI/Source/Design/Converters/NullConditionConverter.cs
  artifactKey: Guid(290f24960e4934344b5749e8c88e5a2d) Importer(2089858483,0ecaa5967403d082aa24f35e1b516d23)
Start importing Assets/NoesisGUI/Source/Design/Converters/NullConditionConverter.cs using Guid(290f24960e4934344b5749e8c88e5a2d) Importer(2089858483,0ecaa5967403d082aa24f35e1b516d23)  -> (artifact id: '5de3c47a0aa6d13a569d91fcfbd64459') in 0.008600 seconds 
Number of updated asset objects reloaded before import = 0
Number of asset objects unloaded after import = 1
========================================================================
Received Import Request.
  Time since last request: 0.000017 seconds.
  path: Assets/NoesisGUI/Source/Zenject/NoesisGUIInstaller.cs
  artifactKey: Guid(32e6d03012f1d4f40972ade6bbad29c6) Importer(2089858483,0ecaa5967403d082aa24f35e1b516d23)
Start importing Assets/NoesisGUI/Source/Zenject/NoesisGUIInstaller.cs using Guid(32e6d03012f1d4f40972ade6bbad29c6) Importer(2089858483,0ecaa5967403d082aa24f35e1b516d23)  -> (artifact id: '04b7dc58b3ceef83b99f28aac70c2529') in 0.009059 seconds 
Number of updated asset objects reloaded before import = 0
Number of asset objects unloaded after import = 1
========================================================================
Received Import Request.
  Time since last request: 0.000035 seconds.
  path: Assets/NoesisGUI/Source/Regions/Management/RegionManager.cs
  artifactKey: Guid(199b83ceae3801848bfc6adba42e9466) Importer(2089858483,0ecaa5967403d082aa24f35e1b516d23)
Start importing Assets/NoesisGUI/Source/Regions/Management/RegionManager.cs using Guid(199b83ceae3801848bfc6adba42e9466) Importer(2089858483,0ecaa5967403d082aa24f35e1b516d23)  -> (artifact id: 'c3dd16224c0a3faeb5096d5b5f3c13e1') in 0.008689 seconds 
Number of updated asset objects reloaded before import = 0
Number of asset objects unloaded after import = 1
========================================================================
Received Import Request.
  Time since last request: 0.000013 seconds.
  path: Assets/NoesisGUI/Source/Design/AttachedProperties/GridDefenition.cs
  artifactKey: Guid(7699a50b479d29e4cb258dbb5d1ebaa0) Importer(2089858483,0ecaa5967403d082aa24f35e1b516d23)
Start importing Assets/NoesisGUI/Source/Design/AttachedProperties/GridDefenition.cs using Guid(7699a50b479d29e4cb258dbb5d1ebaa0) Importer(2089858483,0ecaa5967403d082aa24f35e1b516d23)  -> (artifact id: '9c57abf838b24811635e08e0ffb0e253') in 0.008548 seconds 
Number of updated asset objects reloaded before import = 0
Number of asset objects unloaded after import = 1
========================================================================
Received Import Request.
  Time since last request: 0.000012 seconds.
  path: Assets/NoesisGUI/Themes/Media/Geometry/References/SettingsIcon.svg
  artifactKey: Guid(3697df7abe547fb43b41ce644b106f8e) Importer(2089858483,0ecaa5967403d082aa24f35e1b516d23)
Start importing Assets/NoesisGUI/Themes/Media/Geometry/References/SettingsIcon.svg using Guid(3697df7abe547fb43b41ce644b106f8e) Importer(2089858483,0ecaa5967403d082aa24f35e1b516d23)  -> (artifact id: 'c45d63053292b5ca1c4eb5dcb34345e0') in 0.007918 seconds 
Number of updated asset objects reloaded before import = 0
Number of asset objects unloaded after import = 1
========================================================================
Received Prepare
Refreshing native plugins compatible for Editor in 4.19 ms, found 4 plugins.
Preloading 1 native plugins for Editor in 0.03 ms.
Unloading 201 Unused Serialized files (Serialized files now loaded: 0)
Unloading 1 unused Assets / (22.7 KB). Loaded Objects now: 4817.
Memory consumption went from 96.7 MB to 96.7 MB.
Total: 4.645200 ms (FindLiveObjects: 0.324400 ms CreateObjectMapping: 0.132200 ms MarkObjects: 4.074400 ms  DeleteObjects: 0.113200 ms)

Prepare: number of updated asset objects reloaded= 0
AssetImportParameters requested are different than current active one (requested -> active):
  custom:container-demuxer-ogg: 62fdf1f143b41e24485cea50d1cbac27 -> 
  custom:video-decoder-ogg-theora: a1e56fd34408186e4bbccfd4996cb3dc -> 
  custom:framework-win-MediaFoundation: 216162199b28c13a410421893ffa2e32 -> 
  custom:container-demuxer-webm: 4f35f7cbe854078d1ac9338744f61a02 -> 
  custom:container-muxer-webm: aa71ff27fc2769a1b78a27578f13a17b -> 
  custom:video-decoder-webm-vp8: 9c59270c3fd7afecdb556c50c9e8de78 -> 
  custom:SearchIndexIgnoredProperties: e643bd26f0fe6173181afceb89e7c659 -> 
  custom:AudioImporter_EditorPlatform: d09bf68614088b80899f8185d706f6e7 -> 
  custom:video-encoder-webm-vp8: eb34c28f22e8b96e1ab97ce403110664 -> 
  custom:audio-decoder-ogg-vorbis: bf7c407c2cedff20999df2af8eb42d56 -> 
  custom:audio-encoder-webm-vorbis: bf7c407c2cedff20999df2af8eb42d56 -> 
Editor requested this worker to shutdown with reason: Scaling down because of idle timeout
TcpMessagingSession - receive error: operation aborted. errorcode: 995, details: ќпераци€ ввода/вывода была прервана из-за завершени€ потока команд или по запросу приложени€.
AssetImportWorker is now disconnected from the server
Process exiting
Exiting without the bug reporter. Application will terminate with return code 0