Using pre-set license
Built from '2022.2/staging' branch; Version is '2022.2.7f1 (8331acaee5d3) revision 8597932'; Using compiler version '192829333'; Build Type 'Release'
OS: 'Windows 10  (10.0.19045) 64bit Core' Language: 'ru' Physical Memory: 16085 MB
BatchMode: 1, IsHumanControllingUs: 0, StartBugReporterOnCrash: 0, Is64bit: 1, IsPro: 1

COMMAND LINE ARGUMENTS:
C:\Program Files\Unity\Hub\Editor\2022.2.7f1\Editor\Unity.exe
-adb2
-batchMode
-noUpm
-name
AssetImportWorker0
-projectPath
D:/Trash Project/NUIIntergration
-logFile
Logs/AssetImportWorker0.log
-srvPort
52657
Successfully changed project path to: D:/Trash Project/NUIIntergration
D:/Trash Project/NUIIntergration
[UnityMemory] Configuration Parameters - Can be set up in boot.config
    "memorysetup-bucket-allocator-granularity=16"
    "memorysetup-bucket-allocator-bucket-count=8"
    "memorysetup-bucket-allocator-block-size=33554432"
    "memorysetup-bucket-allocator-block-count=8"
    "memorysetup-main-allocator-block-size=16777216"
    "memorysetup-thread-allocator-block-size=16777216"
    "memorysetup-gfx-main-allocator-block-size=16777216"
    "memorysetup-gfx-thread-allocator-block-size=16777216"
    "memorysetup-cache-allocator-block-size=4194304"
    "memorysetup-typetree-allocator-block-size=2097152"
    "memorysetup-profiler-bucket-allocator-granularity=16"
    "memorysetup-profiler-bucket-allocator-bucket-count=8"
    "memorysetup-profiler-bucket-allocator-block-size=33554432"
    "memorysetup-profiler-bucket-allocator-block-count=8"
    "memorysetup-profiler-allocator-block-size=16777216"
    "memorysetup-profiler-editor-allocator-block-size=1048576"
    "memorysetup-temp-allocator-size-main=16777216"
    "memorysetup-job-temp-allocator-block-size=2097152"
    "memorysetup-job-temp-allocator-block-size-background=1048576"
    "memorysetup-job-temp-allocator-reduction-small-platforms=262144"
    "memorysetup-temp-allocator-size-background-worker=32768"
    "memorysetup-temp-allocator-size-job-worker=262144"
    "memorysetup-temp-allocator-size-preload-manager=33554432"
    "memorysetup-temp-allocator-size-nav-mesh-worker=65536"
    "memorysetup-temp-allocator-size-audio-worker=65536"
    "memorysetup-temp-allocator-size-cloud-worker=32768"
    "memorysetup-temp-allocator-size-gi-baking-worker=262144"
    "memorysetup-temp-allocator-size-gfx=262144"
Player connection [16692] Host "[IP] 192.168.0.103 [Port] 0 [Flags] 2 [Guid] 756435996 [EditorId] 756435996 [Version] 1048832 [Id] WindowsEditor(7,DESKTOP-M35Q0EG) [Debug] 1 [PackageName] WindowsEditor [ProjectName] Editor" joined multi-casting on [225.0.0.222:54997]...

Player connection [16692] Host "[IP] 192.168.0.103 [Port] 0 [Flags] 2 [Guid] 756435996 [EditorId] 756435996 [Version] 1048832 [Id] WindowsEditor(7,DESKTOP-M35Q0EG) [Debug] 1 [PackageName] WindowsEditor [ProjectName] Editor" joined alternative multi-casting on [225.0.0.222:34997]...

Refreshing native plugins compatible for Editor in 8.16 ms, found 4 plugins.
Preloading 1 native plugins for Editor in 0.90 ms.
Initialize engine version: 2022.2.7f1 (8331acaee5d3)
[Subsystems] Discovering subsystems at path C:/Program Files/Unity/Hub/Editor/2022.2.7f1/Editor/Data/Resources/UnitySubsystems
[Subsystems] Discovering subsystems at path D:/Trash Project/NUIIntergration/Assets
GfxDevice: creating device client; threaded=0; jobified=0
Direct3D:
    Version:  Direct3D 11.0 [level 11.1]
    Renderer: NVIDIA GeForce RTX 3070 Laptop GPU (ID=0x249d)
    Vendor:   NVIDIA
    VRAM:     8044 MB
    Driver:   30.0.15.1165
Initialize mono
Mono path[0] = 'C:/Program Files/Unity/Hub/Editor/2022.2.7f1/Editor/Data/Managed'
Mono path[1] = 'C:/Program Files/Unity/Hub/Editor/2022.2.7f1/Editor/Data/MonoBleedingEdge/lib/mono/unityjit-win32'
Mono config path = 'C:/Program Files/Unity/Hub/Editor/2022.2.7f1/Editor/Data/MonoBleedingEdge/etc'
Using monoOptions --debugger-agent=transport=dt_socket,embedding=1,server=y,suspend=n,address=127.0.0.1:56280
Begin MonoManager ReloadAssembly
Registering precompiled unity dll's ...
Register platform support module: C:/Program Files/Unity/Hub/Editor/2022.2.7f1/Editor/Data/PlaybackEngines/WindowsStandaloneSupport/UnityEditor.WindowsStandalone.Extensions.dll
Registered in 0.006078 seconds.
- Loaded All Assemblies, in  0.256 seconds
Native extension for WindowsStandalone target not found
Mono: successfully reloaded assembly
- Finished resetting the current domain, in  0.216 seconds
Domain Reload Profiling:
	ReloadAssembly (151ms)
		BeginReloadAssembly (60ms)
			ExecutionOrderSort (0ms)
			DisableScriptedObjects (0ms)
			BackupInstance (0ms)
			ReleaseScriptingObjects (0ms)
			CreateAndSetChildDomain (1ms)
		LoadAllAssembliesAndSetupDomain (0ms)
			LoadAssemblies (58ms)
			RebuildTransferFunctionScriptingTraits (0ms)
			SetupTypeCache (98ms)
				TypeCache.Initialize (97ms)
					TypeCache.ScanAssembly (94ms)
				ResolveRequiredComponents (1ms)
		FinalizeReload (0ms)
			ReleaseScriptCaches (0ms)
			RebuildScriptCaches (0ms)
			SetupLoadedEditorAssemblies (169ms)
				LogAssemblyErrors (0ms)
				InitializePlatformSupportModulesInManaged (8ms)
				SetLoadedEditorAssemblies (6ms)
				RefreshPlugins (0ms)
				BeforeProcessingInitializeOnLoad (1ms)
				ProcessInitializeOnLoadAttributes (117ms)
				ProcessInitializeOnLoadMethodAttributes (38ms)
				AfterProcessingInitializeOnLoad (0ms)
				EditorAssembliesLoaded (0ms)
			ExecutionOrderSort2 (0ms)
			AwakeInstancesAfterBackupRestoration (0ms)
========================================================================
Worker process is ready to serve import requests
Begin MonoManager ReloadAssembly
- Loaded All Assemblies, in  0.771 seconds
Refreshing native plugins compatible for Editor in 4.31 ms, found 4 plugins.
Native extension for WindowsStandalone target not found
Mono: successfully reloaded assembly
- Finished resetting the current domain, in  0.494 seconds
Domain Reload Profiling:
	ReloadAssembly (179ms)
		BeginReloadAssembly (97ms)
			ExecutionOrderSort (0ms)
			DisableScriptedObjects (4ms)
			BackupInstance (0ms)
			ReleaseScriptingObjects (0ms)
			CreateAndSetChildDomain (19ms)
		LoadAllAssembliesAndSetupDomain (591ms)
			LoadAssemblies (196ms)
			RebuildTransferFunctionScriptingTraits (0ms)
			SetupTypeCache (435ms)
				TypeCache.Initialize (230ms)
					TypeCache.ScanAssembly (225ms)
				ResolveRequiredComponents (3ms)
		FinalizeReload (0ms)
			ReleaseScriptCaches (0ms)
			RebuildScriptCaches (0ms)
			SetupLoadedEditorAssemblies (351ms)
				LogAssemblyErrors (0ms)
				InitializePlatformSupportModulesInManaged (6ms)
				SetLoadedEditorAssemblies (4ms)
				RefreshPlugins (0ms)
				BeforeProcessingInitializeOnLoad (54ms)
				ProcessInitializeOnLoadAttributes (261ms)
				ProcessInitializeOnLoadMethodAttributes (18ms)
				AfterProcessingInitializeOnLoad (8ms)
				EditorAssembliesLoaded (0ms)
			ExecutionOrderSort2 (0ms)
			AwakeInstancesAfterBackupRestoration (6ms)
Launched and connected shader compiler UnityShaderCompiler.exe after 0.05 seconds
Refreshing native plugins compatible for Editor in 3.68 ms, found 4 plugins.
Preloading 1 native plugins for Editor in 0.03 ms.
Unloading 4165 Unused Serialized files (Serialized files now loaded: 0)
Unloading 40 unused Assets / (74.1 KB). Loaded Objects now: 4616.
Memory consumption went from 0.62 GB to 0.62 GB.
Total: 3.520700 ms (FindLiveObjects: 0.483000 ms CreateObjectMapping: 0.152100 ms MarkObjects: 2.785300 ms  DeleteObjects: 0.099500 ms)

AssetImportParameters requested are different than current active one (requested -> active):
  custom:container-demuxer-ogg: 62fdf1f143b41e24485cea50d1cbac27 -> 
  custom:video-decoder-ogg-theora: a1e56fd34408186e4bbccfd4996cb3dc -> 
  custom:framework-win-MediaFoundation: 216162199b28c13a410421893ffa2e32 -> 
  custom:container-demuxer-webm: 4f35f7cbe854078d1ac9338744f61a02 -> 
  custom:container-muxer-webm: aa71ff27fc2769a1b78a27578f13a17b -> 
  custom:video-decoder-webm-vp8: 9c59270c3fd7afecdb556c50c9e8de78 -> 
  custom:AudioImporter_EditorPlatform: d09bf68614088b80899f8185d706f6e7 -> 
  custom:video-encoder-webm-vp8: eb34c28f22e8b96e1ab97ce403110664 -> 
  custom:audio-decoder-ogg-vorbis: bf7c407c2cedff20999df2af8eb42d56 -> 
  custom:audio-encoder-webm-vorbis: bf7c407c2cedff20999df2af8eb42d56 -> 
========================================================================
Received Import Request.
  Time since last request: 441402.269052 seconds.
  path: Assets/Noesis.settings.asset
  artifactKey: Guid(e17439695bb849e4180e6137a51b1b7f) Importer(815301076,1909f56bfc062723c751e8b465ee728b)
Start importing Assets/Noesis.settings.asset using Guid(e17439695bb849e4180e6137a51b1b7f) Importer(815301076,1909f56bfc062723c751e8b465ee728b)  -> (artifact id: 'fe8c27f31b521588819e050338024c85') in 0.012405 seconds 
Number of updated asset objects reloaded before import = 0
Number of asset objects unloaded after import = 8
========================================================================
Received Import Request.
  Time since last request: 34.526435 seconds.
  path: Assets
  artifactKey: Guid(00000000000000001000000000000000) Importer(815301076,1909f56bfc062723c751e8b465ee728b)
Start importing Assets using Guid(00000000000000001000000000000000) Importer(815301076,1909f56bfc062723c751e8b465ee728b)  -> (artifact id: '8a4fe85251aa2e89732c359432baa2c3') in 0.000411 seconds 
Number of updated asset objects reloaded before import = 0
Number of asset objects unloaded after import = 0
========================================================================
Received Import Request.
  Time since last request: 41.220112 seconds.
  path: Assets/NoesisGUI
  artifactKey: Guid(8f4a81c47bedaa44e84fc884e43e5ae6) Importer(815301076,1909f56bfc062723c751e8b465ee728b)
Start importing Assets/NoesisGUI using Guid(8f4a81c47bedaa44e84fc884e43e5ae6) Importer(815301076,1909f56bfc062723c751e8b465ee728b)  -> (artifact id: '8b5530a5ef5e2dd20c6d80ec1dd679f0') in 0.000398 seconds 
Number of updated asset objects reloaded before import = 0
Number of asset objects unloaded after import = 0
========================================================================
Received Import Request.
  Time since last request: 0.391616 seconds.
  path: Assets/NoesisGUI/Properties
  artifactKey: Guid(4b48d2358facc5b46887cef16b93c5a8) Importer(815301076,1909f56bfc062723c751e8b465ee728b)
Start importing Assets/NoesisGUI/Properties using Guid(4b48d2358facc5b46887cef16b93c5a8) Importer(815301076,1909f56bfc062723c751e8b465ee728b)  -> (artifact id: 'c216a1d3541aad462775802138f8d919') in 0.000967 seconds 
Number of updated asset objects reloaded before import = 0
Number of asset objects unloaded after import = 0
========================================================================
Received Import Request.
  Time since last request: 1790.564298 seconds.
  path: Assets/Noesis.settings.asset
  artifactKey: Guid(e17439695bb849e4180e6137a51b1b7f) Importer(2089858483,0ecaa5967403d082aa24f35e1b516d23)
Start importing Assets/Noesis.settings.asset using Guid(e17439695bb849e4180e6137a51b1b7f) Importer(2089858483,0ecaa5967403d082aa24f35e1b516d23)  -> (artifact id: '4827c28563333c58d75927dae18535e9') in 0.222943 seconds 
Number of updated asset objects reloaded before import = 0
Number of asset objects unloaded after import = 8
========================================================================
Received Import Request.
  Time since last request: 0.000029 seconds.
  path: Assets/NoesisGUI/Themes/Fonts/Montserrat/static/Montserrat-ExtraLight.ttf
  artifactKey: Guid(125ddaf0325ae6041b61394001ec5d17) Importer(2089858483,0ecaa5967403d082aa24f35e1b516d23)
Start importing Assets/NoesisGUI/Themes/Fonts/Montserrat/static/Montserrat-ExtraLight.ttf using Guid(125ddaf0325ae6041b61394001ec5d17) Importer(2089858483,0ecaa5967403d082aa24f35e1b516d23)  -> (artifact id: '9dde3f76288acbf4b85159bf8d5ac349') in 0.017127 seconds 
Number of updated asset objects reloaded before import = 0
Number of asset objects unloaded after import = 1
========================================================================
Received Import Request.
  Time since last request: 0.000033 seconds.
  path: Assets/NoesisGUI/Themes/Fonts/Montserrat/static/Montserrat-ThinItalic.ttf
  artifactKey: Guid(d210d4e6d54aa1c47810bf78b18ee18c) Importer(2089858483,0ecaa5967403d082aa24f35e1b516d23)
Start importing Assets/NoesisGUI/Themes/Fonts/Montserrat/static/Montserrat-ThinItalic.ttf using Guid(d210d4e6d54aa1c47810bf78b18ee18c) Importer(2089858483,0ecaa5967403d082aa24f35e1b516d23)  -> (artifact id: '069898ea4340c5f5da906ce0a03e9528') in 0.012632 seconds 
Number of updated asset objects reloaded before import = 0
Number of asset objects unloaded after import = 1
========================================================================
Received Import Request.
  Time since last request: 0.000022 seconds.
  path: Assets/NoesisGUI/Source/Core/Views/ViewProvider.cs
  artifactKey: Guid(74a7e8d084b5786498cd25538c13df7c) Importer(2089858483,0ecaa5967403d082aa24f35e1b516d23)
Start importing Assets/NoesisGUI/Source/Core/Views/ViewProvider.cs using Guid(74a7e8d084b5786498cd25538c13df7c) Importer(2089858483,0ecaa5967403d082aa24f35e1b516d23)  -> (artifact id: 'ea1d4b4267a5695b6b6c2e11e602c421') in 0.014237 seconds 
Number of updated asset objects reloaded before import = 0
Number of asset objects unloaded after import = 1
========================================================================
Received Import Request.
  Time since last request: 0.000025 seconds.
  path: Assets/NoesisGUI/Source/Core/Commands/DelegateCommand.cs
  artifactKey: Guid(dae312eb474a1e642b28854bb38337e1) Importer(2089858483,0ecaa5967403d082aa24f35e1b516d23)
Start importing Assets/NoesisGUI/Source/Core/Commands/DelegateCommand.cs using Guid(dae312eb474a1e642b28854bb38337e1) Importer(2089858483,0ecaa5967403d082aa24f35e1b516d23)  -> (artifact id: '460d2aad3a813940f4bdffee66802fdc') in 0.016130 seconds 
Number of updated asset objects reloaded before import = 0
Number of asset objects unloaded after import = 1
========================================================================
Received Import Request.
  Time since last request: 0.000024 seconds.
  path: Assets/NoesisGUI/Source/Regions/Region Behaviors/RegionBehavior.cs
  artifactKey: Guid(e6c6efb81b308284c83938fb394e5e71) Importer(2089858483,0ecaa5967403d082aa24f35e1b516d23)
Start importing Assets/NoesisGUI/Source/Regions/Region Behaviors/RegionBehavior.cs using Guid(e6c6efb81b308284c83938fb394e5e71) Importer(2089858483,0ecaa5967403d082aa24f35e1b516d23)  -> (artifact id: 'eb01d872a3a7afd0435279519b749c7d') in 0.011551 seconds 
Number of updated asset objects reloaded before import = 0
Number of asset objects unloaded after import = 1
========================================================================
Received Import Request.
  Time since last request: 0.000027 seconds.
  path: Assets/NoesisGUI/Source/Design/Behaviors/OutsideMarginBehavior.cs
  artifactKey: Guid(8947855c048a3a84bbebaec00ac6ea4e) Importer(2089858483,0ecaa5967403d082aa24f35e1b516d23)
Start importing Assets/NoesisGUI/Source/Design/Behaviors/OutsideMarginBehavior.cs using Guid(8947855c048a3a84bbebaec00ac6ea4e) Importer(2089858483,0ecaa5967403d082aa24f35e1b516d23)  -> (artifact id: '96c213db584c815339176578a1cce8d1') in 0.012134 seconds 
Number of updated asset objects reloaded before import = 0
Number of asset objects unloaded after import = 1
========================================================================
Received Import Request.
  Time since last request: 0.000033 seconds.
  path: Assets/NoesisGUI/Source/Design/Behaviors/SlideAnimationBehavior.cs
  artifactKey: Guid(97c00ad6341153840a968bfcee2165d8) Importer(2089858483,0ecaa5967403d082aa24f35e1b516d23)
Start importing Assets/NoesisGUI/Source/Design/Behaviors/SlideAnimationBehavior.cs using Guid(97c00ad6341153840a968bfcee2165d8) Importer(2089858483,0ecaa5967403d082aa24f35e1b516d23)  -> (artifact id: '527700459f29884f3f07816032c323bc') in 0.014267 seconds 
Number of updated asset objects reloaded before import = 0
Number of asset objects unloaded after import = 1
========================================================================
Received Import Request.
  Time since last request: 0.000018 seconds.
  path: Assets/NoesisGUI/Themes/Media/Geometry/Theme.Paths.xaml
  artifactKey: Guid(f49be35b0773abc42a7617b8a3a24d2c) Importer(2089858483,0ecaa5967403d082aa24f35e1b516d23)
Start importing Assets/NoesisGUI/Themes/Media/Geometry/Theme.Paths.xaml using Guid(f49be35b0773abc42a7617b8a3a24d2c) Importer(2089858483,0ecaa5967403d082aa24f35e1b516d23)  -> (artifact id: '668dfb5836ccef7cad7061b452c26927') in 0.013330 seconds 
Number of updated asset objects reloaded before import = 0
Number of asset objects unloaded after import = 1
========================================================================
Received Import Request.
  Time since last request: 0.000038 seconds.
  path: Assets/NoesisGUI/Themes/Fonts/Montserrat/static/Montserrat-Regular.ttf
  artifactKey: Guid(fec0e1ea14b2b6f4f8f6fa792c164576) Importer(2089858483,0ecaa5967403d082aa24f35e1b516d23)
Start importing Assets/NoesisGUI/Themes/Fonts/Montserrat/static/Montserrat-Regular.ttf using Guid(fec0e1ea14b2b6f4f8f6fa792c164576) Importer(2089858483,0ecaa5967403d082aa24f35e1b516d23)  -> (artifact id: '7bf0ee94c26bef16fe3a0ca0baea9054') in 0.010581 seconds 
Number of updated asset objects reloaded before import = 0
Number of asset objects unloaded after import = 1
========================================================================
Received Import Request.
  Time since last request: 0.000018 seconds.
  path: Assets/NoesisGUI/Source/Core/UIServices/IUpdatedUIService.cs
  artifactKey: Guid(a6a54ca89c3d96c4e8a65bbc4e19bbcf) Importer(2089858483,0ecaa5967403d082aa24f35e1b516d23)
Start importing Assets/NoesisGUI/Source/Core/UIServices/IUpdatedUIService.cs using Guid(a6a54ca89c3d96c4e8a65bbc4e19bbcf) Importer(2089858483,0ecaa5967403d082aa24f35e1b516d23)  -> (artifact id: '142b668298eae8b5696d9e334bc8abe9') in 0.008455 seconds 
Number of updated asset objects reloaded before import = 0
Number of asset objects unloaded after import = 1
========================================================================
Received Import Request.
  Time since last request: 0.000018 seconds.
  path: Assets/NoesisGUI/Source/Localization/LocalizationConverter.cs
  artifactKey: Guid(7ad4df1515945f54c9395b1d3ecb7101) Importer(2089858483,0ecaa5967403d082aa24f35e1b516d23)
Start importing Assets/NoesisGUI/Source/Localization/LocalizationConverter.cs using Guid(7ad4df1515945f54c9395b1d3ecb7101) Importer(2089858483,0ecaa5967403d082aa24f35e1b516d23)  -> (artifact id: 'a09ed2ab42bc943e0fb636ebb588f967') in 0.009623 seconds 
Number of updated asset objects reloaded before import = 0
Number of asset objects unloaded after import = 1
========================================================================
Received Import Request.
  Time since last request: 0.000021 seconds.
  path: Assets/NoesisGUI/Source/Core/UIServices/IUIService.cs
  artifactKey: Guid(cb1885af92f3ff0419b86f2637c14646) Importer(2089858483,0ecaa5967403d082aa24f35e1b516d23)
Start importing Assets/NoesisGUI/Source/Core/UIServices/IUIService.cs using Guid(cb1885af92f3ff0419b86f2637c14646) Importer(2089858483,0ecaa5967403d082aa24f35e1b516d23)  -> (artifact id: 'a5cbfde8e957e9488cec7baa3a28facc') in 0.009169 seconds 
Number of updated asset objects reloaded before import = 0
Number of asset objects unloaded after import = 1
========================================================================
Received Import Request.
  Time since last request: 0.000016 seconds.
  path: Assets/NoesisGUI/Themes/Fonts/Montserrat/Montserrat-VariableFont_wght.ttf
  artifactKey: Guid(3e0c0f33e803225488a4bad1c8ba93f8) Importer(2089858483,0ecaa5967403d082aa24f35e1b516d23)
Start importing Assets/NoesisGUI/Themes/Fonts/Montserrat/Montserrat-VariableFont_wght.ttf using Guid(3e0c0f33e803225488a4bad1c8ba93f8) Importer(2089858483,0ecaa5967403d082aa24f35e1b516d23)  -> (artifact id: '3b6611ca1efa94f77a06fd3290be63be') in 0.010728 seconds 
Number of updated asset objects reloaded before import = 0
Number of asset objects unloaded after import = 1
========================================================================
Received Import Request.
  Time since last request: 0.000046 seconds.
  path: Assets/NoesisGUI/SmartTwin.NoesisGUI.asmdef
  artifactKey: Guid(84714a83c887fc64e978921fb8380c45) Importer(2089858483,0ecaa5967403d082aa24f35e1b516d23)
Start importing Assets/NoesisGUI/SmartTwin.NoesisGUI.asmdef using Guid(84714a83c887fc64e978921fb8380c45) Importer(2089858483,0ecaa5967403d082aa24f35e1b516d23)  -> (artifact id: '3d5d929cf69ecfdf2612a2c37bde7ab6') in 0.008966 seconds 
Number of updated asset objects reloaded before import = 0
Number of asset objects unloaded after import = 1
========================================================================
Received Import Request.
  Time since last request: 0.000021 seconds.
  path: Assets/NoesisGUI/Themes/Media/Geometry/References/CloseIcon.svg
  artifactKey: Guid(41e504fa1be7a604fbb69bacaca597b3) Importer(2089858483,0ecaa5967403d082aa24f35e1b516d23)
Start importing Assets/NoesisGUI/Themes/Media/Geometry/References/CloseIcon.svg using Guid(41e504fa1be7a604fbb69bacaca597b3) Importer(2089858483,0ecaa5967403d082aa24f35e1b516d23)  -> (artifact id: '7d84134c814e6e5efc87a653b08571a8') in 0.009149 seconds 
Number of updated asset objects reloaded before import = 0
Number of asset objects unloaded after import = 1
========================================================================
Received Import Request.
  Time since last request: 0.000035 seconds.
  path: Assets/NoesisGUI/Source/Regions/Management/ViewPipeline.cs
  artifactKey: Guid(20ca94b1ff91e144dbe6bf1b1520f362) Importer(2089858483,0ecaa5967403d082aa24f35e1b516d23)
Start importing Assets/NoesisGUI/Source/Regions/Management/ViewPipeline.cs using Guid(20ca94b1ff91e144dbe6bf1b1520f362) Importer(2089858483,0ecaa5967403d082aa24f35e1b516d23)  -> (artifact id: '3f1b399e318930d87640ba1674711c40') in 0.009021 seconds 
Number of updated asset objects reloaded before import = 0
Number of asset objects unloaded after import = 1
========================================================================
Received Import Request.
  Time since last request: 0.000018 seconds.
  path: Assets/NoesisGUI/Themes/Media/Geometry/References/Checkmark.svg
  artifactKey: Guid(cafd2664356215c43ab12fe9b6d7eab7) Importer(2089858483,0ecaa5967403d082aa24f35e1b516d23)
Start importing Assets/NoesisGUI/Themes/Media/Geometry/References/Checkmark.svg using Guid(cafd2664356215c43ab12fe9b6d7eab7) Importer(2089858483,0ecaa5967403d082aa24f35e1b516d23)  -> (artifact id: 'bc4ac089ca5c6a31e72f935e12f2030c') in 0.008155 seconds 
Number of updated asset objects reloaded before import = 0
Number of asset objects unloaded after import = 1
========================================================================
Received Import Request.
  Time since last request: 0.000102 seconds.
  path: Assets/NoesisGUI/Source/Design/Behaviors/InfiniteScrollBehavior.cs
  artifactKey: Guid(79daabe1a83aa1d4f9ee07a1c9749f73) Importer(2089858483,0ecaa5967403d082aa24f35e1b516d23)
Start importing Assets/NoesisGUI/Source/Design/Behaviors/InfiniteScrollBehavior.cs using Guid(79daabe1a83aa1d4f9ee07a1c9749f73) Importer(2089858483,0ecaa5967403d082aa24f35e1b516d23)  -> (artifact id: 'e2d7eb0cee322a81a0570c0f494d762f') in 0.010843 seconds 
Number of updated asset objects reloaded before import = 0
Number of asset objects unloaded after import = 1
========================================================================
Received Import Request.
  Time since last request: 0.000029 seconds.
  path: Assets/NoesisGUI/Themes/Fonts/Montserrat/static/Montserrat-SemiBold.ttf
  artifactKey: Guid(ae080aca578c61049ad435e3b1072575) Importer(2089858483,0ecaa5967403d082aa24f35e1b516d23)
Start importing Assets/NoesisGUI/Themes/Fonts/Montserrat/static/Montserrat-SemiBold.ttf using Guid(ae080aca578c61049ad435e3b1072575) Importer(2089858483,0ecaa5967403d082aa24f35e1b516d23)  -> (artifact id: '0c2a480a569ba08ad29fbcb800ab9a78') in 0.010319 seconds 
Number of updated asset objects reloaded before import = 0
Number of asset objects unloaded after import = 1
========================================================================
Received Import Request.
  Time since last request: 0.000016 seconds.
  path: Assets/NoesisGUI/Source/Regions/View Behavior Interfaces/IRegionContextHandler.cs
  artifactKey: Guid(8fd0b2c997c3f7f499b1be525a0e5362) Importer(2089858483,0ecaa5967403d082aa24f35e1b516d23)
Start importing Assets/NoesisGUI/Source/Regions/View Behavior Interfaces/IRegionContextHandler.cs using Guid(8fd0b2c997c3f7f499b1be525a0e5362) Importer(2089858483,0ecaa5967403d082aa24f35e1b516d23)  -> (artifact id: '4e1eab7f68a1ed7a69d4882a51794ba9') in 0.008228 seconds 
Number of updated asset objects reloaded before import = 0
Number of asset objects unloaded after import = 1
========================================================================
Received Import Request.
  Time since last request: 0.000022 seconds.
  path: Assets/NoesisGUI/Themes/Fonts/Montserrat/static/Montserrat-Thin.ttf
  artifactKey: Guid(bdd1e8a64005409429465201ee0515a1) Importer(2089858483,0ecaa5967403d082aa24f35e1b516d23)
Start importing Assets/NoesisGUI/Themes/Fonts/Montserrat/static/Montserrat-Thin.ttf using Guid(bdd1e8a64005409429465201ee0515a1) Importer(2089858483,0ecaa5967403d082aa24f35e1b516d23)  -> (artifact id: '29ce5f7acdc8dc2e02dc86a5c9f61587') in 0.010945 seconds 
Number of updated asset objects reloaded before import = 0
Number of asset objects unloaded after import = 1
========================================================================
Received Import Request.
  Time since last request: 0.000020 seconds.
  path: Assets/NoesisGUI/Properties/AssemblyInfo.cs
  artifactKey: Guid(3c054ac13fe411c4f84d78209d241f49) Importer(2089858483,0ecaa5967403d082aa24f35e1b516d23)
Start importing Assets/NoesisGUI/Properties/AssemblyInfo.cs using Guid(3c054ac13fe411c4f84d78209d241f49) Importer(2089858483,0ecaa5967403d082aa24f35e1b516d23)  -> (artifact id: '0fbc0753e974c51b8491fabc65e849da') in 0.008887 seconds 
Number of updated asset objects reloaded before import = 0
Number of asset objects unloaded after import = 1
========================================================================
Received Import Request.
  Time since last request: 0.000023 seconds.
  path: Assets/NoesisGUI/Source/Tools/UIDebug.cs
  artifactKey: Guid(654f16d8ce25f694eb68964f23e4f01c) Importer(2089858483,0ecaa5967403d082aa24f35e1b516d23)
Start importing Assets/NoesisGUI/Source/Tools/UIDebug.cs using Guid(654f16d8ce25f694eb68964f23e4f01c) Importer(2089858483,0ecaa5967403d082aa24f35e1b516d23)  -> (artifact id: '9ceff652ec2320f96f079962d4697e04') in 0.008915 seconds 
Number of updated asset objects reloaded before import = 0
Number of asset objects unloaded after import = 1
========================================================================
Received Import Request.
  Time since last request: 0.000031 seconds.
  path: Assets/NoesisGUI/Themes/Fonts/Montserrat/README.txt
  artifactKey: Guid(eac56aa97fd87e44a94d1fdb6fd49baa) Importer(2089858483,0ecaa5967403d082aa24f35e1b516d23)
Start importing Assets/NoesisGUI/Themes/Fonts/Montserrat/README.txt using Guid(eac56aa97fd87e44a94d1fdb6fd49baa) Importer(2089858483,0ecaa5967403d082aa24f35e1b516d23)  -> (artifact id: '38ae0e6db0dcb6cbfe72b0dd708eb91f') in 0.010095 seconds 
Number of updated asset objects reloaded before import = 0
Number of asset objects unloaded after import = 1
========================================================================
Received Import Request.
  Time since last request: 0.000027 seconds.
  path: Assets/NoesisGUI/Themes/Fonts/Montserrat/static/Montserrat-BlackItalic.ttf
  artifactKey: Guid(a8eb1fe3fdd24d747ae075337796e811) Importer(2089858483,0ecaa5967403d082aa24f35e1b516d23)
Start importing Assets/NoesisGUI/Themes/Fonts/Montserrat/static/Montserrat-BlackItalic.ttf using Guid(a8eb1fe3fdd24d747ae075337796e811) Importer(2089858483,0ecaa5967403d082aa24f35e1b516d23)  -> (artifact id: '79cba708c9eb89188d0b8fd7f086ccce') in 0.013831 seconds 
Number of updated asset objects reloaded before import = 0
Number of asset objects unloaded after import = 1
========================================================================
Received Import Request.
  Time since last request: 0.000015 seconds.
  path: Assets/NoesisGUI/Themes/Media/Geometry/References/TestIconPNG.png
  artifactKey: Guid(12b3b4451d121cd469481a83c3f6e8c1) Importer(2089858483,0ecaa5967403d082aa24f35e1b516d23)
Start importing Assets/NoesisGUI/Themes/Media/Geometry/References/TestIconPNG.png using Guid(12b3b4451d121cd469481a83c3f6e8c1) Importer(2089858483,0ecaa5967403d082aa24f35e1b516d23)  -> (artifact id: '5abc64b762f6d3a619c28d0ce2eb38b8') in 0.050468 seconds 
Number of updated asset objects reloaded before import = 0
Number of asset objects unloaded after import = 1
========================================================================
Received Import Request.
  Time since last request: 0.000020 seconds.
  path: Assets/NoesisGUI/Source/Regions/Factories/ViewFactoryRegistry.cs
  artifactKey: Guid(8e265de0383347e49b1f3bcb087dd238) Importer(2089858483,0ecaa5967403d082aa24f35e1b516d23)
Start importing Assets/NoesisGUI/Source/Regions/Factories/ViewFactoryRegistry.cs using Guid(8e265de0383347e49b1f3bcb087dd238) Importer(2089858483,0ecaa5967403d082aa24f35e1b516d23)  -> (artifact id: '7430b807d0fde713e173b443a5e28acf') in 0.009796 seconds 
Number of updated asset objects reloaded before import = 0
Number of asset objects unloaded after import = 1
========================================================================
Received Import Request.
  Time since last request: 0.000016 seconds.
  path: Assets/NoesisGUI/Source/Core/Commands/AsyncCommand.cs
  artifactKey: Guid(215927f20b4aa0242b8523d8cb67d120) Importer(2089858483,0ecaa5967403d082aa24f35e1b516d23)
Start importing Assets/NoesisGUI/Source/Core/Commands/AsyncCommand.cs using Guid(215927f20b4aa0242b8523d8cb67d120) Importer(2089858483,0ecaa5967403d082aa24f35e1b516d23)  -> (artifact id: '4fdff09e9aaba1ac5b5b687a6aab3cc0') in 0.008819 seconds 
Number of updated asset objects reloaded before import = 0
Number of asset objects unloaded after import = 1
========================================================================
Received Import Request.
  Time since last request: 0.000018 seconds.
  path: Assets/NoesisGUI/Themes/Theme.Default.xaml
  artifactKey: Guid(7d54ca6a4468c1c4d8641965f8d5cf77) Importer(2089858483,0ecaa5967403d082aa24f35e1b516d23)
Start importing Assets/NoesisGUI/Themes/Theme.Default.xaml using Guid(7d54ca6a4468c1c4d8641965f8d5cf77) Importer(2089858483,0ecaa5967403d082aa24f35e1b516d23)  -> (artifact id: '0d592f4d433d4d03a15784c151e5b6de') in 0.020620 seconds 
Number of updated asset objects reloaded before import = 0
Number of asset objects unloaded after import = 21
========================================================================
Received Import Request.
  Time since last request: 0.000023 seconds.
  path: Assets/NoesisGUI/Source/Tools/NoesisGUIHelper.cs
  artifactKey: Guid(d0fb7def265d3284f9845a5e1f617d9d) Importer(2089858483,0ecaa5967403d082aa24f35e1b516d23)
Start importing Assets/NoesisGUI/Source/Tools/NoesisGUIHelper.cs using Guid(d0fb7def265d3284f9845a5e1f617d9d) Importer(2089858483,0ecaa5967403d082aa24f35e1b516d23)  -> (artifact id: '52b4265c82b3176d11be08f78d833811') in 0.008875 seconds 
Number of updated asset objects reloaded before import = 0
Number of asset objects unloaded after import = 1
========================================================================
Received Import Request.
  Time since last request: 0.000020 seconds.
  path: Assets/NoesisGUI/Source/Regions/Region Behaviors/ViewPresenterRegionBehavior.cs
  artifactKey: Guid(7919bcd345cbf0d4b899482c61e27e17) Importer(2089858483,0ecaa5967403d082aa24f35e1b516d23)
Start importing Assets/NoesisGUI/Source/Regions/Region Behaviors/ViewPresenterRegionBehavior.cs using Guid(7919bcd345cbf0d4b899482c61e27e17) Importer(2089858483,0ecaa5967403d082aa24f35e1b516d23)  -> (artifact id: 'c90a9ab87cfb993ac9c99a03d318f8aa') in 0.011157 seconds 
Number of updated asset objects reloaded before import = 0
Number of asset objects unloaded after import = 1
========================================================================
Received Import Request.
  Time since last request: 0.000019 seconds.
  path: Assets/NoesisGUI/Themes/Fonts/Montserrat/static/Montserrat-Medium.ttf
  artifactKey: Guid(c02966f2fd8d1754c813f65fd58abe5c) Importer(2089858483,0ecaa5967403d082aa24f35e1b516d23)
Start importing Assets/NoesisGUI/Themes/Fonts/Montserrat/static/Montserrat-Medium.ttf using Guid(c02966f2fd8d1754c813f65fd58abe5c) Importer(2089858483,0ecaa5967403d082aa24f35e1b516d23)  -> (artifact id: '33b279ef4ec051b0a7d39d02bc5be8a9') in 0.009056 seconds 
Number of updated asset objects reloaded before import = 0
Number of asset objects unloaded after import = 1
========================================================================
Received Import Request.
  Time since last request: 0.000020 seconds.
  path: Assets/NoesisGUI/Source/Zenject/NoesisGUIInitializer.cs
  artifactKey: Guid(1da55a8ef76bdd846b45956ee17f6aa1) Importer(2089858483,0ecaa5967403d082aa24f35e1b516d23)
Start importing Assets/NoesisGUI/Source/Zenject/NoesisGUIInitializer.cs using Guid(1da55a8ef76bdd846b45956ee17f6aa1) Importer(2089858483,0ecaa5967403d082aa24f35e1b516d23)  -> (artifact id: 'dcb0aba7afb18bc61c54d0c9de8447bf') in 0.009017 seconds 
Number of updated asset objects reloaded before import = 0
Number of asset objects unloaded after import = 1
========================================================================
Received Import Request.
  Time since last request: 0.000025 seconds.
  path: Assets/NoesisGUI/Source/Regions/Management/Region.cs
  artifactKey: Guid(5f466e671d1cc864aba8a967256eff0e) Importer(2089858483,0ecaa5967403d082aa24f35e1b516d23)
Start importing Assets/NoesisGUI/Source/Regions/Management/Region.cs using Guid(5f466e671d1cc864aba8a967256eff0e) Importer(2089858483,0ecaa5967403d082aa24f35e1b516d23)  -> (artifact id: 'a6156d85b8cbd5f3867529af35155768') in 0.008540 seconds 
Number of updated asset objects reloaded before import = 0
Number of asset objects unloaded after import = 1
========================================================================
Received Import Request.
  Time since last request: 0.000022 seconds.
  path: Assets/NoesisGUI/Themes/Media/Geometry/References/ExitIconButton.svg
  artifactKey: Guid(cdbaea4fba0a16a43a7afb0c46e8e732) Importer(2089858483,0ecaa5967403d082aa24f35e1b516d23)
Start importing Assets/NoesisGUI/Themes/Media/Geometry/References/ExitIconButton.svg using Guid(cdbaea4fba0a16a43a7afb0c46e8e732) Importer(2089858483,0ecaa5967403d082aa24f35e1b516d23)  -> (artifact id: '7c7a15268d4165c33c925d35b5ce0012') in 0.007757 seconds 
Number of updated asset objects reloaded before import = 0
Number of asset objects unloaded after import = 1
========================================================================
Received Import Request.
  Time since last request: 0.000027 seconds.
  path: Assets/NoesisGUI/Source/Localization/LocalizationService.cs
  artifactKey: Guid(e6fb8e6fe7af3294896cc184c56b1c9c) Importer(2089858483,0ecaa5967403d082aa24f35e1b516d23)
Start importing Assets/NoesisGUI/Source/Localization/LocalizationService.cs using Guid(e6fb8e6fe7af3294896cc184c56b1c9c) Importer(2089858483,0ecaa5967403d082aa24f35e1b516d23)  -> (artifact id: '21528686e423ab88d5d8911c34873671') in 0.009001 seconds 
Number of updated asset objects reloaded before import = 0
Number of asset objects unloaded after import = 1
========================================================================
Received Import Request.
  Time since last request: 0.000020 seconds.
  path: Assets/NoesisGUI/Source/Regions/Factories/BindingFactoryToRegions.cs
  artifactKey: Guid(6719413f9d80d2a47b8c2f76e834bd26) Importer(2089858483,0ecaa5967403d082aa24f35e1b516d23)
Start importing Assets/NoesisGUI/Source/Regions/Factories/BindingFactoryToRegions.cs using Guid(6719413f9d80d2a47b8c2f76e834bd26) Importer(2089858483,0ecaa5967403d082aa24f35e1b516d23)  -> (artifact id: '1b89d7f567ddffa0eaa0e2a854f5fe6f') in 0.009296 seconds 
Number of updated asset objects reloaded before import = 0
Number of asset objects unloaded after import = 1
========================================================================
Received Import Request.
  Time since last request: 0.000021 seconds.
  path: Assets/NoesisGUI/Source/WPFContext/ObservableList.cs
  artifactKey: Guid(1e188436597497545a476189eb7cf6a5) Importer(2089858483,0ecaa5967403d082aa24f35e1b516d23)
Start importing Assets/NoesisGUI/Source/WPFContext/ObservableList.cs using Guid(1e188436597497545a476189eb7cf6a5) Importer(2089858483,0ecaa5967403d082aa24f35e1b516d23)  -> (artifact id: '30b7ba1156907806e2b7c3aed6c72ba1') in 0.008541 seconds 
Number of updated asset objects reloaded before import = 0
Number of asset objects unloaded after import = 1
========================================================================
Received Import Request.
  Time since last request: 0.000016 seconds.
  path: Assets/NoesisGUI/Themes/Media/Geometry/References/PinIcon.svg
  artifactKey: Guid(df7f4d75161d2fc488362f7ce13cb749) Importer(2089858483,0ecaa5967403d082aa24f35e1b516d23)
Start importing Assets/NoesisGUI/Themes/Media/Geometry/References/PinIcon.svg using Guid(df7f4d75161d2fc488362f7ce13cb749) Importer(2089858483,0ecaa5967403d082aa24f35e1b516d23)  -> (artifact id: 'bff566346801bdcf7425d924a51eaf00') in 0.007958 seconds 
Number of updated asset objects reloaded before import = 0
Number of asset objects unloaded after import = 1
========================================================================
Received Import Request.
  Time since last request: 0.000038 seconds.
  path: Assets/NoesisGUI/Source/Core/Views/BaseViewModel.cs
  artifactKey: Guid(6d3a039b95bc19e4c9a4cc738b64d910) Importer(2089858483,0ecaa5967403d082aa24f35e1b516d23)
Start importing Assets/NoesisGUI/Source/Core/Views/BaseViewModel.cs using Guid(6d3a039b95bc19e4c9a4cc738b64d910) Importer(2089858483,0ecaa5967403d082aa24f35e1b516d23)  -> (artifact id: '42feed1bd502484248d05584858cad41') in 0.008369 seconds 
Number of updated asset objects reloaded before import = 0
Number of asset objects unloaded after import = 1
========================================================================
Received Import Request.
  Time since last request: 0.000039 seconds.
  path: Assets/NoesisGUI/Source/Zenject/Test.cs
  artifactKey: Guid(a306a74034d808d468e83da03eefc2c5) Importer(2089858483,0ecaa5967403d082aa24f35e1b516d23)
Start importing Assets/NoesisGUI/Source/Zenject/Test.cs using Guid(a306a74034d808d468e83da03eefc2c5) Importer(2089858483,0ecaa5967403d082aa24f35e1b516d23)  -> (artifact id: 'f9c664f18f12efa1d8f0d5f5c3fd1e23') in 0.008543 seconds 
Number of updated asset objects reloaded before import = 0
Number of asset objects unloaded after import = 1
========================================================================
Received Import Request.
  Time since last request: 7.332712 seconds.
  path: Assets/NoesisGUI/SmartTwin.NoesisGUI.asmdef
  artifactKey: Guid(84714a83c887fc64e978921fb8380c45) Importer(815301076,1909f56bfc062723c751e8b465ee728b)
Start importing Assets/NoesisGUI/SmartTwin.NoesisGUI.asmdef using Guid(84714a83c887fc64e978921fb8380c45) Importer(815301076,1909f56bfc062723c751e8b465ee728b)  -> (artifact id: '61ff331c065a7c6e0e1900fe39eeb1ad') in 0.000379 seconds 
Number of updated asset objects reloaded before import = 0
Number of asset objects unloaded after import = 0
========================================================================
Received Prepare
Refreshing native plugins compatible for Editor in 4.14 ms, found 4 plugins.
Preloading 1 native plugins for Editor in 0.03 ms.
Unloading 201 Unused Serialized files (Serialized files now loaded: 0)
Unloading 1 unused Assets / (22.7 KB). Loaded Objects now: 4818.
Memory consumption went from 96.8 MB to 96.8 MB.
Total: 6.422300 ms (FindLiveObjects: 0.339600 ms CreateObjectMapping: 0.151600 ms MarkObjects: 5.812800 ms  DeleteObjects: 0.116900 ms)

Prepare: number of updated asset objects reloaded= 0
AssetImportParameters requested are different than current active one (requested -> active):
  custom:container-demuxer-ogg: 62fdf1f143b41e24485cea50d1cbac27 -> 
  custom:video-decoder-ogg-theora: a1e56fd34408186e4bbccfd4996cb3dc -> 
  custom:framework-win-MediaFoundation: 216162199b28c13a410421893ffa2e32 -> 
  custom:container-demuxer-webm: 4f35f7cbe854078d1ac9338744f61a02 -> 
  custom:container-muxer-webm: aa71ff27fc2769a1b78a27578f13a17b -> 
  custom:video-decoder-webm-vp8: 9c59270c3fd7afecdb556c50c9e8de78 -> 
  custom:SearchIndexIgnoredProperties: e643bd26f0fe6173181afceb89e7c659 -> 
  custom:AudioImporter_EditorPlatform: d09bf68614088b80899f8185d706f6e7 -> 
  custom:video-encoder-webm-vp8: eb34c28f22e8b96e1ab97ce403110664 -> 
  custom:audio-decoder-ogg-vorbis: bf7c407c2cedff20999df2af8eb42d56 -> 
  custom:audio-encoder-webm-vorbis: bf7c407c2cedff20999df2af8eb42d56 -> 
========================================================================
Received Prepare
Begin MonoManager ReloadAssembly
- Loaded All Assemblies, in  1.067 seconds
Refreshing native plugins compatible for Editor in 4.39 ms, found 4 plugins.
Native extension for WindowsStandalone target not found
Mono: successfully reloaded assembly
- Finished resetting the current domain, in  0.620 seconds
Domain Reload Profiling:
	ReloadAssembly (269ms)
		BeginReloadAssembly (203ms)
			ExecutionOrderSort (0ms)
			DisableScriptedObjects (8ms)
			BackupInstance (0ms)
			ReleaseScriptingObjects (0ms)
			CreateAndSetChildDomain (98ms)
		LoadAllAssembliesAndSetupDomain (796ms)
			LoadAssemblies (346ms)
			RebuildTransferFunctionScriptingTraits (0ms)
			SetupTypeCache (506ms)
				TypeCache.Initialize (300ms)
					TypeCache.ScanAssembly (291ms)
				ResolveRequiredComponents (4ms)
		FinalizeReload (0ms)
			ReleaseScriptCaches (0ms)
			RebuildScriptCaches (0ms)
			SetupLoadedEditorAssemblies (300ms)
				LogAssemblyErrors (0ms)
				InitializePlatformSupportModulesInManaged (5ms)
				SetLoadedEditorAssemblies (4ms)
				RefreshPlugins (0ms)
				BeforeProcessingInitializeOnLoad (53ms)
				ProcessInitializeOnLoadAttributes (212ms)
				ProcessInitializeOnLoadMethodAttributes (20ms)
				AfterProcessingInitializeOnLoad (6ms)
				EditorAssembliesLoaded (0ms)
			ExecutionOrderSort2 (0ms)
			AwakeInstancesAfterBackupRestoration (5ms)
Refreshing native plugins compatible for Editor in 3.59 ms, found 4 plugins.
Preloading 1 native plugins for Editor in 0.04 ms.
Unloading 4657 Unused Serialized files (Serialized files now loaded: 0)
Unloading 40 unused Assets / (53.1 KB). Loaded Objects now: 5113.
Memory consumption went from 0.69 GB to 0.69 GB.
Total: 3.898800 ms (FindLiveObjects: 0.287400 ms CreateObjectMapping: 0.123600 ms MarkObjects: 3.423600 ms  DeleteObjects: 0.063500 ms)

Prepare: number of updated asset objects reloaded= 0
AssetImportParameters requested are different than current active one (requested -> active):
  custom:container-demuxer-ogg: 62fdf1f143b41e24485cea50d1cbac27 -> 
  custom:video-decoder-ogg-theora: a1e56fd34408186e4bbccfd4996cb3dc -> 
  custom:framework-win-MediaFoundation: 216162199b28c13a410421893ffa2e32 -> 
  custom:container-demuxer-webm: 4f35f7cbe854078d1ac9338744f61a02 -> 
  custom:container-muxer-webm: aa71ff27fc2769a1b78a27578f13a17b -> 
  custom:video-decoder-webm-vp8: 9c59270c3fd7afecdb556c50c9e8de78 -> 
  custom:SearchIndexIgnoredProperties: e643bd26f0fe6173181afceb89e7c659 -> 
  custom:AudioImporter_EditorPlatform: d09bf68614088b80899f8185d706f6e7 -> 
  custom:video-encoder-webm-vp8: eb34c28f22e8b96e1ab97ce403110664 -> 
  custom:audio-decoder-ogg-vorbis: bf7c407c2cedff20999df2af8eb42d56 -> 
  custom:audio-encoder-webm-vorbis: bf7c407c2cedff20999df2af8eb42d56 -> 
========================================================================
Received Prepare
Begin MonoManager ReloadAssembly
- Loaded All Assemblies, in  0.945 seconds
Refreshing native plugins compatible for Editor in 6.08 ms, found 4 plugins.
Native extension for WindowsStandalone target not found
Mono: successfully reloaded assembly
- Finished resetting the current domain, in  0.763 seconds
Domain Reload Profiling:
	ReloadAssembly (215ms)
		BeginReloadAssembly (142ms)
			ExecutionOrderSort (0ms)
			DisableScriptedObjects (4ms)
			BackupInstance (0ms)
			ReleaseScriptingObjects (0ms)
			CreateAndSetChildDomain (46ms)
		LoadAllAssembliesAndSetupDomain (728ms)
			LoadAssemblies (295ms)
			RebuildTransferFunctionScriptingTraits (0ms)
			SetupTypeCache (487ms)
				TypeCache.Initialize (470ms)
					TypeCache.ScanAssembly (461ms)
				ResolveRequiredComponents (6ms)
		FinalizeReload (0ms)
			ReleaseScriptCaches (0ms)
			RebuildScriptCaches (0ms)
			SetupLoadedEditorAssemblies (351ms)
				LogAssemblyErrors (0ms)
				InitializePlatformSupportModulesInManaged (6ms)
				SetLoadedEditorAssemblies (4ms)
				RefreshPlugins (0ms)
				BeforeProcessingInitializeOnLoad (66ms)
				ProcessInitializeOnLoadAttributes (249ms)
				ProcessInitializeOnLoadMethodAttributes (20ms)
				AfterProcessingInitializeOnLoad (6ms)
				EditorAssembliesLoaded (0ms)
			ExecutionOrderSort2 (0ms)
			AwakeInstancesAfterBackupRestoration (5ms)
Refreshing native plugins compatible for Editor in 3.72 ms, found 4 plugins.
Preloading 1 native plugins for Editor in 0.03 ms.
Unloading 4658 Unused Serialized files (Serialized files now loaded: 0)
Unloading 38 unused Assets / (50.9 KB). Loaded Objects now: 5117.
Memory consumption went from 0.69 GB to 0.69 GB.
Total: 3.155700 ms (FindLiveObjects: 0.478700 ms CreateObjectMapping: 0.221700 ms MarkObjects: 2.388700 ms  DeleteObjects: 0.065700 ms)

Prepare: number of updated asset objects reloaded= 0
AssetImportParameters requested are different than current active one (requested -> active):
  custom:container-demuxer-ogg: 62fdf1f143b41e24485cea50d1cbac27 -> 
  custom:video-decoder-ogg-theora: a1e56fd34408186e4bbccfd4996cb3dc -> 
  custom:framework-win-MediaFoundation: 216162199b28c13a410421893ffa2e32 -> 
  custom:container-demuxer-webm: 4f35f7cbe854078d1ac9338744f61a02 -> 
  custom:container-muxer-webm: aa71ff27fc2769a1b78a27578f13a17b -> 
  custom:video-decoder-webm-vp8: 9c59270c3fd7afecdb556c50c9e8de78 -> 
  custom:SearchIndexIgnoredProperties: e643bd26f0fe6173181afceb89e7c659 -> 
  custom:AudioImporter_EditorPlatform: d09bf68614088b80899f8185d706f6e7 -> 
  custom:video-encoder-webm-vp8: eb34c28f22e8b96e1ab97ce403110664 -> 
  custom:audio-decoder-ogg-vorbis: bf7c407c2cedff20999df2af8eb42d56 -> 
  custom:audio-encoder-webm-vorbis: bf7c407c2cedff20999df2af8eb42d56 -> 
========================================================================
Received Prepare
Begin MonoManager ReloadAssembly
- Loaded All Assemblies, in  0.624 seconds
Refreshing native plugins compatible for Editor in 4.39 ms, found 4 plugins.
Native extension for WindowsStandalone target not found
Mono: successfully reloaded assembly
- Finished resetting the current domain, in  0.612 seconds
Domain Reload Profiling:
	ReloadAssembly (178ms)
		BeginReloadAssembly (113ms)
			ExecutionOrderSort (0ms)
			DisableScriptedObjects (4ms)
			BackupInstance (0ms)
			ReleaseScriptingObjects (0ms)
			CreateAndSetChildDomain (36ms)
		LoadAllAssembliesAndSetupDomain (444ms)
			LoadAssemblies (208ms)
			RebuildTransferFunctionScriptingTraits (0ms)
			SetupTypeCache (278ms)
				TypeCache.Initialize (266ms)
					TypeCache.ScanAssembly (260ms)
				ResolveRequiredComponents (5ms)
		FinalizeReload (0ms)
			ReleaseScriptCaches (0ms)
			RebuildScriptCaches (0ms)
			SetupLoadedEditorAssemblies (283ms)
				LogAssemblyErrors (0ms)
				InitializePlatformSupportModulesInManaged (5ms)
				SetLoadedEditorAssemblies (3ms)
				RefreshPlugins (0ms)
				BeforeProcessingInitializeOnLoad (50ms)
				ProcessInitializeOnLoadAttributes (201ms)
				ProcessInitializeOnLoadMethodAttributes (19ms)
				AfterProcessingInitializeOnLoad (6ms)
				EditorAssembliesLoaded (0ms)
			ExecutionOrderSort2 (0ms)
			AwakeInstancesAfterBackupRestoration (5ms)
Refreshing native plugins compatible for Editor in 3.82 ms, found 4 plugins.
Preloading 1 native plugins for Editor in 0.03 ms.
Unloading 4658 Unused Serialized files (Serialized files now loaded: 0)
Unloading 38 unused Assets / (50.8 KB). Loaded Objects now: 5120.
Memory consumption went from 0.69 GB to 0.69 GB.
Total: 2.676300 ms (FindLiveObjects: 0.353200 ms CreateObjectMapping: 0.143700 ms MarkObjects: 2.120500 ms  DeleteObjects: 0.057900 ms)

Prepare: number of updated asset objects reloaded= 0
AssetImportParameters requested are different than current active one (requested -> active):
  custom:container-demuxer-ogg: 62fdf1f143b41e24485cea50d1cbac27 -> 
  custom:video-decoder-ogg-theora: a1e56fd34408186e4bbccfd4996cb3dc -> 
  custom:framework-win-MediaFoundation: 216162199b28c13a410421893ffa2e32 -> 
  custom:container-demuxer-webm: 4f35f7cbe854078d1ac9338744f61a02 -> 
  custom:container-muxer-webm: aa71ff27fc2769a1b78a27578f13a17b -> 
  custom:video-decoder-webm-vp8: 9c59270c3fd7afecdb556c50c9e8de78 -> 
  custom:SearchIndexIgnoredProperties: e643bd26f0fe6173181afceb89e7c659 -> 
  custom:AudioImporter_EditorPlatform: d09bf68614088b80899f8185d706f6e7 -> 
  custom:video-encoder-webm-vp8: eb34c28f22e8b96e1ab97ce403110664 -> 
  custom:audio-decoder-ogg-vorbis: bf7c407c2cedff20999df2af8eb42d56 -> 
  custom:audio-encoder-webm-vorbis: bf7c407c2cedff20999df2af8eb42d56 -> 
========================================================================
Received Prepare
Begin MonoManager ReloadAssembly
- Loaded All Assemblies, in  0.626 seconds
Refreshing native plugins compatible for Editor in 4.09 ms, found 4 plugins.
Native extension for WindowsStandalone target not found
Mono: successfully reloaded assembly
- Finished resetting the current domain, in  0.608 seconds
Domain Reload Profiling:
	ReloadAssembly (189ms)
		BeginReloadAssembly (125ms)
			ExecutionOrderSort (0ms)
			DisableScriptedObjects (4ms)
			BackupInstance (0ms)
			ReleaseScriptingObjects (0ms)
			CreateAndSetChildDomain (41ms)
		LoadAllAssembliesAndSetupDomain (436ms)
			LoadAssemblies (205ms)
			RebuildTransferFunctionScriptingTraits (0ms)
			SetupTypeCache (272ms)
				TypeCache.Initialize (251ms)
					TypeCache.ScanAssembly (244ms)
				ResolveRequiredComponents (14ms)
		FinalizeReload (0ms)
			ReleaseScriptCaches (0ms)
			RebuildScriptCaches (0ms)
			SetupLoadedEditorAssemblies (285ms)
				LogAssemblyErrors (0ms)
				InitializePlatformSupportModulesInManaged (5ms)
				SetLoadedEditorAssemblies (3ms)
				RefreshPlugins (0ms)
				BeforeProcessingInitializeOnLoad (51ms)
				ProcessInitializeOnLoadAttributes (201ms)
				ProcessInitializeOnLoadMethodAttributes (19ms)
				AfterProcessingInitializeOnLoad (6ms)
				EditorAssembliesLoaded (0ms)
			ExecutionOrderSort2 (0ms)
			AwakeInstancesAfterBackupRestoration (4ms)
Refreshing native plugins compatible for Editor in 3.66 ms, found 4 plugins.
Preloading 1 native plugins for Editor in 0.03 ms.
Unloading 4657 Unused Serialized files (Serialized files now loaded: 0)
Unloading 39 unused Assets / (52.4 KB). Loaded Objects now: 5122.
Memory consumption went from 0.69 GB to 0.69 GB.
Total: 2.748600 ms (FindLiveObjects: 0.287000 ms CreateObjectMapping: 0.138000 ms MarkObjects: 2.238400 ms  DeleteObjects: 0.084100 ms)

Prepare: number of updated asset objects reloaded= 0
AssetImportParameters requested are different than current active one (requested -> active):
  custom:container-demuxer-ogg: 62fdf1f143b41e24485cea50d1cbac27 -> 
  custom:video-decoder-ogg-theora: a1e56fd34408186e4bbccfd4996cb3dc -> 
  custom:framework-win-MediaFoundation: 216162199b28c13a410421893ffa2e32 -> 
  custom:container-demuxer-webm: 4f35f7cbe854078d1ac9338744f61a02 -> 
  custom:container-muxer-webm: aa71ff27fc2769a1b78a27578f13a17b -> 
  custom:video-decoder-webm-vp8: 9c59270c3fd7afecdb556c50c9e8de78 -> 
  custom:SearchIndexIgnoredProperties: e643bd26f0fe6173181afceb89e7c659 -> 
  custom:AudioImporter_EditorPlatform: d09bf68614088b80899f8185d706f6e7 -> 
  custom:video-encoder-webm-vp8: eb34c28f22e8b96e1ab97ce403110664 -> 
  custom:audio-decoder-ogg-vorbis: bf7c407c2cedff20999df2af8eb42d56 -> 
  custom:audio-encoder-webm-vorbis: bf7c407c2cedff20999df2af8eb42d56 -> 
========================================================================
Received Prepare
Begin MonoManager ReloadAssembly
- Loaded All Assemblies, in  0.773 seconds
Refreshing native plugins compatible for Editor in 4.24 ms, found 4 plugins.
Native extension for WindowsStandalone target not found
Mono: successfully reloaded assembly
- Finished resetting the current domain, in  0.983 seconds
Domain Reload Profiling:
	ReloadAssembly (230ms)
		BeginReloadAssembly (166ms)
			ExecutionOrderSort (0ms)
			DisableScriptedObjects (7ms)
			BackupInstance (0ms)
			ReleaseScriptingObjects (0ms)
			CreateAndSetChildDomain (63ms)
		LoadAllAssembliesAndSetupDomain (541ms)
			LoadAssemblies (304ms)
			RebuildTransferFunctionScriptingTraits (0ms)
			SetupTypeCache (293ms)
				TypeCache.Initialize (281ms)
					TypeCache.ScanAssembly (273ms)
				ResolveRequiredComponents (5ms)
		FinalizeReload (0ms)
			ReleaseScriptCaches (0ms)
			RebuildScriptCaches (0ms)
			SetupLoadedEditorAssemblies (301ms)
				LogAssemblyErrors (0ms)
				InitializePlatformSupportModulesInManaged (5ms)
				SetLoadedEditorAssemblies (3ms)
				RefreshPlugins (0ms)
				BeforeProcessingInitializeOnLoad (56ms)
				ProcessInitializeOnLoadAttributes (211ms)
				ProcessInitializeOnLoadMethodAttributes (18ms)
				AfterProcessingInitializeOnLoad (8ms)
				EditorAssembliesLoaded (0ms)
			ExecutionOrderSort2 (0ms)
			AwakeInstancesAfterBackupRestoration (5ms)
Refreshing native plugins compatible for Editor in 3.80 ms, found 4 plugins.
Preloading 1 native plugins for Editor in 0.03 ms.
Unloading 4659 Unused Serialized files (Serialized files now loaded: 0)
Unloading 38 unused Assets / (50.8 KB). Loaded Objects now: 5127.
Memory consumption went from 0.69 GB to 0.69 GB.
Total: 3.012700 ms (FindLiveObjects: 0.333400 ms CreateObjectMapping: 0.160700 ms MarkObjects: 2.441200 ms  DeleteObjects: 0.076800 ms)

Prepare: number of updated asset objects reloaded= 0
AssetImportParameters requested are different than current active one (requested -> active):
  custom:container-demuxer-ogg: 62fdf1f143b41e24485cea50d1cbac27 -> 
  custom:video-decoder-ogg-theora: a1e56fd34408186e4bbccfd4996cb3dc -> 
  custom:framework-win-MediaFoundation: 216162199b28c13a410421893ffa2e32 -> 
  custom:container-demuxer-webm: 4f35f7cbe854078d1ac9338744f61a02 -> 
  custom:container-muxer-webm: aa71ff27fc2769a1b78a27578f13a17b -> 
  custom:video-decoder-webm-vp8: 9c59270c3fd7afecdb556c50c9e8de78 -> 
  custom:SearchIndexIgnoredProperties: e643bd26f0fe6173181afceb89e7c659 -> 
  custom:AudioImporter_EditorPlatform: d09bf68614088b80899f8185d706f6e7 -> 
  custom:video-encoder-webm-vp8: eb34c28f22e8b96e1ab97ce403110664 -> 
  custom:audio-decoder-ogg-vorbis: bf7c407c2cedff20999df2af8eb42d56 -> 
  custom:audio-encoder-webm-vorbis: bf7c407c2cedff20999df2af8eb42d56 -> 
========================================================================
Received Prepare
Begin MonoManager ReloadAssembly
- Loaded All Assemblies, in  0.667 seconds
Refreshing native plugins compatible for Editor in 4.45 ms, found 4 plugins.
Native extension for WindowsStandalone target not found
Mono: successfully reloaded assembly
- Finished resetting the current domain, in  0.593 seconds
Domain Reload Profiling:
	ReloadAssembly (195ms)
		BeginReloadAssembly (130ms)
			ExecutionOrderSort (0ms)
			DisableScriptedObjects (4ms)
			BackupInstance (0ms)
			ReleaseScriptingObjects (0ms)
			CreateAndSetChildDomain (37ms)
		LoadAllAssembliesAndSetupDomain (470ms)
			LoadAssemblies (236ms)
			RebuildTransferFunctionScriptingTraits (0ms)
			SetupTypeCache (291ms)
				TypeCache.Initialize (278ms)
					TypeCache.ScanAssembly (271ms)
				ResolveRequiredComponents (6ms)
		FinalizeReload (0ms)
			ReleaseScriptCaches (0ms)
			RebuildScriptCaches (0ms)
			SetupLoadedEditorAssemblies (287ms)
				LogAssemblyErrors (0ms)
				InitializePlatformSupportModulesInManaged (5ms)
				SetLoadedEditorAssemblies (2ms)
				RefreshPlugins (0ms)
				BeforeProcessingInitializeOnLoad (48ms)
				ProcessInitializeOnLoadAttributes (208ms)
				ProcessInitializeOnLoadMethodAttributes (18ms)
				AfterProcessingInitializeOnLoad (6ms)
				EditorAssembliesLoaded (0ms)
			ExecutionOrderSort2 (0ms)
			AwakeInstancesAfterBackupRestoration (4ms)
Refreshing native plugins compatible for Editor in 4.91 ms, found 4 plugins.
Preloading 1 native plugins for Editor in 0.03 ms.
Unloading 4658 Unused Serialized files (Serialized files now loaded: 0)
Unloading 39 unused Assets / (51.3 KB). Loaded Objects now: 5129.
Memory consumption went from 0.69 GB to 0.69 GB.
Total: 2.817700 ms (FindLiveObjects: 0.332800 ms CreateObjectMapping: 0.139000 ms MarkObjects: 2.252100 ms  DeleteObjects: 0.092800 ms)

Prepare: number of updated asset objects reloaded= 0
AssetImportParameters requested are different than current active one (requested -> active):
  custom:container-demuxer-ogg: 62fdf1f143b41e24485cea50d1cbac27 -> 
  custom:video-decoder-ogg-theora: a1e56fd34408186e4bbccfd4996cb3dc -> 
  custom:framework-win-MediaFoundation: 216162199b28c13a410421893ffa2e32 -> 
  custom:container-demuxer-webm: 4f35f7cbe854078d1ac9338744f61a02 -> 
  custom:container-muxer-webm: aa71ff27fc2769a1b78a27578f13a17b -> 
  custom:video-decoder-webm-vp8: 9c59270c3fd7afecdb556c50c9e8de78 -> 
  custom:SearchIndexIgnoredProperties: e643bd26f0fe6173181afceb89e7c659 -> 
  custom:AudioImporter_EditorPlatform: d09bf68614088b80899f8185d706f6e7 -> 
  custom:video-encoder-webm-vp8: eb34c28f22e8b96e1ab97ce403110664 -> 
  custom:audio-decoder-ogg-vorbis: bf7c407c2cedff20999df2af8eb42d56 -> 
  custom:audio-encoder-webm-vorbis: bf7c407c2cedff20999df2af8eb42d56 -> 
========================================================================
Received Prepare
Begin MonoManager ReloadAssembly
- Loaded All Assemblies, in  0.651 seconds
Refreshing native plugins compatible for Editor in 6.62 ms, found 4 plugins.
Native extension for WindowsStandalone target not found
Mono: successfully reloaded assembly
- Finished resetting the current domain, in  0.600 seconds
Domain Reload Profiling:
	ReloadAssembly (195ms)
		BeginReloadAssembly (124ms)
			ExecutionOrderSort (0ms)
			DisableScriptedObjects (4ms)
			BackupInstance (0ms)
			ReleaseScriptingObjects (0ms)
			CreateAndSetChildDomain (38ms)
		LoadAllAssembliesAndSetupDomain (454ms)
			LoadAssemblies (213ms)
			RebuildTransferFunctionScriptingTraits (0ms)
			SetupTypeCache (286ms)
				TypeCache.Initialize (270ms)
					TypeCache.ScanAssembly (263ms)
				ResolveRequiredComponents (8ms)
		FinalizeReload (0ms)
			ReleaseScriptCaches (0ms)
			RebuildScriptCaches (0ms)
			SetupLoadedEditorAssemblies (301ms)
				LogAssemblyErrors (0ms)
				InitializePlatformSupportModulesInManaged (5ms)
				SetLoadedEditorAssemblies (3ms)
				RefreshPlugins (0ms)
				BeforeProcessingInitializeOnLoad (49ms)
				ProcessInitializeOnLoadAttributes (216ms)
				ProcessInitializeOnLoadMethodAttributes (23ms)
				AfterProcessingInitializeOnLoad (6ms)
				EditorAssembliesLoaded (0ms)
			ExecutionOrderSort2 (0ms)
			AwakeInstancesAfterBackupRestoration (5ms)
Refreshing native plugins compatible for Editor in 3.65 ms, found 4 plugins.
Preloading 1 native plugins for Editor in 0.03 ms.
Unloading 4661 Unused Serialized files (Serialized files now loaded: 0)
Unloading 38 unused Assets / (51.8 KB). Loaded Objects now: 5135.
Memory consumption went from 0.69 GB to 0.69 GB.
Total: 2.653800 ms (FindLiveObjects: 0.306500 ms CreateObjectMapping: 0.133400 ms MarkObjects: 2.146400 ms  DeleteObjects: 0.066900 ms)

Prepare: number of updated asset objects reloaded= 0
AssetImportParameters requested are different than current active one (requested -> active):
  custom:container-demuxer-ogg: 62fdf1f143b41e24485cea50d1cbac27 -> 
  custom:video-decoder-ogg-theora: a1e56fd34408186e4bbccfd4996cb3dc -> 
  custom:framework-win-MediaFoundation: 216162199b28c13a410421893ffa2e32 -> 
  custom:container-demuxer-webm: 4f35f7cbe854078d1ac9338744f61a02 -> 
  custom:container-muxer-webm: aa71ff27fc2769a1b78a27578f13a17b -> 
  custom:video-decoder-webm-vp8: 9c59270c3fd7afecdb556c50c9e8de78 -> 
  custom:SearchIndexIgnoredProperties: e643bd26f0fe6173181afceb89e7c659 -> 
  custom:AudioImporter_EditorPlatform: d09bf68614088b80899f8185d706f6e7 -> 
  custom:video-encoder-webm-vp8: eb34c28f22e8b96e1ab97ce403110664 -> 
  custom:audio-decoder-ogg-vorbis: bf7c407c2cedff20999df2af8eb42d56 -> 
  custom:audio-encoder-webm-vorbis: bf7c407c2cedff20999df2af8eb42d56 -> 
========================================================================
Received Prepare
Begin MonoManager ReloadAssembly
- Loaded All Assemblies, in  0.597 seconds
Refreshing native plugins compatible for Editor in 4.49 ms, found 4 plugins.
Native extension for WindowsStandalone target not found
Mono: successfully reloaded assembly
- Finished resetting the current domain, in  0.656 seconds
Domain Reload Profiling:
	ReloadAssembly (177ms)
		BeginReloadAssembly (112ms)
			ExecutionOrderSort (0ms)
			DisableScriptedObjects (4ms)
			BackupInstance (0ms)
			ReleaseScriptingObjects (0ms)
			CreateAndSetChildDomain (34ms)
		LoadAllAssembliesAndSetupDomain (418ms)
			LoadAssemblies (204ms)
			RebuildTransferFunctionScriptingTraits (0ms)
			SetupTypeCache (257ms)
				TypeCache.Initialize (251ms)
					TypeCache.ScanAssembly (245ms)
				ResolveRequiredComponents (5ms)
		FinalizeReload (0ms)
			ReleaseScriptCaches (0ms)
			RebuildScriptCaches (0ms)
			SetupLoadedEditorAssemblies (319ms)
				LogAssemblyErrors (0ms)
				InitializePlatformSupportModulesInManaged (6ms)
				SetLoadedEditorAssemblies (3ms)
				RefreshPlugins (0ms)
				BeforeProcessingInitializeOnLoad (53ms)
				ProcessInitializeOnLoadAttributes (228ms)
				ProcessInitializeOnLoadMethodAttributes (22ms)
				AfterProcessingInitializeOnLoad (6ms)
				EditorAssembliesLoaded (0ms)
			ExecutionOrderSort2 (0ms)
			AwakeInstancesAfterBackupRestoration (5ms)
Refreshing native plugins compatible for Editor in 5.81 ms, found 4 plugins.
Preloading 1 native plugins for Editor in 0.04 ms.
Unloading 4661 Unused Serialized files (Serialized files now loaded: 0)
Unloading 38 unused Assets / (50.9 KB). Loaded Objects now: 5138.
Memory consumption went from 0.69 GB to 0.69 GB.
Total: 2.929000 ms (FindLiveObjects: 0.327200 ms CreateObjectMapping: 0.144400 ms MarkObjects: 2.398300 ms  DeleteObjects: 0.058000 ms)

Prepare: number of updated asset objects reloaded= 0
AssetImportParameters requested are different than current active one (requested -> active):
  custom:container-demuxer-ogg: 62fdf1f143b41e24485cea50d1cbac27 -> 
  custom:video-decoder-ogg-theora: a1e56fd34408186e4bbccfd4996cb3dc -> 
  custom:framework-win-MediaFoundation: 216162199b28c13a410421893ffa2e32 -> 
  custom:container-demuxer-webm: 4f35f7cbe854078d1ac9338744f61a02 -> 
  custom:container-muxer-webm: aa71ff27fc2769a1b78a27578f13a17b -> 
  custom:video-decoder-webm-vp8: 9c59270c3fd7afecdb556c50c9e8de78 -> 
  custom:SearchIndexIgnoredProperties: e643bd26f0fe6173181afceb89e7c659 -> 
  custom:AudioImporter_EditorPlatform: d09bf68614088b80899f8185d706f6e7 -> 
  custom:video-encoder-webm-vp8: eb34c28f22e8b96e1ab97ce403110664 -> 
  custom:audio-decoder-ogg-vorbis: bf7c407c2cedff20999df2af8eb42d56 -> 
  custom:audio-encoder-webm-vorbis: bf7c407c2cedff20999df2af8eb42d56 -> 
========================================================================
Received Prepare
Begin MonoManager ReloadAssembly
- Loaded All Assemblies, in  0.620 seconds
Refreshing native plugins compatible for Editor in 6.02 ms, found 4 plugins.
Native extension for WindowsStandalone target not found
Mono: successfully reloaded assembly
- Finished resetting the current domain, in  0.581 seconds
Domain Reload Profiling:
	ReloadAssembly (176ms)
		BeginReloadAssembly (115ms)
			ExecutionOrderSort (0ms)
			DisableScriptedObjects (5ms)
			BackupInstance (0ms)
			ReleaseScriptingObjects (0ms)
			CreateAndSetChildDomain (36ms)
		LoadAllAssembliesAndSetupDomain (441ms)
			LoadAssemblies (203ms)
			RebuildTransferFunctionScriptingTraits (0ms)
			SetupTypeCache (282ms)
				TypeCache.Initialize (269ms)
					TypeCache.ScanAssembly (262ms)
				ResolveRequiredComponents (6ms)
		FinalizeReload (0ms)
			ReleaseScriptCaches (0ms)
			RebuildScriptCaches (0ms)
			SetupLoadedEditorAssemblies (271ms)
				LogAssemblyErrors (0ms)
				InitializePlatformSupportModulesInManaged (5ms)
				SetLoadedEditorAssemblies (2ms)
				RefreshPlugins (0ms)
				BeforeProcessingInitializeOnLoad (49ms)
				ProcessInitializeOnLoadAttributes (192ms)
				ProcessInitializeOnLoadMethodAttributes (18ms)
				AfterProcessingInitializeOnLoad (6ms)
				EditorAssembliesLoaded (0ms)
			ExecutionOrderSort2 (0ms)
			AwakeInstancesAfterBackupRestoration (4ms)
Refreshing native plugins compatible for Editor in 3.65 ms, found 4 plugins.
Preloading 1 native plugins for Editor in 0.03 ms.
Unloading 4661 Unused Serialized files (Serialized files now loaded: 0)
Unloading 38 unused Assets / (50.8 KB). Loaded Objects now: 5141.
Memory consumption went from 0.69 GB to 0.69 GB.
Total: 2.823200 ms (FindLiveObjects: 0.298900 ms CreateObjectMapping: 0.141500 ms MarkObjects: 2.314400 ms  DeleteObjects: 0.067600 ms)

Prepare: number of updated asset objects reloaded= 0
AssetImportParameters requested are different than current active one (requested -> active):
  custom:container-demuxer-ogg: 62fdf1f143b41e24485cea50d1cbac27 -> 
  custom:video-decoder-ogg-theora: a1e56fd34408186e4bbccfd4996cb3dc -> 
  custom:framework-win-MediaFoundation: 216162199b28c13a410421893ffa2e32 -> 
  custom:container-demuxer-webm: 4f35f7cbe854078d1ac9338744f61a02 -> 
  custom:container-muxer-webm: aa71ff27fc2769a1b78a27578f13a17b -> 
  custom:video-decoder-webm-vp8: 9c59270c3fd7afecdb556c50c9e8de78 -> 
  custom:SearchIndexIgnoredProperties: e643bd26f0fe6173181afceb89e7c659 -> 
  custom:AudioImporter_EditorPlatform: d09bf68614088b80899f8185d706f6e7 -> 
  custom:video-encoder-webm-vp8: eb34c28f22e8b96e1ab97ce403110664 -> 
  custom:audio-decoder-ogg-vorbis: bf7c407c2cedff20999df2af8eb42d56 -> 
  custom:audio-encoder-webm-vorbis: bf7c407c2cedff20999df2af8eb42d56 -> 
========================================================================
Received Prepare
Begin MonoManager ReloadAssembly
- Loaded All Assemblies, in  0.585 seconds
Refreshing native plugins compatible for Editor in 5.02 ms, found 4 plugins.
Native extension for WindowsStandalone target not found
Mono: successfully reloaded assembly
- Finished resetting the current domain, in  0.588 seconds
Domain Reload Profiling:
	ReloadAssembly (181ms)
		BeginReloadAssembly (115ms)
			ExecutionOrderSort (0ms)
			DisableScriptedObjects (4ms)
			BackupInstance (0ms)
			ReleaseScriptingObjects (0ms)
			CreateAndSetChildDomain (38ms)
		LoadAllAssembliesAndSetupDomain (402ms)
			LoadAssemblies (193ms)
			RebuildTransferFunctionScriptingTraits (0ms)
			SetupTypeCache (247ms)
				TypeCache.Initialize (237ms)
					TypeCache.ScanAssembly (230ms)
				ResolveRequiredComponents (4ms)
		FinalizeReload (0ms)
			ReleaseScriptCaches (0ms)
			RebuildScriptCaches (0ms)
			SetupLoadedEditorAssemblies (281ms)
				LogAssemblyErrors (0ms)
				InitializePlatformSupportModulesInManaged (5ms)
				SetLoadedEditorAssemblies (3ms)
				RefreshPlugins (0ms)
				BeforeProcessingInitializeOnLoad (47ms)
				ProcessInitializeOnLoadAttributes (202ms)
				ProcessInitializeOnLoadMethodAttributes (18ms)
				AfterProcessingInitializeOnLoad (6ms)
				EditorAssembliesLoaded (0ms)
			ExecutionOrderSort2 (0ms)
			AwakeInstancesAfterBackupRestoration (4ms)
Refreshing native plugins compatible for Editor in 3.73 ms, found 4 plugins.
Preloading 1 native plugins for Editor in 0.03 ms.
Unloading 4661 Unused Serialized files (Serialized files now loaded: 0)
Unloading 38 unused Assets / (51.8 KB). Loaded Objects now: 5144.
Memory consumption went from 0.69 GB to 0.69 GB.
Total: 2.799500 ms (FindLiveObjects: 0.299600 ms CreateObjectMapping: 0.139600 ms MarkObjects: 2.291700 ms  DeleteObjects: 0.067800 ms)

Prepare: number of updated asset objects reloaded= 0
AssetImportParameters requested are different than current active one (requested -> active):
  custom:container-demuxer-ogg: 62fdf1f143b41e24485cea50d1cbac27 -> 
  custom:video-decoder-ogg-theora: a1e56fd34408186e4bbccfd4996cb3dc -> 
  custom:framework-win-MediaFoundation: 216162199b28c13a410421893ffa2e32 -> 
  custom:container-demuxer-webm: 4f35f7cbe854078d1ac9338744f61a02 -> 
  custom:container-muxer-webm: aa71ff27fc2769a1b78a27578f13a17b -> 
  custom:video-decoder-webm-vp8: 9c59270c3fd7afecdb556c50c9e8de78 -> 
  custom:SearchIndexIgnoredProperties: e643bd26f0fe6173181afceb89e7c659 -> 
  custom:AudioImporter_EditorPlatform: d09bf68614088b80899f8185d706f6e7 -> 
  custom:video-encoder-webm-vp8: eb34c28f22e8b96e1ab97ce403110664 -> 
  custom:audio-decoder-ogg-vorbis: bf7c407c2cedff20999df2af8eb42d56 -> 
  custom:audio-encoder-webm-vorbis: bf7c407c2cedff20999df2af8eb42d56 -> 
========================================================================
Received Prepare
Begin MonoManager ReloadAssembly
- Loaded All Assemblies, in  0.642 seconds
Refreshing native plugins compatible for Editor in 5.18 ms, found 4 plugins.
Native extension for WindowsStandalone target not found
Mono: successfully reloaded assembly
- Finished resetting the current domain, in  0.634 seconds
Domain Reload Profiling:
	ReloadAssembly (194ms)
		BeginReloadAssembly (124ms)
			ExecutionOrderSort (0ms)
			DisableScriptedObjects (4ms)
			BackupInstance (0ms)
			ReleaseScriptingObjects (0ms)
			CreateAndSetChildDomain (40ms)
		LoadAllAssembliesAndSetupDomain (446ms)
			LoadAssemblies (212ms)
			RebuildTransferFunctionScriptingTraits (0ms)
			SetupTypeCache (279ms)
				TypeCache.Initialize (266ms)
					TypeCache.ScanAssembly (259ms)
				ResolveRequiredComponents (4ms)
		FinalizeReload (0ms)
			ReleaseScriptCaches (0ms)
			RebuildScriptCaches (0ms)
			SetupLoadedEditorAssemblies (299ms)
				LogAssemblyErrors (0ms)
				InitializePlatformSupportModulesInManaged (5ms)
				SetLoadedEditorAssemblies (3ms)
				RefreshPlugins (0ms)
				BeforeProcessingInitializeOnLoad (56ms)
				ProcessInitializeOnLoadAttributes (210ms)
				ProcessInitializeOnLoadMethodAttributes (19ms)
				AfterProcessingInitializeOnLoad (6ms)
				EditorAssembliesLoaded (0ms)
			ExecutionOrderSort2 (0ms)
			AwakeInstancesAfterBackupRestoration (5ms)
Refreshing native plugins compatible for Editor in 3.76 ms, found 4 plugins.
Preloading 1 native plugins for Editor in 0.03 ms.
Unloading 4662 Unused Serialized files (Serialized files now loaded: 0)
Unloading 40 unused Assets / (51.8 KB). Loaded Objects now: 5148.
Memory consumption went from 0.69 GB to 0.69 GB.
Total: 2.704700 ms (FindLiveObjects: 0.302700 ms CreateObjectMapping: 0.133100 ms MarkObjects: 2.202600 ms  DeleteObjects: 0.065300 ms)

Prepare: number of updated asset objects reloaded= 0
AssetImportParameters requested are different than current active one (requested -> active):
  custom:container-demuxer-ogg: 62fdf1f143b41e24485cea50d1cbac27 -> 
  custom:video-decoder-ogg-theora: a1e56fd34408186e4bbccfd4996cb3dc -> 
  custom:framework-win-MediaFoundation: 216162199b28c13a410421893ffa2e32 -> 
  custom:container-demuxer-webm: 4f35f7cbe854078d1ac9338744f61a02 -> 
  custom:container-muxer-webm: aa71ff27fc2769a1b78a27578f13a17b -> 
  custom:video-decoder-webm-vp8: 9c59270c3fd7afecdb556c50c9e8de78 -> 
  custom:SearchIndexIgnoredProperties: e643bd26f0fe6173181afceb89e7c659 -> 
  custom:AudioImporter_EditorPlatform: d09bf68614088b80899f8185d706f6e7 -> 
  custom:video-encoder-webm-vp8: eb34c28f22e8b96e1ab97ce403110664 -> 
  custom:audio-decoder-ogg-vorbis: bf7c407c2cedff20999df2af8eb42d56 -> 
  custom:audio-encoder-webm-vorbis: bf7c407c2cedff20999df2af8eb42d56 -> 
========================================================================
Received Prepare
Begin MonoManager ReloadAssembly
- Loaded All Assemblies, in  0.629 seconds
Refreshing native plugins compatible for Editor in 3.79 ms, found 4 plugins.
Native extension for WindowsStandalone target not found
Mono: successfully reloaded assembly
- Finished resetting the current domain, in  0.606 seconds
Domain Reload Profiling:
	ReloadAssembly (182ms)
		BeginReloadAssembly (118ms)
			ExecutionOrderSort (0ms)
			DisableScriptedObjects (4ms)
			BackupInstance (0ms)
			ReleaseScriptingObjects (0ms)
			CreateAndSetChildDomain (39ms)
		LoadAllAssembliesAndSetupDomain (445ms)
			LoadAssemblies (205ms)
			RebuildTransferFunctionScriptingTraits (0ms)
			SetupTypeCache (284ms)
				TypeCache.Initialize (272ms)
					TypeCache.ScanAssembly (265ms)
				ResolveRequiredComponents (5ms)
		FinalizeReload (0ms)
			ReleaseScriptCaches (0ms)
			RebuildScriptCaches (0ms)
			SetupLoadedEditorAssemblies (279ms)
				LogAssemblyErrors (0ms)
				InitializePlatformSupportModulesInManaged (5ms)
				SetLoadedEditorAssemblies (2ms)
				RefreshPlugins (0ms)
				BeforeProcessingInitializeOnLoad (50ms)
				ProcessInitializeOnLoadAttributes (196ms)
				ProcessInitializeOnLoadMethodAttributes (18ms)
				AfterProcessingInitializeOnLoad (8ms)
				EditorAssembliesLoaded (0ms)
			ExecutionOrderSort2 (0ms)
			AwakeInstancesAfterBackupRestoration (5ms)
Refreshing native plugins compatible for Editor in 4.47 ms, found 4 plugins.
Preloading 1 native plugins for Editor in 0.03 ms.
Unloading 4662 Unused Serialized files (Serialized files now loaded: 0)
Unloading 38 unused Assets / (50.8 KB). Loaded Objects now: 5151.
Memory consumption went from 0.69 GB to 0.69 GB.
Total: 2.858800 ms (FindLiveObjects: 0.321300 ms CreateObjectMapping: 0.131300 ms MarkObjects: 2.342500 ms  DeleteObjects: 0.062700 ms)

Prepare: number of updated asset objects reloaded= 0
AssetImportParameters requested are different than current active one (requested -> active):
  custom:container-demuxer-ogg: 62fdf1f143b41e24485cea50d1cbac27 -> 
  custom:video-decoder-ogg-theora: a1e56fd34408186e4bbccfd4996cb3dc -> 
  custom:framework-win-MediaFoundation: 216162199b28c13a410421893ffa2e32 -> 
  custom:container-demuxer-webm: 4f35f7cbe854078d1ac9338744f61a02 -> 
  custom:container-muxer-webm: aa71ff27fc2769a1b78a27578f13a17b -> 
  custom:video-decoder-webm-vp8: 9c59270c3fd7afecdb556c50c9e8de78 -> 
  custom:SearchIndexIgnoredProperties: e643bd26f0fe6173181afceb89e7c659 -> 
  custom:AudioImporter_EditorPlatform: d09bf68614088b80899f8185d706f6e7 -> 
  custom:video-encoder-webm-vp8: eb34c28f22e8b96e1ab97ce403110664 -> 
  custom:audio-decoder-ogg-vorbis: bf7c407c2cedff20999df2af8eb42d56 -> 
  custom:audio-encoder-webm-vorbis: bf7c407c2cedff20999df2af8eb42d56 -> 
========================================================================
Received Prepare
Begin MonoManager ReloadAssembly
- Loaded All Assemblies, in  0.654 seconds
Refreshing native plugins compatible for Editor in 3.89 ms, found 4 plugins.
Native extension for WindowsStandalone target not found
Mono: successfully reloaded assembly
- Finished resetting the current domain, in  0.595 seconds
Domain Reload Profiling:
	ReloadAssembly (194ms)
		BeginReloadAssembly (115ms)
			ExecutionOrderSort (0ms)
			DisableScriptedObjects (5ms)
			BackupInstance (0ms)
			ReleaseScriptingObjects (0ms)
			CreateAndSetChildDomain (35ms)
		LoadAllAssembliesAndSetupDomain (459ms)
			LoadAssemblies (222ms)
			RebuildTransferFunctionScriptingTraits (0ms)
			SetupTypeCache (279ms)
				TypeCache.Initialize (266ms)
					TypeCache.ScanAssembly (259ms)
				ResolveRequiredComponents (5ms)
		FinalizeReload (0ms)
			ReleaseScriptCaches (0ms)
			RebuildScriptCaches (0ms)
			SetupLoadedEditorAssemblies (291ms)
				LogAssemblyErrors (0ms)
				InitializePlatformSupportModulesInManaged (5ms)
				SetLoadedEditorAssemblies (2ms)
				RefreshPlugins (0ms)
				BeforeProcessingInitializeOnLoad (47ms)
				ProcessInitializeOnLoadAttributes (211ms)
				ProcessInitializeOnLoadMethodAttributes (19ms)
				AfterProcessingInitializeOnLoad (6ms)
				EditorAssembliesLoaded (0ms)
			ExecutionOrderSort2 (0ms)
			AwakeInstancesAfterBackupRestoration (5ms)
Refreshing native plugins compatible for Editor in 4.39 ms, found 4 plugins.
Preloading 1 native plugins for Editor in 0.03 ms.
Unloading 4661 Unused Serialized files (Serialized files now loaded: 0)
Unloading 39 unused Assets / (52.3 KB). Loaded Objects now: 5153.
Memory consumption went from 0.69 GB to 0.69 GB.
Total: 3.061100 ms (FindLiveObjects: 0.298400 ms CreateObjectMapping: 0.129600 ms MarkObjects: 2.561000 ms  DeleteObjects: 0.071100 ms)

Prepare: number of updated asset objects reloaded= 0
AssetImportParameters requested are different than current active one (requested -> active):
  custom:container-demuxer-ogg: 62fdf1f143b41e24485cea50d1cbac27 -> 
  custom:video-decoder-ogg-theora: a1e56fd34408186e4bbccfd4996cb3dc -> 
  custom:framework-win-MediaFoundation: 216162199b28c13a410421893ffa2e32 -> 
  custom:container-demuxer-webm: 4f35f7cbe854078d1ac9338744f61a02 -> 
  custom:container-muxer-webm: aa71ff27fc2769a1b78a27578f13a17b -> 
  custom:video-decoder-webm-vp8: 9c59270c3fd7afecdb556c50c9e8de78 -> 
  custom:SearchIndexIgnoredProperties: e643bd26f0fe6173181afceb89e7c659 -> 
  custom:AudioImporter_EditorPlatform: d09bf68614088b80899f8185d706f6e7 -> 
  custom:video-encoder-webm-vp8: eb34c28f22e8b96e1ab97ce403110664 -> 
  custom:audio-decoder-ogg-vorbis: bf7c407c2cedff20999df2af8eb42d56 -> 
  custom:audio-encoder-webm-vorbis: bf7c407c2cedff20999df2af8eb42d56 -> 
========================================================================
Received Prepare
Begin MonoManager ReloadAssembly
- Loaded All Assemblies, in  0.594 seconds
Refreshing native plugins compatible for Editor in 4.36 ms, found 4 plugins.
Native extension for WindowsStandalone target not found
Mono: successfully reloaded assembly
- Finished resetting the current domain, in  0.596 seconds
Domain Reload Profiling:
	ReloadAssembly (171ms)
		BeginReloadAssembly (112ms)
			ExecutionOrderSort (0ms)
			DisableScriptedObjects (4ms)
			BackupInstance (0ms)
			ReleaseScriptingObjects (0ms)
			CreateAndSetChildDomain (34ms)
		LoadAllAssembliesAndSetupDomain (421ms)
			LoadAssemblies (199ms)
			RebuildTransferFunctionScriptingTraits (0ms)
			SetupTypeCache (263ms)
				TypeCache.Initialize (253ms)
					TypeCache.ScanAssembly (246ms)
				ResolveRequiredComponents (4ms)
		FinalizeReload (0ms)
			ReleaseScriptCaches (0ms)
			RebuildScriptCaches (0ms)
			SetupLoadedEditorAssemblies (296ms)
				LogAssemblyErrors (0ms)
				InitializePlatformSupportModulesInManaged (5ms)
				SetLoadedEditorAssemblies (4ms)
				RefreshPlugins (0ms)
				BeforeProcessingInitializeOnLoad (52ms)
				ProcessInitializeOnLoadAttributes (211ms)
				ProcessInitializeOnLoadMethodAttributes (18ms)
				AfterProcessingInitializeOnLoad (6ms)
				EditorAssembliesLoaded (0ms)
			ExecutionOrderSort2 (0ms)
			AwakeInstancesAfterBackupRestoration (5ms)
Refreshing native plugins compatible for Editor in 3.61 ms, found 4 plugins.
Preloading 1 native plugins for Editor in 0.03 ms.
Unloading 4661 Unused Serialized files (Serialized files now loaded: 0)
Unloading 38 unused Assets / (50.8 KB). Loaded Objects now: 5156.
Memory consumption went from 0.69 GB to 0.69 GB.
Total: 2.835400 ms (FindLiveObjects: 0.310700 ms CreateObjectMapping: 0.129100 ms MarkObjects: 2.285600 ms  DeleteObjects: 0.108900 ms)

Prepare: number of updated asset objects reloaded= 0
AssetImportParameters requested are different than current active one (requested -> active):
  custom:container-demuxer-ogg: 62fdf1f143b41e24485cea50d1cbac27 -> 
  custom:video-decoder-ogg-theora: a1e56fd34408186e4bbccfd4996cb3dc -> 
  custom:framework-win-MediaFoundation: 216162199b28c13a410421893ffa2e32 -> 
  custom:container-demuxer-webm: 4f35f7cbe854078d1ac9338744f61a02 -> 
  custom:container-muxer-webm: aa71ff27fc2769a1b78a27578f13a17b -> 
  custom:video-decoder-webm-vp8: 9c59270c3fd7afecdb556c50c9e8de78 -> 
  custom:SearchIndexIgnoredProperties: e643bd26f0fe6173181afceb89e7c659 -> 
  custom:AudioImporter_EditorPlatform: d09bf68614088b80899f8185d706f6e7 -> 
  custom:video-encoder-webm-vp8: eb34c28f22e8b96e1ab97ce403110664 -> 
  custom:audio-decoder-ogg-vorbis: bf7c407c2cedff20999df2af8eb42d56 -> 
  custom:audio-encoder-webm-vorbis: bf7c407c2cedff20999df2af8eb42d56 -> 
========================================================================
Received Import Request.
  Time since last request: 5567.245097 seconds.
  path: Assets/Modules/Solar System/Views/SolarSystem.xaml
  artifactKey: Guid(8d97c528e8c3fae46a13c195f5824bc2) Importer(815301076,1909f56bfc062723c751e8b465ee728b)
Start importing Assets/Modules/Solar System/Views/SolarSystem.xaml using Guid(8d97c528e8c3fae46a13c195f5824bc2) Importer(815301076,1909f56bfc062723c751e8b465ee728b)  -> (artifact id: '497bf9b8c71b74b829f5f9046ed3a7b2') in 0.197449 seconds 
Number of updated asset objects reloaded before import = 0
Number of asset objects unloaded after import = 10
========================================================================
Received Prepare
Begin MonoManager ReloadAssembly
- Loaded All Assemblies, in  0.655 seconds
Refreshing native plugins compatible for Editor in 4.78 ms, found 4 plugins.
Native extension for WindowsStandalone target not found
Mono: successfully reloaded assembly
- Finished resetting the current domain, in  0.581 seconds
Domain Reload Profiling:
	ReloadAssembly (205ms)
		BeginReloadAssembly (137ms)
			ExecutionOrderSort (0ms)
			DisableScriptedObjects (4ms)
			BackupInstance (0ms)
			ReleaseScriptingObjects (0ms)
			CreateAndSetChildDomain (53ms)
		LoadAllAssembliesAndSetupDomain (449ms)
			LoadAssemblies (206ms)
			RebuildTransferFunctionScriptingTraits (0ms)
			SetupTypeCache (291ms)
				TypeCache.Initialize (280ms)
					TypeCache.ScanAssembly (273ms)
				ResolveRequiredComponents (4ms)
		FinalizeReload (0ms)
			ReleaseScriptCaches (0ms)
			RebuildScriptCaches (0ms)
			SetupLoadedEditorAssemblies (284ms)
				LogAssemblyErrors (0ms)
				InitializePlatformSupportModulesInManaged (5ms)
				SetLoadedEditorAssemblies (3ms)
				RefreshPlugins (0ms)
				BeforeProcessingInitializeOnLoad (48ms)
				ProcessInitializeOnLoadAttributes (204ms)
				ProcessInitializeOnLoadMethodAttributes (19ms)
				AfterProcessingInitializeOnLoad (6ms)
				EditorAssembliesLoaded (0ms)
			ExecutionOrderSort2 (0ms)
			AwakeInstancesAfterBackupRestoration (5ms)
Refreshing native plugins compatible for Editor in 4.02 ms, found 4 plugins.
Preloading 1 native plugins for Editor in 0.03 ms.
Unloading 4659 Unused Serialized files (Serialized files now loaded: 0)
Unloading 39 unused Assets / (44.0 KB). Loaded Objects now: 5159.
Memory consumption went from 0.69 GB to 0.69 GB.
Total: 2.870500 ms (FindLiveObjects: 0.341900 ms CreateObjectMapping: 0.189400 ms MarkObjects: 2.249900 ms  DeleteObjects: 0.088600 ms)

Prepare: number of updated asset objects reloaded= 0
AssetImportParameters requested are different than current active one (requested -> active):
  custom:container-demuxer-ogg: 62fdf1f143b41e24485cea50d1cbac27 -> 
  custom:video-decoder-ogg-theora: a1e56fd34408186e4bbccfd4996cb3dc -> 
  custom:framework-win-MediaFoundation: 216162199b28c13a410421893ffa2e32 -> 
  custom:container-demuxer-webm: 4f35f7cbe854078d1ac9338744f61a02 -> 
  custom:container-muxer-webm: aa71ff27fc2769a1b78a27578f13a17b -> 
  custom:video-decoder-webm-vp8: 9c59270c3fd7afecdb556c50c9e8de78 -> 
  custom:SearchIndexIgnoredProperties: e643bd26f0fe6173181afceb89e7c659 -> 
  custom:AudioImporter_EditorPlatform: d09bf68614088b80899f8185d706f6e7 -> 
  custom:video-encoder-webm-vp8: eb34c28f22e8b96e1ab97ce403110664 -> 
  custom:audio-decoder-ogg-vorbis: bf7c407c2cedff20999df2af8eb42d56 -> 
  custom:audio-encoder-webm-vorbis: bf7c407c2cedff20999df2af8eb42d56 -> 
========================================================================
Received Prepare
Begin MonoManager ReloadAssembly
- Loaded All Assemblies, in  0.632 seconds
Refreshing native plugins compatible for Editor in 4.15 ms, found 4 plugins.
Native extension for WindowsStandalone target not found
Mono: successfully reloaded assembly
- Finished resetting the current domain, in  0.568 seconds
Domain Reload Profiling:
	ReloadAssembly (173ms)
		BeginReloadAssembly (112ms)
			ExecutionOrderSort (0ms)
			DisableScriptedObjects (4ms)
			BackupInstance (0ms)
			ReleaseScriptingObjects (0ms)
			CreateAndSetChildDomain (35ms)
		LoadAllAssembliesAndSetupDomain (458ms)
			LoadAssemblies (212ms)
			RebuildTransferFunctionScriptingTraits (0ms)
			SetupTypeCache (287ms)
				TypeCache.Initialize (275ms)
					TypeCache.ScanAssembly (268ms)
				ResolveRequiredComponents (5ms)
		FinalizeReload (0ms)
			ReleaseScriptCaches (0ms)
			RebuildScriptCaches (0ms)
			SetupLoadedEditorAssemblies (277ms)
				LogAssemblyErrors (0ms)
				InitializePlatformSupportModulesInManaged (5ms)
				SetLoadedEditorAssemblies (3ms)
				RefreshPlugins (0ms)
				BeforeProcessingInitializeOnLoad (49ms)
				ProcessInitializeOnLoadAttributes (192ms)
				ProcessInitializeOnLoadMethodAttributes (22ms)
				AfterProcessingInitializeOnLoad (7ms)
				EditorAssembliesLoaded (0ms)
			ExecutionOrderSort2 (0ms)
			AwakeInstancesAfterBackupRestoration (5ms)
Refreshing native plugins compatible for Editor in 3.76 ms, found 4 plugins.
Preloading 1 native plugins for Editor in 0.03 ms.
Unloading 4659 Unused Serialized files (Serialized files now loaded: 0)
Unloading 39 unused Assets / (52.3 KB). Loaded Objects now: 5161.
Memory consumption went from 0.69 GB to 0.69 GB.
Total: 2.838000 ms (FindLiveObjects: 0.288300 ms CreateObjectMapping: 0.155100 ms MarkObjects: 2.297300 ms  DeleteObjects: 0.095800 ms)

Prepare: number of updated asset objects reloaded= 0
AssetImportParameters requested are different than current active one (requested -> active):
  custom:container-demuxer-ogg: 62fdf1f143b41e24485cea50d1cbac27 -> 
  custom:video-decoder-ogg-theora: a1e56fd34408186e4bbccfd4996cb3dc -> 
  custom:framework-win-MediaFoundation: 216162199b28c13a410421893ffa2e32 -> 
  custom:container-demuxer-webm: 4f35f7cbe854078d1ac9338744f61a02 -> 
  custom:container-muxer-webm: aa71ff27fc2769a1b78a27578f13a17b -> 
  custom:video-decoder-webm-vp8: 9c59270c3fd7afecdb556c50c9e8de78 -> 
  custom:SearchIndexIgnoredProperties: e643bd26f0fe6173181afceb89e7c659 -> 
  custom:AudioImporter_EditorPlatform: d09bf68614088b80899f8185d706f6e7 -> 
  custom:video-encoder-webm-vp8: eb34c28f22e8b96e1ab97ce403110664 -> 
  custom:audio-decoder-ogg-vorbis: bf7c407c2cedff20999df2af8eb42d56 -> 
  custom:audio-encoder-webm-vorbis: bf7c407c2cedff20999df2af8eb42d56 -> 
